[2024-06-11T22:41:15.277+0000] {taskinstance.py:1165} INFO - Dependencies all met for <TaskInstance: example_dag_with_callback.task5 manual__2024-06-11T22:41:09.627782+00:00 [queued]>
[2024-06-11T22:41:15.281+0000] {taskinstance.py:1165} INFO - Dependencies all met for <TaskInstance: example_dag_with_callback.task5 manual__2024-06-11T22:41:09.627782+00:00 [queued]>
[2024-06-11T22:41:15.281+0000] {taskinstance.py:1362} INFO - 
--------------------------------------------------------------------------------
[2024-06-11T22:41:15.281+0000] {taskinstance.py:1363} INFO - Starting attempt 1 of 1
[2024-06-11T22:41:15.282+0000] {taskinstance.py:1364} INFO - 
--------------------------------------------------------------------------------
[2024-06-11T22:41:15.290+0000] {taskinstance.py:1383} INFO - Executing <Task(PythonOperator): task5> on 2024-06-11 22:41:09.627782+00:00
[2024-06-11T22:41:15.293+0000] {standard_task_runner.py:55} INFO - Started process 3824 to run task
[2024-06-11T22:41:15.295+0000] {standard_task_runner.py:82} INFO - Running: ['***', 'tasks', 'run', 'example_dag_with_callback', 'task5', 'manual__2024-06-11T22:41:09.627782+00:00', '--job-id', '231', '--raw', '--subdir', 'DAGS_FOLDER/example_dag_with_callback.py', '--cfg-path', '/tmp/tmp3tvjx5vy']
[2024-06-11T22:41:15.295+0000] {standard_task_runner.py:83} INFO - Job 231: Subtask task5
[2024-06-11T22:41:15.325+0000] {task_command.py:376} INFO - Running <TaskInstance: example_dag_with_callback.task5 manual__2024-06-11T22:41:09.627782+00:00 [running]> on host 91b1d49ba724
[2024-06-11T22:41:15.361+0000] {taskinstance.py:1592} INFO - Exporting the following env vars:
AIRFLOW_CTX_DAG_OWNER=***
AIRFLOW_CTX_DAG_ID=example_dag_with_callback
AIRFLOW_CTX_TASK_ID=task5
AIRFLOW_CTX_EXECUTION_DATE=2024-06-11T22:41:09.627782+00:00
AIRFLOW_CTX_TRY_NUMBER=1
AIRFLOW_CTX_DAG_RUN_ID=manual__2024-06-11T22:41:09.627782+00:00
[2024-06-11T22:41:15.361+0000] {logging_mixin.py:120} INFO - Task 5 is completed
[2024-06-11T22:41:15.387+0000] {local_task_job.py:164} INFO - Task exited with return code 1
[2024-06-11T22:41:15.397+0000] {local_task_job.py:273} INFO - 0 downstream tasks scheduled from follow-on schedule check
