[2024-06-22T15:20:25.007+0000] {taskinstance.py:1165} INFO - Dependencies all met for <TaskInstance: dynamic_tasks_dag.task_6 scheduled__2024-01-23T00:00:00+00:00 [queued]>
[2024-06-22T15:20:25.039+0000] {taskinstance.py:1165} INFO - Dependencies all met for <TaskInstance: dynamic_tasks_dag.task_6 scheduled__2024-01-23T00:00:00+00:00 [queued]>
[2024-06-22T15:20:25.045+0000] {taskinstance.py:1362} INFO - 
--------------------------------------------------------------------------------
[2024-06-22T15:20:25.049+0000] {taskinstance.py:1363} INFO - Starting attempt 1 of 2
[2024-06-22T15:20:25.049+0000] {taskinstance.py:1364} INFO - 
--------------------------------------------------------------------------------
[2024-06-22T15:20:25.081+0000] {taskinstance.py:1383} INFO - Executing <Task(BashOperator): task_6> on 2024-01-23 00:00:00+00:00
[2024-06-22T15:20:25.092+0000] {standard_task_runner.py:55} INFO - Started process 1172 to run task
[2024-06-22T15:20:25.120+0000] {standard_task_runner.py:82} INFO - Running: ['***', 'tasks', 'run', 'dynamic_tasks_dag', 'task_6', 'scheduled__2024-01-23T00:00:00+00:00', '--job-id', '610', '--raw', '--subdir', 'DAGS_FOLDER/dynamic_tasks.py', '--cfg-path', '/tmp/tmpstuvyang']
[2024-06-22T15:20:25.132+0000] {standard_task_runner.py:83} INFO - Job 610: Subtask task_6
[2024-06-22T15:20:25.332+0000] {task_command.py:376} INFO - Running <TaskInstance: dynamic_tasks_dag.task_6 scheduled__2024-01-23T00:00:00+00:00 [running]> on host 5f0aa929f7fe
[2024-06-22T15:20:25.519+0000] {taskinstance.py:1592} INFO - Exporting the following env vars:
AIRFLOW_CTX_DAG_OWNER=***
AIRFLOW_CTX_DAG_ID=dynamic_tasks_dag
AIRFLOW_CTX_TASK_ID=task_6
AIRFLOW_CTX_EXECUTION_DATE=2024-01-23T00:00:00+00:00
AIRFLOW_CTX_TRY_NUMBER=1
AIRFLOW_CTX_DAG_RUN_ID=scheduled__2024-01-23T00:00:00+00:00
[2024-06-22T15:20:25.526+0000] {subprocess.py:63} INFO - Tmp dir root location: 
 /tmp
[2024-06-22T15:20:25.527+0000] {subprocess.py:75} INFO - Running command: ['/bin/bash', '-c', "echo 'This is task 6'"]
[2024-06-22T15:20:25.581+0000] {subprocess.py:86} INFO - Output:
[2024-06-22T15:20:25.588+0000] {subprocess.py:93} INFO - This is task 6
[2024-06-22T15:20:25.592+0000] {subprocess.py:97} INFO - Command exited with return code 0
[2024-06-22T15:20:25.629+0000] {taskinstance.py:1406} INFO - Marking task as SUCCESS. dag_id=dynamic_tasks_dag, task_id=task_6, execution_date=20240123T000000, start_date=20240622T152025, end_date=20240622T152025
[2024-06-22T15:20:25.657+0000] {local_task_job.py:164} INFO - Task exited with return code 0
[2024-06-22T15:20:25.683+0000] {local_task_job.py:273} INFO - 1 downstream tasks scheduled from follow-on schedule check
