[2024-06-22T15:20:49.308+0000] {taskinstance.py:1165} INFO - Dependencies all met for <TaskInstance: dynamic_tasks_dag.task_8 scheduled__2024-02-06T00:00:00+00:00 [queued]>
[2024-06-22T15:20:49.316+0000] {taskinstance.py:1165} INFO - Dependencies all met for <TaskInstance: dynamic_tasks_dag.task_8 scheduled__2024-02-06T00:00:00+00:00 [queued]>
[2024-06-22T15:20:49.317+0000] {taskinstance.py:1362} INFO - 
--------------------------------------------------------------------------------
[2024-06-22T15:20:49.319+0000] {taskinstance.py:1363} INFO - Starting attempt 1 of 2
[2024-06-22T15:20:49.319+0000] {taskinstance.py:1364} INFO - 
--------------------------------------------------------------------------------
[2024-06-22T15:20:49.344+0000] {taskinstance.py:1383} INFO - Executing <Task(BashOperator): task_8> on 2024-02-06 00:00:00+00:00
[2024-06-22T15:20:49.355+0000] {standard_task_runner.py:55} INFO - Started process 1732 to run task
[2024-06-22T15:20:49.373+0000] {standard_task_runner.py:82} INFO - Running: ['***', 'tasks', 'run', 'dynamic_tasks_dag', 'task_8', 'scheduled__2024-02-06T00:00:00+00:00', '--job-id', '785', '--raw', '--subdir', 'DAGS_FOLDER/dynamic_tasks.py', '--cfg-path', '/tmp/tmp12k19422']
[2024-06-22T15:20:49.377+0000] {standard_task_runner.py:83} INFO - Job 785: Subtask task_8
[2024-06-22T15:20:49.555+0000] {task_command.py:376} INFO - Running <TaskInstance: dynamic_tasks_dag.task_8 scheduled__2024-02-06T00:00:00+00:00 [running]> on host 5f0aa929f7fe
[2024-06-22T15:20:49.680+0000] {taskinstance.py:1592} INFO - Exporting the following env vars:
AIRFLOW_CTX_DAG_OWNER=***
AIRFLOW_CTX_DAG_ID=dynamic_tasks_dag
AIRFLOW_CTX_TASK_ID=task_8
AIRFLOW_CTX_EXECUTION_DATE=2024-02-06T00:00:00+00:00
AIRFLOW_CTX_TRY_NUMBER=1
AIRFLOW_CTX_DAG_RUN_ID=scheduled__2024-02-06T00:00:00+00:00
[2024-06-22T15:20:49.684+0000] {subprocess.py:63} INFO - Tmp dir root location: 
 /tmp
[2024-06-22T15:20:49.685+0000] {subprocess.py:75} INFO - Running command: ['/bin/bash', '-c', "echo 'This is task 8'"]
[2024-06-22T15:20:49.718+0000] {subprocess.py:86} INFO - Output:
[2024-06-22T15:20:49.726+0000] {subprocess.py:93} INFO - This is task 8
[2024-06-22T15:20:49.732+0000] {subprocess.py:97} INFO - Command exited with return code 0
[2024-06-22T15:20:49.771+0000] {taskinstance.py:1406} INFO - Marking task as SUCCESS. dag_id=dynamic_tasks_dag, task_id=task_8, execution_date=20240206T000000, start_date=20240622T152049, end_date=20240622T152049
[2024-06-22T15:20:49.829+0000] {local_task_job.py:164} INFO - Task exited with return code 0
[2024-06-22T15:20:49.872+0000] {local_task_job.py:273} INFO - 1 downstream tasks scheduled from follow-on schedule check
