[2024-06-22T15:20:24.865+0000] {taskinstance.py:1165} INFO - Dependencies all met for <TaskInstance: dynamic_tasks_dag.task_4 scheduled__2024-01-29T00:00:00+00:00 [queued]>
[2024-06-22T15:20:24.880+0000] {taskinstance.py:1165} INFO - Dependencies all met for <TaskInstance: dynamic_tasks_dag.task_4 scheduled__2024-01-29T00:00:00+00:00 [queued]>
[2024-06-22T15:20:24.893+0000] {taskinstance.py:1362} INFO - 
--------------------------------------------------------------------------------
[2024-06-22T15:20:24.896+0000] {taskinstance.py:1363} INFO - Starting attempt 1 of 2
[2024-06-22T15:20:24.901+0000] {taskinstance.py:1364} INFO - 
--------------------------------------------------------------------------------
[2024-06-22T15:20:24.930+0000] {taskinstance.py:1383} INFO - Executing <Task(BashOperator): task_4> on 2024-01-29 00:00:00+00:00
[2024-06-22T15:20:24.937+0000] {standard_task_runner.py:55} INFO - Started process 1164 to run task
[2024-06-22T15:20:24.956+0000] {standard_task_runner.py:82} INFO - Running: ['***', 'tasks', 'run', 'dynamic_tasks_dag', 'task_4', 'scheduled__2024-01-29T00:00:00+00:00', '--job-id', '604', '--raw', '--subdir', 'DAGS_FOLDER/dynamic_tasks.py', '--cfg-path', '/tmp/tmple9vmwc6']
[2024-06-22T15:20:24.958+0000] {standard_task_runner.py:83} INFO - Job 604: Subtask task_4
[2024-06-22T15:20:25.113+0000] {task_command.py:376} INFO - Running <TaskInstance: dynamic_tasks_dag.task_4 scheduled__2024-01-29T00:00:00+00:00 [running]> on host 5f0aa929f7fe
[2024-06-22T15:20:25.280+0000] {taskinstance.py:1592} INFO - Exporting the following env vars:
AIRFLOW_CTX_DAG_OWNER=***
AIRFLOW_CTX_DAG_ID=dynamic_tasks_dag
AIRFLOW_CTX_TASK_ID=task_4
AIRFLOW_CTX_EXECUTION_DATE=2024-01-29T00:00:00+00:00
AIRFLOW_CTX_TRY_NUMBER=1
AIRFLOW_CTX_DAG_RUN_ID=scheduled__2024-01-29T00:00:00+00:00
[2024-06-22T15:20:25.282+0000] {subprocess.py:63} INFO - Tmp dir root location: 
 /tmp
[2024-06-22T15:20:25.291+0000] {subprocess.py:75} INFO - Running command: ['/bin/bash', '-c', "echo 'This is task 4'"]
[2024-06-22T15:20:25.342+0000] {subprocess.py:86} INFO - Output:
[2024-06-22T15:20:25.344+0000] {subprocess.py:93} INFO - This is task 4
[2024-06-22T15:20:25.345+0000] {subprocess.py:97} INFO - Command exited with return code 0
[2024-06-22T15:20:25.390+0000] {taskinstance.py:1406} INFO - Marking task as SUCCESS. dag_id=dynamic_tasks_dag, task_id=task_4, execution_date=20240129T000000, start_date=20240622T152024, end_date=20240622T152025
[2024-06-22T15:20:25.455+0000] {local_task_job.py:164} INFO - Task exited with return code 0
[2024-06-22T15:20:25.547+0000] {local_task_job.py:273} INFO - 1 downstream tasks scheduled from follow-on schedule check
