[2024-06-11T04:23:27.510+0000] {taskinstance.py:1165} INFO - Dependencies all met for <TaskInstance: context_demo.print_context manual__2024-06-11T04:23:26.788197+00:00 [queued]>
[2024-06-11T04:23:27.514+0000] {taskinstance.py:1165} INFO - Dependencies all met for <TaskInstance: context_demo.print_context manual__2024-06-11T04:23:26.788197+00:00 [queued]>
[2024-06-11T04:23:27.515+0000] {taskinstance.py:1362} INFO - 
--------------------------------------------------------------------------------
[2024-06-11T04:23:27.515+0000] {taskinstance.py:1363} INFO - Starting attempt 1 of 1
[2024-06-11T04:23:27.515+0000] {taskinstance.py:1364} INFO - 
--------------------------------------------------------------------------------
[2024-06-11T04:23:27.521+0000] {taskinstance.py:1383} INFO - Executing <Task(PythonOperator): print_context> on 2024-06-11 04:23:26.788197+00:00
[2024-06-11T04:23:27.524+0000] {standard_task_runner.py:55} INFO - Started process 620 to run task
[2024-06-11T04:23:27.526+0000] {standard_task_runner.py:82} INFO - Running: ['***', 'tasks', 'run', 'context_demo', 'print_context', 'manual__2024-06-11T04:23:26.788197+00:00', '--job-id', '120', '--raw', '--subdir', 'DAGS_FOLDER/context_demo.py', '--cfg-path', '/tmp/tmppb3zoeb7']
[2024-06-11T04:23:27.526+0000] {standard_task_runner.py:83} INFO - Job 120: Subtask print_context
[2024-06-11T04:23:27.557+0000] {task_command.py:376} INFO - Running <TaskInstance: context_demo.print_context manual__2024-06-11T04:23:26.788197+00:00 [running]> on host 8a665be84819
[2024-06-11T04:23:27.591+0000] {taskinstance.py:1592} INFO - Exporting the following env vars:
AIRFLOW_CTX_DAG_OWNER=***
AIRFLOW_CTX_DAG_ID=context_demo
AIRFLOW_CTX_TASK_ID=print_context
AIRFLOW_CTX_EXECUTION_DATE=2024-06-11T04:23:26.788197+00:00
AIRFLOW_CTX_TRY_NUMBER=1
AIRFLOW_CTX_DAG_RUN_ID=manual__2024-06-11T04:23:26.788197+00:00
[2024-06-11T04:23:27.591+0000] {logging_mixin.py:120} INFO - {'conf': <***.configuration.AirflowConfigParser object at 0xffffae811f50>, 'dag': <DAG: context_demo>, 'dag_run': <DagRun context_demo @ 2024-06-11 04:23:26.788197+00:00: manual__2024-06-11T04:23:26.788197+00:00, state:running, queued_at: 2024-06-11 04:23:26.790487+00:00. externally triggered: True>, 'data_interval_end': DateTime(2024, 6, 11, 4, 23, 26, 788197, tzinfo=Timezone('UTC')), 'data_interval_start': DateTime(2024, 6, 11, 4, 23, 26, 788197, tzinfo=Timezone('UTC')), 'ds': '2024-06-11', 'ds_nodash': '20240611', 'execution_date': <Proxy at 0xffff99fa0910 with factory functools.partial(<function lazy_mapping_from_context.<locals>._deprecated_proxy_factory at 0xffff99f9e830>, 'execution_date', DateTime(2024, 6, 11, 4, 23, 26, 788197, tzinfo=Timezone('UTC')))>, 'inlets': [], 'logical_date': DateTime(2024, 6, 11, 4, 23, 26, 788197, tzinfo=Timezone('UTC')), 'macros': <module '***.macros' from '/home/***/.local/lib/python3.7/site-packages/***/macros/__init__.py'>, 'next_ds': <Proxy at 0xffff99fa0eb0 with factory functools.partial(<function lazy_mapping_from_context.<locals>._deprecated_proxy_factory at 0xffff99f9e830>, 'next_ds', '2024-06-11')>, 'next_ds_nodash': <Proxy at 0xffff99fa0e60 with factory functools.partial(<function lazy_mapping_from_context.<locals>._deprecated_proxy_factory at 0xffff99f9e830>, 'next_ds_nodash', '20240611')>, 'next_execution_date': <Proxy at 0xffff99fa0b40 with factory functools.partial(<function lazy_mapping_from_context.<locals>._deprecated_proxy_factory at 0xffff99f9e830>, 'next_execution_date', DateTime(2024, 6, 11, 4, 23, 26, 788197, tzinfo=Timezone('UTC')))>, 'outlets': [], 'params': {}, 'prev_data_interval_start_success': None, 'prev_data_interval_end_success': None, 'prev_ds': <Proxy at 0xffff99fa0f50 with factory functools.partial(<function lazy_mapping_from_context.<locals>._deprecated_proxy_factory at 0xffff99f9e830>, 'prev_ds', '2024-06-11')>, 'prev_ds_nodash': <Proxy at 0xffff99fa0f00 with factory functools.partial(<function lazy_mapping_from_context.<locals>._deprecated_proxy_factory at 0xffff99f9e830>, 'prev_ds_nodash', '20240611')>, 'prev_execution_date': <Proxy at 0xffff99fa0fa0 with factory functools.partial(<function lazy_mapping_from_context.<locals>._deprecated_proxy_factory at 0xffff99f9e830>, 'prev_execution_date', DateTime(2024, 6, 11, 4, 23, 26, 788197, tzinfo=Timezone('UTC')))>, 'prev_execution_date_success': <Proxy at 0xffff99fa3190 with factory functools.partial(<function lazy_mapping_from_context.<locals>._deprecated_proxy_factory at 0xffff99f9e830>, 'prev_execution_date_success', None)>, 'prev_start_date_success': None, 'run_id': 'manual__2024-06-11T04:23:26.788197+00:00', 'task': <Task(PythonOperator): print_context>, 'task_instance': <TaskInstance: context_demo.print_context manual__2024-06-11T04:23:26.788197+00:00 [running]>, 'task_instance_key_str': 'context_demo__print_context__20240611', 'test_mode': False, 'ti': <TaskInstance: context_demo.print_context manual__2024-06-11T04:23:26.788197+00:00 [running]>, 'tomorrow_ds': <Proxy at 0xffff99fa30f0 with factory functools.partial(<function lazy_mapping_from_context.<locals>._deprecated_proxy_factory at 0xffff99f9e830>, 'tomorrow_ds', '2024-06-12')>, 'tomorrow_ds_nodash': <Proxy at 0xffff99fa3aa0 with factory functools.partial(<function lazy_mapping_from_context.<locals>._deprecated_proxy_factory at 0xffff99f9e830>, 'tomorrow_ds_nodash', '20240612')>, 'triggering_dataset_events': <Proxy at 0xffff99fd5780 with factory <function TaskInstance.get_template_context.<locals>.get_triggering_events at 0xffff99fc6c20>>, 'ts': '2024-06-11T04:23:26.788197+00:00', 'ts_nodash': '20240611T042326', 'ts_nodash_with_tz': '20240611T042326.788197+0000', 'var': {'json': None, 'value': None}, 'conn': None, 'yesterday_ds': <Proxy at 0xffff99f97460 with factory functools.partial(<function lazy_mapping_from_context.<locals>._deprecated_proxy_factory at 0xffff99f9e830>, 'yesterday_ds', '2024-06-10')>, 'yesterday_ds_nodash': <Proxy at 0xffff99f9bb90 with factory functools.partial(<function lazy_mapping_from_context.<locals>._deprecated_proxy_factory at 0xffff99f9e830>, 'yesterday_ds_nodash', '20240610')>, 'templates_dict': None}
[2024-06-11T04:23:27.592+0000] {python.py:177} INFO - Done. Returned value was: None
[2024-06-11T04:23:27.598+0000] {taskinstance.py:1406} INFO - Marking task as SUCCESS. dag_id=context_demo, task_id=print_context, execution_date=20240611T042326, start_date=20240611T042327, end_date=20240611T042327
[2024-06-11T04:23:27.618+0000] {local_task_job.py:164} INFO - Task exited with return code 0
[2024-06-11T04:23:27.630+0000] {local_task_job.py:273} INFO - 0 downstream tasks scheduled from follow-on schedule check
