[2024-06-22T15:21:13.245+0000] {taskinstance.py:1165} INFO - Dependencies all met for <TaskInstance: dynamic_tasks_dag.task_9 scheduled__2024-02-27T00:00:00+00:00 [queued]>
[2024-06-22T15:21:13.293+0000] {taskinstance.py:1165} INFO - Dependencies all met for <TaskInstance: dynamic_tasks_dag.task_9 scheduled__2024-02-27T00:00:00+00:00 [queued]>
[2024-06-22T15:21:13.298+0000] {taskinstance.py:1362} INFO - 
--------------------------------------------------------------------------------
[2024-06-22T15:21:13.299+0000] {taskinstance.py:1363} INFO - Starting attempt 1 of 2
[2024-06-22T15:21:13.299+0000] {taskinstance.py:1364} INFO - 
--------------------------------------------------------------------------------
[2024-06-22T15:21:13.337+0000] {taskinstance.py:1383} INFO - Executing <Task(BashOperator): task_9> on 2024-02-27 00:00:00+00:00
[2024-06-22T15:21:13.350+0000] {standard_task_runner.py:55} INFO - Started process 2317 to run task
[2024-06-22T15:21:13.373+0000] {standard_task_runner.py:82} INFO - Running: ['***', 'tasks', 'run', 'dynamic_tasks_dag', 'task_9', 'scheduled__2024-02-27T00:00:00+00:00', '--job-id', '975', '--raw', '--subdir', 'DAGS_FOLDER/dynamic_tasks.py', '--cfg-path', '/tmp/tmpe_pl9l_s']
[2024-06-22T15:21:13.381+0000] {standard_task_runner.py:83} INFO - Job 975: Subtask task_9
[2024-06-22T15:21:13.519+0000] {task_command.py:376} INFO - Running <TaskInstance: dynamic_tasks_dag.task_9 scheduled__2024-02-27T00:00:00+00:00 [running]> on host 5f0aa929f7fe
[2024-06-22T15:21:13.745+0000] {taskinstance.py:1592} INFO - Exporting the following env vars:
AIRFLOW_CTX_DAG_OWNER=***
AIRFLOW_CTX_DAG_ID=dynamic_tasks_dag
AIRFLOW_CTX_TASK_ID=task_9
AIRFLOW_CTX_EXECUTION_DATE=2024-02-27T00:00:00+00:00
AIRFLOW_CTX_TRY_NUMBER=1
AIRFLOW_CTX_DAG_RUN_ID=scheduled__2024-02-27T00:00:00+00:00
[2024-06-22T15:21:13.750+0000] {subprocess.py:63} INFO - Tmp dir root location: 
 /tmp
[2024-06-22T15:21:13.753+0000] {subprocess.py:75} INFO - Running command: ['/bin/bash', '-c', "echo 'This is task 9'"]
[2024-06-22T15:21:13.786+0000] {subprocess.py:86} INFO - Output:
[2024-06-22T15:21:13.802+0000] {subprocess.py:93} INFO - This is task 9
[2024-06-22T15:21:13.817+0000] {subprocess.py:97} INFO - Command exited with return code 0
[2024-06-22T15:21:13.849+0000] {taskinstance.py:1406} INFO - Marking task as SUCCESS. dag_id=dynamic_tasks_dag, task_id=task_9, execution_date=20240227T000000, start_date=20240622T152113, end_date=20240622T152113
[2024-06-22T15:21:13.904+0000] {local_task_job.py:164} INFO - Task exited with return code 0
[2024-06-22T15:21:13.964+0000] {local_task_job.py:273} INFO - 1 downstream tasks scheduled from follow-on schedule check
