[2024-06-11T05:07:57.444+0000] {processor.py:154} INFO - Started process (PID=5351) to work on /opt/airflow/dags/callback_example.py
[2024-06-11T05:07:57.445+0000] {processor.py:756} INFO - Processing file /opt/airflow/dags/callback_example.py for tasks to queue
[2024-06-11T05:07:57.445+0000] {logging_mixin.py:120} INFO - [2024-06-11T05:07:57.445+0000] {dagbag.py:537} INFO - Filling up the DagBag from /opt/airflow/dags/callback_example.py
[2024-06-11T05:07:57.453+0000] {processor.py:766} INFO - DAG(s) dict_keys(['example_callback']) retrieved from /opt/airflow/dags/callback_example.py
[2024-06-11T05:07:57.516+0000] {logging_mixin.py:120} INFO - [2024-06-11T05:07:57.516+0000] {manager.py:507} INFO - Created Permission View: can delete on DAG:example_callback
[2024-06-11T05:07:57.520+0000] {logging_mixin.py:120} INFO - [2024-06-11T05:07:57.520+0000] {manager.py:507} INFO - Created Permission View: can read on DAG:example_callback
[2024-06-11T05:07:57.522+0000] {logging_mixin.py:120} INFO - [2024-06-11T05:07:57.522+0000] {manager.py:507} INFO - Created Permission View: can edit on DAG:example_callback
[2024-06-11T05:07:57.523+0000] {logging_mixin.py:120} INFO - [2024-06-11T05:07:57.523+0000] {dag.py:2585} INFO - Sync 1 DAGs
[2024-06-11T05:07:57.528+0000] {logging_mixin.py:120} INFO - [2024-06-11T05:07:57.528+0000] {dag.py:2606} INFO - Creating ORM DAG for example_callback
[2024-06-11T05:07:57.533+0000] {logging_mixin.py:120} INFO - [2024-06-11T05:07:57.533+0000] {dag.py:3340} INFO - Setting next_dagrun for example_callback to None, run_after=None
[2024-06-11T05:07:57.541+0000] {processor.py:176} INFO - Processing /opt/airflow/dags/callback_example.py took 0.099 seconds
[2024-06-11T05:08:28.324+0000] {processor.py:154} INFO - Started process (PID=5417) to work on /opt/airflow/dags/callback_example.py
[2024-06-11T05:08:28.325+0000] {processor.py:756} INFO - Processing file /opt/airflow/dags/callback_example.py for tasks to queue
[2024-06-11T05:08:28.326+0000] {logging_mixin.py:120} INFO - [2024-06-11T05:08:28.326+0000] {dagbag.py:537} INFO - Filling up the DagBag from /opt/airflow/dags/callback_example.py
[2024-06-11T05:08:28.342+0000] {processor.py:766} INFO - DAG(s) dict_keys(['example_callback']) retrieved from /opt/airflow/dags/callback_example.py
[2024-06-11T05:08:28.375+0000] {logging_mixin.py:120} INFO - [2024-06-11T05:08:28.375+0000] {dag.py:2585} INFO - Sync 1 DAGs
[2024-06-11T05:08:28.386+0000] {logging_mixin.py:120} INFO - [2024-06-11T05:08:28.386+0000] {dag.py:3340} INFO - Setting next_dagrun for example_callback to None, run_after=None
[2024-06-11T05:08:28.393+0000] {processor.py:176} INFO - Processing /opt/airflow/dags/callback_example.py took 0.074 seconds
[2024-06-11T05:08:59.063+0000] {processor.py:154} INFO - Started process (PID=5483) to work on /opt/airflow/dags/callback_example.py
[2024-06-11T05:08:59.065+0000] {processor.py:756} INFO - Processing file /opt/airflow/dags/callback_example.py for tasks to queue
[2024-06-11T05:08:59.066+0000] {logging_mixin.py:120} INFO - [2024-06-11T05:08:59.065+0000] {dagbag.py:537} INFO - Filling up the DagBag from /opt/airflow/dags/callback_example.py
[2024-06-11T05:08:59.081+0000] {processor.py:766} INFO - DAG(s) dict_keys(['example_callback']) retrieved from /opt/airflow/dags/callback_example.py
[2024-06-11T05:08:59.113+0000] {logging_mixin.py:120} INFO - [2024-06-11T05:08:59.113+0000] {dag.py:2585} INFO - Sync 1 DAGs
[2024-06-11T05:08:59.125+0000] {logging_mixin.py:120} INFO - [2024-06-11T05:08:59.125+0000] {dag.py:3340} INFO - Setting next_dagrun for example_callback to None, run_after=None
[2024-06-11T05:08:59.133+0000] {processor.py:176} INFO - Processing /opt/airflow/dags/callback_example.py took 0.074 seconds
[2024-06-11T05:09:30.050+0000] {processor.py:154} INFO - Started process (PID=5549) to work on /opt/airflow/dags/callback_example.py
[2024-06-11T05:09:30.051+0000] {processor.py:756} INFO - Processing file /opt/airflow/dags/callback_example.py for tasks to queue
[2024-06-11T05:09:30.052+0000] {logging_mixin.py:120} INFO - [2024-06-11T05:09:30.052+0000] {dagbag.py:537} INFO - Filling up the DagBag from /opt/airflow/dags/callback_example.py
[2024-06-11T05:09:30.063+0000] {processor.py:766} INFO - DAG(s) dict_keys(['example_callback']) retrieved from /opt/airflow/dags/callback_example.py
[2024-06-11T05:09:30.092+0000] {logging_mixin.py:120} INFO - [2024-06-11T05:09:30.092+0000] {dag.py:2585} INFO - Sync 1 DAGs
[2024-06-11T05:09:30.103+0000] {logging_mixin.py:120} INFO - [2024-06-11T05:09:30.103+0000] {dag.py:3340} INFO - Setting next_dagrun for example_callback to None, run_after=None
[2024-06-11T05:09:30.110+0000] {processor.py:176} INFO - Processing /opt/airflow/dags/callback_example.py took 0.064 seconds
[2024-06-11T05:10:00.951+0000] {processor.py:154} INFO - Started process (PID=5616) to work on /opt/airflow/dags/callback_example.py
[2024-06-11T05:10:00.953+0000] {processor.py:756} INFO - Processing file /opt/airflow/dags/callback_example.py for tasks to queue
[2024-06-11T05:10:00.954+0000] {logging_mixin.py:120} INFO - [2024-06-11T05:10:00.953+0000] {dagbag.py:537} INFO - Filling up the DagBag from /opt/airflow/dags/callback_example.py
[2024-06-11T05:10:00.970+0000] {processor.py:766} INFO - DAG(s) dict_keys(['example_callback']) retrieved from /opt/airflow/dags/callback_example.py
[2024-06-11T05:10:01.002+0000] {logging_mixin.py:120} INFO - [2024-06-11T05:10:01.002+0000] {dag.py:2585} INFO - Sync 1 DAGs
[2024-06-11T05:10:01.014+0000] {logging_mixin.py:120} INFO - [2024-06-11T05:10:01.014+0000] {dag.py:3340} INFO - Setting next_dagrun for example_callback to None, run_after=None
[2024-06-11T05:10:01.022+0000] {processor.py:176} INFO - Processing /opt/airflow/dags/callback_example.py took 0.075 seconds
[2024-06-11T05:10:31.858+0000] {processor.py:154} INFO - Started process (PID=5682) to work on /opt/airflow/dags/callback_example.py
[2024-06-11T05:10:31.860+0000] {processor.py:756} INFO - Processing file /opt/airflow/dags/callback_example.py for tasks to queue
[2024-06-11T05:10:31.861+0000] {logging_mixin.py:120} INFO - [2024-06-11T05:10:31.860+0000] {dagbag.py:537} INFO - Filling up the DagBag from /opt/airflow/dags/callback_example.py
[2024-06-11T05:10:31.877+0000] {processor.py:766} INFO - DAG(s) dict_keys(['example_callback']) retrieved from /opt/airflow/dags/callback_example.py
[2024-06-11T05:10:31.908+0000] {logging_mixin.py:120} INFO - [2024-06-11T05:10:31.908+0000] {dag.py:2585} INFO - Sync 1 DAGs
[2024-06-11T05:10:31.921+0000] {logging_mixin.py:120} INFO - [2024-06-11T05:10:31.921+0000] {dag.py:3340} INFO - Setting next_dagrun for example_callback to None, run_after=None
[2024-06-11T05:10:31.928+0000] {processor.py:176} INFO - Processing /opt/airflow/dags/callback_example.py took 0.075 seconds
[2024-06-11T05:11:02.812+0000] {processor.py:154} INFO - Started process (PID=5748) to work on /opt/airflow/dags/callback_example.py
[2024-06-11T05:11:02.813+0000] {processor.py:756} INFO - Processing file /opt/airflow/dags/callback_example.py for tasks to queue
[2024-06-11T05:11:02.814+0000] {logging_mixin.py:120} INFO - [2024-06-11T05:11:02.814+0000] {dagbag.py:537} INFO - Filling up the DagBag from /opt/airflow/dags/callback_example.py
[2024-06-11T05:11:02.831+0000] {processor.py:766} INFO - DAG(s) dict_keys(['example_callback']) retrieved from /opt/airflow/dags/callback_example.py
[2024-06-11T05:11:02.864+0000] {logging_mixin.py:120} INFO - [2024-06-11T05:11:02.864+0000] {dag.py:2585} INFO - Sync 1 DAGs
[2024-06-11T05:11:02.876+0000] {logging_mixin.py:120} INFO - [2024-06-11T05:11:02.875+0000] {dag.py:3340} INFO - Setting next_dagrun for example_callback to None, run_after=None
[2024-06-11T05:11:02.882+0000] {processor.py:176} INFO - Processing /opt/airflow/dags/callback_example.py took 0.075 seconds
[2024-06-11T05:11:33.633+0000] {processor.py:154} INFO - Started process (PID=5814) to work on /opt/airflow/dags/callback_example.py
[2024-06-11T05:11:33.635+0000] {processor.py:756} INFO - Processing file /opt/airflow/dags/callback_example.py for tasks to queue
[2024-06-11T05:11:33.635+0000] {logging_mixin.py:120} INFO - [2024-06-11T05:11:33.635+0000] {dagbag.py:537} INFO - Filling up the DagBag from /opt/airflow/dags/callback_example.py
[2024-06-11T05:11:33.651+0000] {processor.py:766} INFO - DAG(s) dict_keys(['example_callback']) retrieved from /opt/airflow/dags/callback_example.py
[2024-06-11T05:11:33.685+0000] {logging_mixin.py:120} INFO - [2024-06-11T05:11:33.685+0000] {dag.py:2585} INFO - Sync 1 DAGs
[2024-06-11T05:11:33.696+0000] {logging_mixin.py:120} INFO - [2024-06-11T05:11:33.696+0000] {dag.py:3340} INFO - Setting next_dagrun for example_callback to None, run_after=None
[2024-06-11T05:11:33.703+0000] {processor.py:176} INFO - Processing /opt/airflow/dags/callback_example.py took 0.075 seconds
[2024-06-11T05:12:04.477+0000] {processor.py:154} INFO - Started process (PID=5881) to work on /opt/airflow/dags/callback_example.py
[2024-06-11T05:12:04.477+0000] {processor.py:756} INFO - Processing file /opt/airflow/dags/callback_example.py for tasks to queue
[2024-06-11T05:12:04.478+0000] {logging_mixin.py:120} INFO - [2024-06-11T05:12:04.478+0000] {dagbag.py:537} INFO - Filling up the DagBag from /opt/airflow/dags/callback_example.py
[2024-06-11T05:12:04.485+0000] {processor.py:766} INFO - DAG(s) dict_keys(['example_callback']) retrieved from /opt/airflow/dags/callback_example.py
[2024-06-11T05:12:04.508+0000] {logging_mixin.py:120} INFO - [2024-06-11T05:12:04.508+0000] {dag.py:2585} INFO - Sync 1 DAGs
[2024-06-11T05:12:04.520+0000] {logging_mixin.py:120} INFO - [2024-06-11T05:12:04.519+0000] {dag.py:3340} INFO - Setting next_dagrun for example_callback to None, run_after=None
[2024-06-11T05:12:04.527+0000] {processor.py:176} INFO - Processing /opt/airflow/dags/callback_example.py took 0.052 seconds
[2024-06-11T05:12:35.436+0000] {processor.py:154} INFO - Started process (PID=5937) to work on /opt/airflow/dags/callback_example.py
[2024-06-11T05:12:35.436+0000] {processor.py:756} INFO - Processing file /opt/airflow/dags/callback_example.py for tasks to queue
[2024-06-11T05:12:35.437+0000] {logging_mixin.py:120} INFO - [2024-06-11T05:12:35.436+0000] {dagbag.py:537} INFO - Filling up the DagBag from /opt/airflow/dags/callback_example.py
[2024-06-11T05:12:35.444+0000] {processor.py:766} INFO - DAG(s) dict_keys(['example_callback']) retrieved from /opt/airflow/dags/callback_example.py
[2024-06-11T05:12:35.468+0000] {logging_mixin.py:120} INFO - [2024-06-11T05:12:35.468+0000] {dag.py:2585} INFO - Sync 1 DAGs
[2024-06-11T05:12:35.480+0000] {logging_mixin.py:120} INFO - [2024-06-11T05:12:35.480+0000] {dag.py:3340} INFO - Setting next_dagrun for example_callback to None, run_after=None
[2024-06-11T05:12:35.489+0000] {processor.py:176} INFO - Processing /opt/airflow/dags/callback_example.py took 0.055 seconds
[2024-06-11T05:13:06.500+0000] {processor.py:154} INFO - Started process (PID=6004) to work on /opt/airflow/dags/callback_example.py
[2024-06-11T05:13:06.501+0000] {processor.py:756} INFO - Processing file /opt/airflow/dags/callback_example.py for tasks to queue
[2024-06-11T05:13:06.501+0000] {logging_mixin.py:120} INFO - [2024-06-11T05:13:06.501+0000] {dagbag.py:537} INFO - Filling up the DagBag from /opt/airflow/dags/callback_example.py
[2024-06-11T05:13:06.510+0000] {processor.py:766} INFO - DAG(s) dict_keys(['example_callback']) retrieved from /opt/airflow/dags/callback_example.py
[2024-06-11T05:13:06.539+0000] {logging_mixin.py:120} INFO - [2024-06-11T05:13:06.538+0000] {dag.py:2585} INFO - Sync 1 DAGs
[2024-06-11T05:13:06.552+0000] {logging_mixin.py:120} INFO - [2024-06-11T05:13:06.552+0000] {dag.py:3340} INFO - Setting next_dagrun for example_callback to None, run_after=None
[2024-06-11T05:13:06.561+0000] {processor.py:176} INFO - Processing /opt/airflow/dags/callback_example.py took 0.064 seconds
[2024-06-11T05:13:19.640+0000] {processor.py:154} INFO - Started process (PID=6023) to work on /opt/airflow/dags/callback_example.py
[2024-06-11T05:13:19.641+0000] {processor.py:756} INFO - Processing file /opt/airflow/dags/callback_example.py for tasks to queue
[2024-06-11T05:13:19.641+0000] {logging_mixin.py:120} INFO - [2024-06-11T05:13:19.641+0000] {dagbag.py:537} INFO - Filling up the DagBag from /opt/airflow/dags/callback_example.py
[2024-06-11T05:13:19.658+0000] {processor.py:766} INFO - DAG(s) dict_keys(['example_dag']) retrieved from /opt/airflow/dags/callback_example.py
[2024-06-11T05:13:19.730+0000] {logging_mixin.py:120} INFO - [2024-06-11T05:13:19.730+0000] {manager.py:507} INFO - Created Permission View: can delete on DAG:example_dag
[2024-06-11T05:13:19.734+0000] {logging_mixin.py:120} INFO - [2024-06-11T05:13:19.734+0000] {manager.py:507} INFO - Created Permission View: can read on DAG:example_dag
[2024-06-11T05:13:19.736+0000] {logging_mixin.py:120} INFO - [2024-06-11T05:13:19.736+0000] {manager.py:507} INFO - Created Permission View: can edit on DAG:example_dag
[2024-06-11T05:13:19.736+0000] {logging_mixin.py:120} INFO - [2024-06-11T05:13:19.736+0000] {dag.py:2585} INFO - Sync 1 DAGs
[2024-06-11T05:13:19.741+0000] {logging_mixin.py:120} INFO - [2024-06-11T05:13:19.741+0000] {dag.py:2606} INFO - Creating ORM DAG for example_dag
[2024-06-11T05:13:19.746+0000] {logging_mixin.py:120} INFO - [2024-06-11T05:13:19.746+0000] {dag.py:3340} INFO - Setting next_dagrun for example_dag to 2024-06-10T05:13:19.746326+00:00, run_after=2024-06-11T05:13:19.746326+00:00
[2024-06-11T05:13:19.753+0000] {processor.py:176} INFO - Processing /opt/airflow/dags/callback_example.py took 0.116 seconds
[2024-06-11T05:13:44.313+0000] {processor.py:154} INFO - Started process (PID=6080) to work on /opt/airflow/dags/callback_example.py
[2024-06-11T05:13:44.314+0000] {processor.py:756} INFO - Processing file /opt/airflow/dags/callback_example.py for tasks to queue
[2024-06-11T05:13:44.315+0000] {logging_mixin.py:120} INFO - [2024-06-11T05:13:44.315+0000] {dagbag.py:537} INFO - Filling up the DagBag from /opt/airflow/dags/callback_example.py
[2024-06-11T05:13:44.327+0000] {processor.py:766} INFO - DAG(s) dict_keys(['example_dag']) retrieved from /opt/airflow/dags/callback_example.py
[2024-06-11T05:13:44.327+0000] {processor.py:651} ERROR - Error executing DagCallbackRequest callback for file: /opt/airflow/dags/callback_example.py
Traceback (most recent call last):
  File "/home/airflow/.local/lib/python3.7/site-packages/airflow/dag_processing/processor.py", line 646, in execute_callbacks
    self._execute_dag_callbacks(dagbag, request, session)
  File "/home/airflow/.local/lib/python3.7/site-packages/airflow/utils/session.py", line 72, in wrapper
    return func(*args, **kwargs)
  File "/home/airflow/.local/lib/python3.7/site-packages/airflow/dag_processing/processor.py", line 678, in _execute_dag_callbacks
    dag = dagbag.dags[request.dag_id]
KeyError: 'example_callback'
[2024-06-11T05:13:44.343+0000] {logging_mixin.py:120} INFO - [2024-06-11T05:13:44.343+0000] {dag.py:2585} INFO - Sync 1 DAGs
[2024-06-11T05:13:44.355+0000] {logging_mixin.py:120} INFO - [2024-06-11T05:13:44.355+0000] {dag.py:3340} INFO - Setting next_dagrun for example_dag to 2024-06-10T05:13:44.355401+00:00, run_after=2024-06-11T05:13:44.355401+00:00
[2024-06-11T05:13:44.362+0000] {processor.py:176} INFO - Processing /opt/airflow/dags/callback_example.py took 0.052 seconds
[2024-06-11T05:14:15.173+0000] {processor.py:154} INFO - Started process (PID=6145) to work on /opt/airflow/dags/callback_example.py
[2024-06-11T05:14:15.174+0000] {processor.py:756} INFO - Processing file /opt/airflow/dags/callback_example.py for tasks to queue
[2024-06-11T05:14:15.175+0000] {logging_mixin.py:120} INFO - [2024-06-11T05:14:15.175+0000] {dagbag.py:537} INFO - Filling up the DagBag from /opt/airflow/dags/callback_example.py
[2024-06-11T05:14:15.194+0000] {processor.py:766} INFO - DAG(s) dict_keys(['example_dag']) retrieved from /opt/airflow/dags/callback_example.py
[2024-06-11T05:14:15.225+0000] {logging_mixin.py:120} INFO - [2024-06-11T05:14:15.225+0000] {dag.py:2585} INFO - Sync 1 DAGs
[2024-06-11T05:14:15.238+0000] {logging_mixin.py:120} INFO - [2024-06-11T05:14:15.238+0000] {dag.py:3340} INFO - Setting next_dagrun for example_dag to 2024-06-10T05:14:15.238747+00:00, run_after=2024-06-11T05:14:15.238747+00:00
[2024-06-11T05:14:15.245+0000] {processor.py:176} INFO - Processing /opt/airflow/dags/callback_example.py took 0.078 seconds
[2024-06-11T05:14:45.979+0000] {processor.py:154} INFO - Started process (PID=6210) to work on /opt/airflow/dags/callback_example.py
[2024-06-11T05:14:45.980+0000] {processor.py:756} INFO - Processing file /opt/airflow/dags/callback_example.py for tasks to queue
[2024-06-11T05:14:45.981+0000] {logging_mixin.py:120} INFO - [2024-06-11T05:14:45.981+0000] {dagbag.py:537} INFO - Filling up the DagBag from /opt/airflow/dags/callback_example.py
[2024-06-11T05:14:45.998+0000] {processor.py:766} INFO - DAG(s) dict_keys(['example_dag']) retrieved from /opt/airflow/dags/callback_example.py
[2024-06-11T05:14:46.033+0000] {logging_mixin.py:120} INFO - [2024-06-11T05:14:46.033+0000] {dag.py:2585} INFO - Sync 1 DAGs
[2024-06-11T05:14:46.046+0000] {logging_mixin.py:120} INFO - [2024-06-11T05:14:46.046+0000] {dag.py:3340} INFO - Setting next_dagrun for example_dag to 2024-06-10T05:14:46.046697+00:00, run_after=2024-06-11T05:14:46.046697+00:00
[2024-06-11T05:14:46.054+0000] {processor.py:176} INFO - Processing /opt/airflow/dags/callback_example.py took 0.078 seconds
[2024-06-11T05:15:16.822+0000] {processor.py:154} INFO - Started process (PID=6276) to work on /opt/airflow/dags/callback_example.py
[2024-06-11T05:15:16.823+0000] {processor.py:756} INFO - Processing file /opt/airflow/dags/callback_example.py for tasks to queue
[2024-06-11T05:15:16.823+0000] {logging_mixin.py:120} INFO - [2024-06-11T05:15:16.823+0000] {dagbag.py:537} INFO - Filling up the DagBag from /opt/airflow/dags/callback_example.py
[2024-06-11T05:15:16.832+0000] {processor.py:766} INFO - DAG(s) dict_keys(['example_dag']) retrieved from /opt/airflow/dags/callback_example.py
[2024-06-11T05:15:16.852+0000] {logging_mixin.py:120} INFO - [2024-06-11T05:15:16.852+0000] {dag.py:2585} INFO - Sync 1 DAGs
[2024-06-11T05:15:16.862+0000] {logging_mixin.py:120} INFO - [2024-06-11T05:15:16.862+0000] {dag.py:3340} INFO - Setting next_dagrun for example_dag to 2024-06-10T05:15:16.862784+00:00, run_after=2024-06-11T05:15:16.862784+00:00
[2024-06-11T05:15:16.870+0000] {processor.py:176} INFO - Processing /opt/airflow/dags/callback_example.py took 0.050 seconds
