[2024-06-11T04:17:26.937+0000] {processor.py:154} INFO - Started process (PID=657) to work on /opt/airflow/dags/context.py
[2024-06-11T04:17:26.938+0000] {processor.py:756} INFO - Processing file /opt/airflow/dags/context.py for tasks to queue
[2024-06-11T04:17:26.938+0000] {logging_mixin.py:120} INFO - [2024-06-11T04:17:26.938+0000] {dagbag.py:537} INFO - Filling up the DagBag from /opt/airflow/dags/context.py
[2024-06-11T04:17:26.948+0000] {processor.py:766} INFO - DAG(s) dict_keys(['context_dag']) retrieved from /opt/airflow/dags/context.py
[2024-06-11T04:17:27.041+0000] {logging_mixin.py:120} INFO - [2024-06-11T04:17:27.041+0000] {manager.py:507} INFO - Created Permission View: can delete on DAG:context_dag
[2024-06-11T04:17:27.044+0000] {logging_mixin.py:120} INFO - [2024-06-11T04:17:27.044+0000] {manager.py:507} INFO - Created Permission View: can read on DAG:context_dag
[2024-06-11T04:17:27.047+0000] {logging_mixin.py:120} INFO - [2024-06-11T04:17:27.047+0000] {manager.py:507} INFO - Created Permission View: can edit on DAG:context_dag
[2024-06-11T04:17:27.047+0000] {logging_mixin.py:120} INFO - [2024-06-11T04:17:27.047+0000] {dag.py:2585} INFO - Sync 1 DAGs
[2024-06-11T04:17:27.053+0000] {logging_mixin.py:120} INFO - [2024-06-11T04:17:27.053+0000] {dag.py:2606} INFO - Creating ORM DAG for context_dag
[2024-06-11T04:17:27.058+0000] {logging_mixin.py:120} INFO - [2024-06-11T04:17:27.058+0000] {dag.py:3340} INFO - Setting next_dagrun for context_dag to None, run_after=None
[2024-06-11T04:17:27.065+0000] {processor.py:176} INFO - Processing /opt/airflow/dags/context.py took 0.130 seconds
[2024-06-11T04:17:57.817+0000] {processor.py:154} INFO - Started process (PID=722) to work on /opt/airflow/dags/context.py
[2024-06-11T04:17:57.818+0000] {processor.py:756} INFO - Processing file /opt/airflow/dags/context.py for tasks to queue
[2024-06-11T04:17:57.820+0000] {logging_mixin.py:120} INFO - [2024-06-11T04:17:57.820+0000] {dagbag.py:537} INFO - Filling up the DagBag from /opt/airflow/dags/context.py
[2024-06-11T04:17:57.839+0000] {processor.py:766} INFO - DAG(s) dict_keys(['context_dag']) retrieved from /opt/airflow/dags/context.py
[2024-06-11T04:17:57.882+0000] {logging_mixin.py:120} INFO - [2024-06-11T04:17:57.882+0000] {dag.py:2585} INFO - Sync 1 DAGs
[2024-06-11T04:17:57.909+0000] {logging_mixin.py:120} INFO - [2024-06-11T04:17:57.909+0000] {dag.py:3340} INFO - Setting next_dagrun for context_dag to None, run_after=None
[2024-06-11T04:17:57.930+0000] {processor.py:176} INFO - Processing /opt/airflow/dags/context.py took 0.117 seconds
[2024-06-11T04:18:28.799+0000] {processor.py:154} INFO - Started process (PID=786) to work on /opt/airflow/dags/context.py
[2024-06-11T04:18:28.800+0000] {processor.py:756} INFO - Processing file /opt/airflow/dags/context.py for tasks to queue
[2024-06-11T04:18:28.801+0000] {logging_mixin.py:120} INFO - [2024-06-11T04:18:28.801+0000] {dagbag.py:537} INFO - Filling up the DagBag from /opt/airflow/dags/context.py
[2024-06-11T04:18:28.816+0000] {processor.py:766} INFO - DAG(s) dict_keys(['context_dag']) retrieved from /opt/airflow/dags/context.py
[2024-06-11T04:18:28.841+0000] {logging_mixin.py:120} INFO - [2024-06-11T04:18:28.841+0000] {dag.py:2585} INFO - Sync 1 DAGs
[2024-06-11T04:18:28.853+0000] {logging_mixin.py:120} INFO - [2024-06-11T04:18:28.853+0000] {dag.py:3340} INFO - Setting next_dagrun for context_dag to None, run_after=None
[2024-06-11T04:18:28.860+0000] {processor.py:176} INFO - Processing /opt/airflow/dags/context.py took 0.064 seconds
