[2024-06-22T15:21:26.655+0000] {taskinstance.py:1165} INFO - Dependencies all met for <TaskInstance: dynamic_tasks_dag.task_5 scheduled__2024-03-13T00:00:00+00:00 [queued]>
[2024-06-22T15:21:26.699+0000] {taskinstance.py:1165} INFO - Dependencies all met for <TaskInstance: dynamic_tasks_dag.task_5 scheduled__2024-03-13T00:00:00+00:00 [queued]>
[2024-06-22T15:21:26.706+0000] {taskinstance.py:1362} INFO - 
--------------------------------------------------------------------------------
[2024-06-22T15:21:26.707+0000] {taskinstance.py:1363} INFO - Starting attempt 1 of 2
[2024-06-22T15:21:26.710+0000] {taskinstance.py:1364} INFO - 
--------------------------------------------------------------------------------
[2024-06-22T15:21:26.741+0000] {taskinstance.py:1383} INFO - Executing <Task(BashOperator): task_5> on 2024-03-13 00:00:00+00:00
[2024-06-22T15:21:26.745+0000] {standard_task_runner.py:55} INFO - Started process 2634 to run task
[2024-06-22T15:21:26.774+0000] {standard_task_runner.py:82} INFO - Running: ['***', 'tasks', 'run', 'dynamic_tasks_dag', 'task_5', 'scheduled__2024-03-13T00:00:00+00:00', '--job-id', '1077', '--raw', '--subdir', 'DAGS_FOLDER/dynamic_tasks.py', '--cfg-path', '/tmp/tmpx1h8utzx']
[2024-06-22T15:21:26.789+0000] {standard_task_runner.py:83} INFO - Job 1077: Subtask task_5
[2024-06-22T15:21:26.943+0000] {task_command.py:376} INFO - Running <TaskInstance: dynamic_tasks_dag.task_5 scheduled__2024-03-13T00:00:00+00:00 [running]> on host 5f0aa929f7fe
[2024-06-22T15:21:27.132+0000] {taskinstance.py:1592} INFO - Exporting the following env vars:
AIRFLOW_CTX_DAG_OWNER=***
AIRFLOW_CTX_DAG_ID=dynamic_tasks_dag
AIRFLOW_CTX_TASK_ID=task_5
AIRFLOW_CTX_EXECUTION_DATE=2024-03-13T00:00:00+00:00
AIRFLOW_CTX_TRY_NUMBER=1
AIRFLOW_CTX_DAG_RUN_ID=scheduled__2024-03-13T00:00:00+00:00
[2024-06-22T15:21:27.140+0000] {subprocess.py:63} INFO - Tmp dir root location: 
 /tmp
[2024-06-22T15:21:27.145+0000] {subprocess.py:75} INFO - Running command: ['/bin/bash', '-c', "echo 'This is task 5'"]
[2024-06-22T15:21:27.174+0000] {subprocess.py:86} INFO - Output:
[2024-06-22T15:21:27.176+0000] {subprocess.py:93} INFO - This is task 5
[2024-06-22T15:21:27.176+0000] {subprocess.py:97} INFO - Command exited with return code 0
[2024-06-22T15:21:27.212+0000] {taskinstance.py:1406} INFO - Marking task as SUCCESS. dag_id=dynamic_tasks_dag, task_id=task_5, execution_date=20240313T000000, start_date=20240622T152126, end_date=20240622T152127
[2024-06-22T15:21:27.272+0000] {local_task_job.py:164} INFO - Task exited with return code 0
[2024-06-22T15:21:27.316+0000] {local_task_job.py:273} INFO - 1 downstream tasks scheduled from follow-on schedule check
