[2024-06-22T15:20:03.889+0000] {taskinstance.py:1165} INFO - Dependencies all met for <TaskInstance: dynamic_tasks_dag.task_6 scheduled__2024-01-08T00:00:00+00:00 [queued]>
[2024-06-22T15:20:03.911+0000] {taskinstance.py:1165} INFO - Dependencies all met for <TaskInstance: dynamic_tasks_dag.task_6 scheduled__2024-01-08T00:00:00+00:00 [queued]>
[2024-06-22T15:20:03.916+0000] {taskinstance.py:1362} INFO - 
--------------------------------------------------------------------------------
[2024-06-22T15:20:03.920+0000] {taskinstance.py:1363} INFO - Starting attempt 1 of 2
[2024-06-22T15:20:03.926+0000] {taskinstance.py:1364} INFO - 
--------------------------------------------------------------------------------
[2024-06-22T15:20:03.935+0000] {taskinstance.py:1383} INFO - Executing <Task(BashOperator): task_6> on 2024-01-08 00:00:00+00:00
[2024-06-22T15:20:03.940+0000] {standard_task_runner.py:55} INFO - Started process 656 to run task
[2024-06-22T15:20:03.949+0000] {standard_task_runner.py:82} INFO - Running: ['***', 'tasks', 'run', 'dynamic_tasks_dag', 'task_6', 'scheduled__2024-01-08T00:00:00+00:00', '--job-id', '435', '--raw', '--subdir', 'DAGS_FOLDER/dynamic_tasks.py', '--cfg-path', '/tmp/tmpex2r5tzt']
[2024-06-22T15:20:03.950+0000] {standard_task_runner.py:83} INFO - Job 435: Subtask task_6
[2024-06-22T15:20:04.054+0000] {task_command.py:376} INFO - Running <TaskInstance: dynamic_tasks_dag.task_6 scheduled__2024-01-08T00:00:00+00:00 [running]> on host 5f0aa929f7fe
[2024-06-22T15:20:04.221+0000] {taskinstance.py:1592} INFO - Exporting the following env vars:
AIRFLOW_CTX_DAG_OWNER=***
AIRFLOW_CTX_DAG_ID=dynamic_tasks_dag
AIRFLOW_CTX_TASK_ID=task_6
AIRFLOW_CTX_EXECUTION_DATE=2024-01-08T00:00:00+00:00
AIRFLOW_CTX_TRY_NUMBER=1
AIRFLOW_CTX_DAG_RUN_ID=scheduled__2024-01-08T00:00:00+00:00
[2024-06-22T15:20:04.223+0000] {subprocess.py:63} INFO - Tmp dir root location: 
 /tmp
[2024-06-22T15:20:04.230+0000] {subprocess.py:75} INFO - Running command: ['/bin/bash', '-c', "echo 'This is task 6'"]
[2024-06-22T15:20:04.289+0000] {subprocess.py:86} INFO - Output:
[2024-06-22T15:20:04.290+0000] {subprocess.py:93} INFO - This is task 6
[2024-06-22T15:20:04.297+0000] {subprocess.py:97} INFO - Command exited with return code 0
[2024-06-22T15:20:04.326+0000] {taskinstance.py:1406} INFO - Marking task as SUCCESS. dag_id=dynamic_tasks_dag, task_id=task_6, execution_date=20240108T000000, start_date=20240622T152003, end_date=20240622T152004
[2024-06-22T15:20:04.397+0000] {local_task_job.py:164} INFO - Task exited with return code 0
[2024-06-22T15:20:04.484+0000] {local_task_job.py:273} INFO - 1 downstream tasks scheduled from follow-on schedule check
