[2024-06-22T15:32:32.844+0000] {taskinstance.py:1165} INFO - Dependencies all met for <TaskInstance: dynamic_tasks_dag.task_8 manual__2024-06-22T15:31:21.865190+00:00 [queued]>
[2024-06-22T15:32:32.849+0000] {taskinstance.py:1165} INFO - Dependencies all met for <TaskInstance: dynamic_tasks_dag.task_8 manual__2024-06-22T15:31:21.865190+00:00 [queued]>
[2024-06-22T15:32:32.849+0000] {taskinstance.py:1362} INFO - 
--------------------------------------------------------------------------------
[2024-06-22T15:32:32.849+0000] {taskinstance.py:1363} INFO - Starting attempt 1 of 2
[2024-06-22T15:32:32.849+0000] {taskinstance.py:1364} INFO - 
--------------------------------------------------------------------------------
[2024-06-22T15:32:32.856+0000] {taskinstance.py:1383} INFO - Executing <Task(BashOperator): task_8> on 2024-06-22 15:31:21.865190+00:00
[2024-06-22T15:32:32.859+0000] {standard_task_runner.py:55} INFO - Started process 3920 to run task
[2024-06-22T15:32:32.861+0000] {standard_task_runner.py:82} INFO - Running: ['***', 'tasks', 'run', 'dynamic_tasks_dag', 'task_8', 'manual__2024-06-22T15:31:21.865190+00:00', '--job-id', '1320', '--raw', '--subdir', 'DAGS_FOLDER/dynamic_tasks.py', '--cfg-path', '/tmp/tmpy3dtgp6k']
[2024-06-22T15:32:32.861+0000] {standard_task_runner.py:83} INFO - Job 1320: Subtask task_8
[2024-06-22T15:32:32.892+0000] {task_command.py:376} INFO - Running <TaskInstance: dynamic_tasks_dag.task_8 manual__2024-06-22T15:31:21.865190+00:00 [running]> on host 5f0aa929f7fe
[2024-06-22T15:32:32.925+0000] {taskinstance.py:1592} INFO - Exporting the following env vars:
AIRFLOW_CTX_DAG_OWNER=***
AIRFLOW_CTX_DAG_ID=dynamic_tasks_dag
AIRFLOW_CTX_TASK_ID=task_8
AIRFLOW_CTX_EXECUTION_DATE=2024-06-22T15:31:21.865190+00:00
AIRFLOW_CTX_TRY_NUMBER=1
AIRFLOW_CTX_DAG_RUN_ID=manual__2024-06-22T15:31:21.865190+00:00
[2024-06-22T15:32:32.926+0000] {subprocess.py:63} INFO - Tmp dir root location: 
 /tmp
[2024-06-22T15:32:32.926+0000] {subprocess.py:75} INFO - Running command: ['/bin/bash', '-c', "echo 'This is task 8'"]
[2024-06-22T15:32:32.932+0000] {subprocess.py:86} INFO - Output:
[2024-06-22T15:32:32.933+0000] {subprocess.py:93} INFO - This is task 8
[2024-06-22T15:32:32.933+0000] {subprocess.py:97} INFO - Command exited with return code 0
[2024-06-22T15:32:32.945+0000] {taskinstance.py:1406} INFO - Marking task as SUCCESS. dag_id=dynamic_tasks_dag, task_id=task_8, execution_date=20240622T153121, start_date=20240622T153232, end_date=20240622T153232
[2024-06-22T15:32:32.997+0000] {local_task_job.py:164} INFO - Task exited with return code 0
[2024-06-22T15:32:33.013+0000] {local_task_job.py:273} INFO - 1 downstream tasks scheduled from follow-on schedule check
