[2024-06-22T15:20:05.663+0000] {taskinstance.py:1165} INFO - Dependencies all met for <TaskInstance: dynamic_tasks_dag.task_6 scheduled__2024-01-12T00:00:00+00:00 [queued]>
[2024-06-22T15:20:05.706+0000] {taskinstance.py:1165} INFO - Dependencies all met for <TaskInstance: dynamic_tasks_dag.task_6 scheduled__2024-01-12T00:00:00+00:00 [queued]>
[2024-06-22T15:20:05.708+0000] {taskinstance.py:1362} INFO - 
--------------------------------------------------------------------------------
[2024-06-22T15:20:05.712+0000] {taskinstance.py:1363} INFO - Starting attempt 1 of 2
[2024-06-22T15:20:05.714+0000] {taskinstance.py:1364} INFO - 
--------------------------------------------------------------------------------
[2024-06-22T15:20:05.755+0000] {taskinstance.py:1383} INFO - Executing <Task(BashOperator): task_6> on 2024-01-12 00:00:00+00:00
[2024-06-22T15:20:05.766+0000] {standard_task_runner.py:55} INFO - Started process 709 to run task
[2024-06-22T15:20:05.774+0000] {standard_task_runner.py:82} INFO - Running: ['***', 'tasks', 'run', 'dynamic_tasks_dag', 'task_6', 'scheduled__2024-01-12T00:00:00+00:00', '--job-id', '458', '--raw', '--subdir', 'DAGS_FOLDER/dynamic_tasks.py', '--cfg-path', '/tmp/tmpscg0kfec']
[2024-06-22T15:20:05.791+0000] {standard_task_runner.py:83} INFO - Job 458: Subtask task_6
[2024-06-22T15:20:05.918+0000] {task_command.py:376} INFO - Running <TaskInstance: dynamic_tasks_dag.task_6 scheduled__2024-01-12T00:00:00+00:00 [running]> on host 5f0aa929f7fe
[2024-06-22T15:20:06.105+0000] {taskinstance.py:1592} INFO - Exporting the following env vars:
AIRFLOW_CTX_DAG_OWNER=***
AIRFLOW_CTX_DAG_ID=dynamic_tasks_dag
AIRFLOW_CTX_TASK_ID=task_6
AIRFLOW_CTX_EXECUTION_DATE=2024-01-12T00:00:00+00:00
AIRFLOW_CTX_TRY_NUMBER=1
AIRFLOW_CTX_DAG_RUN_ID=scheduled__2024-01-12T00:00:00+00:00
[2024-06-22T15:20:06.107+0000] {subprocess.py:63} INFO - Tmp dir root location: 
 /tmp
[2024-06-22T15:20:06.108+0000] {subprocess.py:75} INFO - Running command: ['/bin/bash', '-c', "echo 'This is task 6'"]
[2024-06-22T15:20:06.156+0000] {subprocess.py:86} INFO - Output:
[2024-06-22T15:20:06.157+0000] {subprocess.py:93} INFO - This is task 6
[2024-06-22T15:20:06.161+0000] {subprocess.py:97} INFO - Command exited with return code 0
[2024-06-22T15:20:06.200+0000] {taskinstance.py:1406} INFO - Marking task as SUCCESS. dag_id=dynamic_tasks_dag, task_id=task_6, execution_date=20240112T000000, start_date=20240622T152005, end_date=20240622T152006
[2024-06-22T15:20:06.277+0000] {local_task_job.py:164} INFO - Task exited with return code 0
[2024-06-22T15:20:06.323+0000] {local_task_job.py:273} INFO - 1 downstream tasks scheduled from follow-on schedule check
