[2024-06-22T15:49:36.235+0000] {taskinstance.py:1165} INFO - Dependencies all met for <TaskInstance: dynamic_tasks_dag.task_group.task_7 manual__2024-06-22T15:49:23.734852+00:00 [queued]>
[2024-06-22T15:49:36.240+0000] {taskinstance.py:1165} INFO - Dependencies all met for <TaskInstance: dynamic_tasks_dag.task_group.task_7 manual__2024-06-22T15:49:23.734852+00:00 [queued]>
[2024-06-22T15:49:36.240+0000] {taskinstance.py:1362} INFO - 
--------------------------------------------------------------------------------
[2024-06-22T15:49:36.241+0000] {taskinstance.py:1363} INFO - Starting attempt 1 of 2
[2024-06-22T15:49:36.241+0000] {taskinstance.py:1364} INFO - 
--------------------------------------------------------------------------------
[2024-06-22T15:49:36.247+0000] {taskinstance.py:1383} INFO - Executing <Task(BashOperator): task_group.task_7> on 2024-06-22 15:49:23.734852+00:00
[2024-06-22T15:49:36.250+0000] {standard_task_runner.py:55} INFO - Started process 5023 to run task
[2024-06-22T15:49:36.252+0000] {standard_task_runner.py:82} INFO - Running: ['***', 'tasks', 'run', 'dynamic_tasks_dag', 'task_group.task_7', 'manual__2024-06-22T15:49:23.734852+00:00', '--job-id', '1399', '--raw', '--subdir', 'DAGS_FOLDER/dynamic_tasks.py', '--cfg-path', '/tmp/tmp_wv3ohvy']
[2024-06-22T15:49:36.253+0000] {standard_task_runner.py:83} INFO - Job 1399: Subtask task_group.task_7
[2024-06-22T15:49:36.284+0000] {task_command.py:376} INFO - Running <TaskInstance: dynamic_tasks_dag.task_group.task_7 manual__2024-06-22T15:49:23.734852+00:00 [running]> on host 5f0aa929f7fe
[2024-06-22T15:49:36.317+0000] {taskinstance.py:1592} INFO - Exporting the following env vars:
AIRFLOW_CTX_DAG_OWNER=***
AIRFLOW_CTX_DAG_ID=dynamic_tasks_dag
AIRFLOW_CTX_TASK_ID=task_group.task_7
AIRFLOW_CTX_EXECUTION_DATE=2024-06-22T15:49:23.734852+00:00
AIRFLOW_CTX_TRY_NUMBER=1
AIRFLOW_CTX_DAG_RUN_ID=manual__2024-06-22T15:49:23.734852+00:00
[2024-06-22T15:49:36.317+0000] {subprocess.py:63} INFO - Tmp dir root location: 
 /tmp
[2024-06-22T15:49:36.318+0000] {subprocess.py:75} INFO - Running command: ['/bin/bash', '-c', "echo 'This is task 7'"]
[2024-06-22T15:49:36.324+0000] {subprocess.py:86} INFO - Output:
[2024-06-22T15:49:36.325+0000] {subprocess.py:93} INFO - This is task 7
[2024-06-22T15:49:36.325+0000] {subprocess.py:97} INFO - Command exited with return code 0
[2024-06-22T15:49:36.337+0000] {taskinstance.py:1406} INFO - Marking task as SUCCESS. dag_id=dynamic_tasks_dag, task_id=task_group.task_7, execution_date=20240622T154923, start_date=20240622T154936, end_date=20240622T154936
[2024-06-22T15:49:36.389+0000] {local_task_job.py:164} INFO - Task exited with return code 0
[2024-06-22T15:49:36.405+0000] {local_task_job.py:273} INFO - 1 downstream tasks scheduled from follow-on schedule check
