[2024-06-22T15:20:47.398+0000] {taskinstance.py:1165} INFO - Dependencies all met for <TaskInstance: dynamic_tasks_dag.task_5 scheduled__2024-02-15T00:00:00+00:00 [queued]>
[2024-06-22T15:20:47.447+0000] {taskinstance.py:1165} INFO - Dependencies all met for <TaskInstance: dynamic_tasks_dag.task_5 scheduled__2024-02-15T00:00:00+00:00 [queued]>
[2024-06-22T15:20:47.451+0000] {taskinstance.py:1362} INFO - 
--------------------------------------------------------------------------------
[2024-06-22T15:20:47.456+0000] {taskinstance.py:1363} INFO - Starting attempt 1 of 2
[2024-06-22T15:20:47.456+0000] {taskinstance.py:1364} INFO - 
--------------------------------------------------------------------------------
[2024-06-22T15:20:47.578+0000] {taskinstance.py:1383} INFO - Executing <Task(BashOperator): task_5> on 2024-02-15 00:00:00+00:00
[2024-06-22T15:20:47.594+0000] {standard_task_runner.py:55} INFO - Started process 1685 to run task
[2024-06-22T15:20:47.605+0000] {standard_task_runner.py:82} INFO - Running: ['***', 'tasks', 'run', 'dynamic_tasks_dag', 'task_5', 'scheduled__2024-02-15T00:00:00+00:00', '--job-id', '766', '--raw', '--subdir', 'DAGS_FOLDER/dynamic_tasks.py', '--cfg-path', '/tmp/tmps9lmrru2']
[2024-06-22T15:20:47.609+0000] {standard_task_runner.py:83} INFO - Job 766: Subtask task_5
[2024-06-22T15:20:47.757+0000] {task_command.py:376} INFO - Running <TaskInstance: dynamic_tasks_dag.task_5 scheduled__2024-02-15T00:00:00+00:00 [running]> on host 5f0aa929f7fe
[2024-06-22T15:20:47.923+0000] {taskinstance.py:1592} INFO - Exporting the following env vars:
AIRFLOW_CTX_DAG_OWNER=***
AIRFLOW_CTX_DAG_ID=dynamic_tasks_dag
AIRFLOW_CTX_TASK_ID=task_5
AIRFLOW_CTX_EXECUTION_DATE=2024-02-15T00:00:00+00:00
AIRFLOW_CTX_TRY_NUMBER=1
AIRFLOW_CTX_DAG_RUN_ID=scheduled__2024-02-15T00:00:00+00:00
[2024-06-22T15:20:47.924+0000] {subprocess.py:63} INFO - Tmp dir root location: 
 /tmp
[2024-06-22T15:20:47.925+0000] {subprocess.py:75} INFO - Running command: ['/bin/bash', '-c', "echo 'This is task 5'"]
[2024-06-22T15:20:47.963+0000] {subprocess.py:86} INFO - Output:
[2024-06-22T15:20:47.969+0000] {subprocess.py:93} INFO - This is task 5
[2024-06-22T15:20:47.973+0000] {subprocess.py:97} INFO - Command exited with return code 0
[2024-06-22T15:20:48.005+0000] {taskinstance.py:1406} INFO - Marking task as SUCCESS. dag_id=dynamic_tasks_dag, task_id=task_5, execution_date=20240215T000000, start_date=20240622T152047, end_date=20240622T152048
[2024-06-22T15:20:48.095+0000] {local_task_job.py:164} INFO - Task exited with return code 0
[2024-06-22T15:20:48.195+0000] {local_task_job.py:273} INFO - 1 downstream tasks scheduled from follow-on schedule check
