[2024-06-22T15:21:21.975+0000] {taskinstance.py:1165} INFO - Dependencies all met for <TaskInstance: dynamic_tasks_dag.task_2 scheduled__2024-03-16T00:00:00+00:00 [queued]>
[2024-06-22T15:21:22.011+0000] {taskinstance.py:1165} INFO - Dependencies all met for <TaskInstance: dynamic_tasks_dag.task_2 scheduled__2024-03-16T00:00:00+00:00 [queued]>
[2024-06-22T15:21:22.015+0000] {taskinstance.py:1362} INFO - 
--------------------------------------------------------------------------------
[2024-06-22T15:21:22.016+0000] {taskinstance.py:1363} INFO - Starting attempt 1 of 2
[2024-06-22T15:21:22.018+0000] {taskinstance.py:1364} INFO - 
--------------------------------------------------------------------------------
[2024-06-22T15:21:22.084+0000] {taskinstance.py:1383} INFO - Executing <Task(BashOperator): task_2> on 2024-03-16 00:00:00+00:00
[2024-06-22T15:21:22.112+0000] {standard_task_runner.py:55} INFO - Started process 2503 to run task
[2024-06-22T15:21:22.141+0000] {standard_task_runner.py:82} INFO - Running: ['***', 'tasks', 'run', 'dynamic_tasks_dag', 'task_2', 'scheduled__2024-03-16T00:00:00+00:00', '--job-id', '1037', '--raw', '--subdir', 'DAGS_FOLDER/dynamic_tasks.py', '--cfg-path', '/tmp/tmpdo6q2fs_']
[2024-06-22T15:21:22.146+0000] {standard_task_runner.py:83} INFO - Job 1037: Subtask task_2
[2024-06-22T15:21:22.365+0000] {task_command.py:376} INFO - Running <TaskInstance: dynamic_tasks_dag.task_2 scheduled__2024-03-16T00:00:00+00:00 [running]> on host 5f0aa929f7fe
[2024-06-22T15:21:22.528+0000] {taskinstance.py:1592} INFO - Exporting the following env vars:
AIRFLOW_CTX_DAG_OWNER=***
AIRFLOW_CTX_DAG_ID=dynamic_tasks_dag
AIRFLOW_CTX_TASK_ID=task_2
AIRFLOW_CTX_EXECUTION_DATE=2024-03-16T00:00:00+00:00
AIRFLOW_CTX_TRY_NUMBER=1
AIRFLOW_CTX_DAG_RUN_ID=scheduled__2024-03-16T00:00:00+00:00
[2024-06-22T15:21:22.530+0000] {subprocess.py:63} INFO - Tmp dir root location: 
 /tmp
[2024-06-22T15:21:22.530+0000] {subprocess.py:75} INFO - Running command: ['/bin/bash', '-c', "echo 'This is task 2'"]
[2024-06-22T15:21:22.603+0000] {subprocess.py:86} INFO - Output:
[2024-06-22T15:21:22.604+0000] {subprocess.py:93} INFO - This is task 2
[2024-06-22T15:21:22.614+0000] {subprocess.py:97} INFO - Command exited with return code 0
[2024-06-22T15:21:22.645+0000] {taskinstance.py:1406} INFO - Marking task as SUCCESS. dag_id=dynamic_tasks_dag, task_id=task_2, execution_date=20240316T000000, start_date=20240622T152121, end_date=20240622T152122
[2024-06-22T15:21:22.718+0000] {local_task_job.py:164} INFO - Task exited with return code 0
[2024-06-22T15:21:22.765+0000] {local_task_job.py:273} INFO - 1 downstream tasks scheduled from follow-on schedule check
