[2024-06-11T22:37:49.395+0000] {taskinstance.py:1165} INFO - Dependencies all met for <TaskInstance: example_dag_with_callback.task5 manual__2024-06-11T22:37:44.274459+00:00 [queued]>
[2024-06-11T22:37:49.400+0000] {taskinstance.py:1165} INFO - Dependencies all met for <TaskInstance: example_dag_with_callback.task5 manual__2024-06-11T22:37:44.274459+00:00 [queued]>
[2024-06-11T22:37:49.400+0000] {taskinstance.py:1362} INFO - 
--------------------------------------------------------------------------------
[2024-06-11T22:37:49.401+0000] {taskinstance.py:1363} INFO - Starting attempt 1 of 1
[2024-06-11T22:37:49.401+0000] {taskinstance.py:1364} INFO - 
--------------------------------------------------------------------------------
[2024-06-11T22:37:49.409+0000] {taskinstance.py:1383} INFO - Executing <Task(PythonOperator): task5> on 2024-06-11 22:37:44.274459+00:00
[2024-06-11T22:37:49.412+0000] {standard_task_runner.py:55} INFO - Started process 3623 to run task
[2024-06-11T22:37:49.415+0000] {standard_task_runner.py:82} INFO - Running: ['***', 'tasks', 'run', 'example_dag_with_callback', 'task5', 'manual__2024-06-11T22:37:44.274459+00:00', '--job-id', '221', '--raw', '--subdir', 'DAGS_FOLDER/example_dag_with_callback.py', '--cfg-path', '/tmp/tmpi9_ayg0v']
[2024-06-11T22:37:49.415+0000] {standard_task_runner.py:83} INFO - Job 221: Subtask task5
[2024-06-11T22:37:49.446+0000] {task_command.py:376} INFO - Running <TaskInstance: example_dag_with_callback.task5 manual__2024-06-11T22:37:44.274459+00:00 [running]> on host 91b1d49ba724
[2024-06-11T22:37:49.477+0000] {taskinstance.py:1592} INFO - Exporting the following env vars:
AIRFLOW_CTX_DAG_OWNER=***
AIRFLOW_CTX_DAG_ID=example_dag_with_callback
AIRFLOW_CTX_TASK_ID=task5
AIRFLOW_CTX_EXECUTION_DATE=2024-06-11T22:37:44.274459+00:00
AIRFLOW_CTX_TRY_NUMBER=1
AIRFLOW_CTX_DAG_RUN_ID=manual__2024-06-11T22:37:44.274459+00:00
[2024-06-11T22:37:49.478+0000] {logging_mixin.py:120} INFO - Task 5 is completed
[2024-06-11T22:37:49.508+0000] {local_task_job.py:164} INFO - Task exited with return code 1
[2024-06-11T22:37:49.518+0000] {local_task_job.py:273} INFO - 0 downstream tasks scheduled from follow-on schedule check
