[2024-06-22T15:21:49.757+0000] {taskinstance.py:1165} INFO - Dependencies all met for <TaskInstance: dynamic_tasks_dag.task_8 scheduled__2024-03-23T00:00:00+00:00 [queued]>
[2024-06-22T15:21:49.784+0000] {taskinstance.py:1165} INFO - Dependencies all met for <TaskInstance: dynamic_tasks_dag.task_8 scheduled__2024-03-23T00:00:00+00:00 [queued]>
[2024-06-22T15:21:49.788+0000] {taskinstance.py:1362} INFO - 
--------------------------------------------------------------------------------
[2024-06-22T15:21:49.789+0000] {taskinstance.py:1363} INFO - Starting attempt 1 of 2
[2024-06-22T15:21:49.790+0000] {taskinstance.py:1364} INFO - 
--------------------------------------------------------------------------------
[2024-06-22T15:21:49.810+0000] {taskinstance.py:1383} INFO - Executing <Task(BashOperator): task_8> on 2024-03-23 00:00:00+00:00
[2024-06-22T15:21:49.818+0000] {standard_task_runner.py:55} INFO - Started process 3166 to run task
[2024-06-22T15:21:49.822+0000] {standard_task_runner.py:82} INFO - Running: ['***', 'tasks', 'run', 'dynamic_tasks_dag', 'task_8', 'scheduled__2024-03-23T00:00:00+00:00', '--job-id', '1250', '--raw', '--subdir', 'DAGS_FOLDER/dynamic_tasks.py', '--cfg-path', '/tmp/tmpdtkuby5a']
[2024-06-22T15:21:49.829+0000] {standard_task_runner.py:83} INFO - Job 1250: Subtask task_8
[2024-06-22T15:21:49.940+0000] {task_command.py:376} INFO - Running <TaskInstance: dynamic_tasks_dag.task_8 scheduled__2024-03-23T00:00:00+00:00 [running]> on host 5f0aa929f7fe
[2024-06-22T15:21:50.004+0000] {taskinstance.py:1592} INFO - Exporting the following env vars:
AIRFLOW_CTX_DAG_OWNER=***
AIRFLOW_CTX_DAG_ID=dynamic_tasks_dag
AIRFLOW_CTX_TASK_ID=task_8
AIRFLOW_CTX_EXECUTION_DATE=2024-03-23T00:00:00+00:00
AIRFLOW_CTX_TRY_NUMBER=1
AIRFLOW_CTX_DAG_RUN_ID=scheduled__2024-03-23T00:00:00+00:00
[2024-06-22T15:21:50.006+0000] {subprocess.py:63} INFO - Tmp dir root location: 
 /tmp
[2024-06-22T15:21:50.006+0000] {subprocess.py:75} INFO - Running command: ['/bin/bash', '-c', "echo 'This is task 8'"]
[2024-06-22T15:21:50.056+0000] {subprocess.py:86} INFO - Output:
[2024-06-22T15:21:50.057+0000] {subprocess.py:93} INFO - This is task 8
[2024-06-22T15:21:50.057+0000] {subprocess.py:97} INFO - Command exited with return code 0
[2024-06-22T15:21:50.082+0000] {taskinstance.py:1406} INFO - Marking task as SUCCESS. dag_id=dynamic_tasks_dag, task_id=task_8, execution_date=20240323T000000, start_date=20240622T152149, end_date=20240622T152150
[2024-06-22T15:21:50.160+0000] {local_task_job.py:164} INFO - Task exited with return code 0
[2024-06-22T15:21:50.239+0000] {local_task_job.py:273} INFO - 0 downstream tasks scheduled from follow-on schedule check
