[2024-06-12T03:27:14.061+0000] {taskinstance.py:1165} INFO - Dependencies all met for <TaskInstance: example_dag_with_callback.task4 manual__2024-06-12T03:27:08.388170+00:00 [queued]>
[2024-06-12T03:27:14.065+0000] {taskinstance.py:1165} INFO - Dependencies all met for <TaskInstance: example_dag_with_callback.task4 manual__2024-06-12T03:27:08.388170+00:00 [queued]>
[2024-06-12T03:27:14.066+0000] {taskinstance.py:1362} INFO - 
--------------------------------------------------------------------------------
[2024-06-12T03:27:14.066+0000] {taskinstance.py:1363} INFO - Starting attempt 1 of 1
[2024-06-12T03:27:14.066+0000] {taskinstance.py:1364} INFO - 
--------------------------------------------------------------------------------
[2024-06-12T03:27:14.075+0000] {taskinstance.py:1383} INFO - Executing <Task(PythonOperator): task4> on 2024-06-12 03:27:08.388170+00:00
[2024-06-12T03:27:14.078+0000] {standard_task_runner.py:55} INFO - Started process 142 to run task
[2024-06-12T03:27:14.080+0000] {standard_task_runner.py:82} INFO - Running: ['***', 'tasks', 'run', 'example_dag_with_callback', 'task4', 'manual__2024-06-12T03:27:08.388170+00:00', '--job-id', '288', '--raw', '--subdir', 'DAGS_FOLDER/example_dag_with_callback.py', '--cfg-path', '/tmp/tmpt48nb6a8']
[2024-06-12T03:27:14.080+0000] {standard_task_runner.py:83} INFO - Job 288: Subtask task4
[2024-06-12T03:27:14.114+0000] {task_command.py:376} INFO - Running <TaskInstance: example_dag_with_callback.task4 manual__2024-06-12T03:27:08.388170+00:00 [running]> on host 3eba8accb13f
[2024-06-12T03:27:14.148+0000] {taskinstance.py:1592} INFO - Exporting the following env vars:
AIRFLOW_CTX_DAG_OWNER=***
AIRFLOW_CTX_DAG_ID=example_dag_with_callback
AIRFLOW_CTX_TASK_ID=task4
AIRFLOW_CTX_EXECUTION_DATE=2024-06-12T03:27:08.388170+00:00
AIRFLOW_CTX_TRY_NUMBER=1
AIRFLOW_CTX_DAG_RUN_ID=manual__2024-06-12T03:27:08.388170+00:00
[2024-06-12T03:27:14.149+0000] {logging_mixin.py:120} INFO - Task 4 is completed
[2024-06-12T03:27:15.155+0000] {python.py:177} INFO - Done. Returned value was: None
[2024-06-12T03:27:15.180+0000] {taskinstance.py:1406} INFO - Marking task as SUCCESS. dag_id=example_dag_with_callback, task_id=task4, execution_date=20240612T032708, start_date=20240612T032714, end_date=20240612T032715
[2024-06-12T03:27:15.210+0000] {local_task_job.py:164} INFO - Task exited with return code 0
[2024-06-12T03:27:15.222+0000] {local_task_job.py:273} INFO - 0 downstream tasks scheduled from follow-on schedule check
