[2024-06-11T05:32:12.501+0000] {taskinstance.py:1165} INFO - Dependencies all met for <TaskInstance: example_dag_with_callback.task5 manual__2024-06-11T05:32:02.456576+00:00 [queued]>
[2024-06-11T05:32:12.509+0000] {taskinstance.py:1165} INFO - Dependencies all met for <TaskInstance: example_dag_with_callback.task5 manual__2024-06-11T05:32:02.456576+00:00 [queued]>
[2024-06-11T05:32:12.509+0000] {taskinstance.py:1362} INFO - 
--------------------------------------------------------------------------------
[2024-06-11T05:32:12.509+0000] {taskinstance.py:1363} INFO - Starting attempt 1 of 2
[2024-06-11T05:32:12.509+0000] {taskinstance.py:1364} INFO - 
--------------------------------------------------------------------------------
[2024-06-11T05:32:12.517+0000] {taskinstance.py:1383} INFO - Executing <Task(PythonOperator): task5> on 2024-06-11 05:32:02.456576+00:00
[2024-06-11T05:32:12.521+0000] {standard_task_runner.py:55} INFO - Started process 661 to run task
[2024-06-11T05:32:12.525+0000] {standard_task_runner.py:82} INFO - Running: ['***', 'tasks', 'run', 'example_dag_with_callback', 'task5', 'manual__2024-06-11T05:32:02.456576+00:00', '--job-id', '155', '--raw', '--subdir', 'DAGS_FOLDER/example_dag_with_callback.py', '--cfg-path', '/tmp/tmp5nceqg1w']
[2024-06-11T05:32:12.525+0000] {standard_task_runner.py:83} INFO - Job 155: Subtask task5
[2024-06-11T05:32:12.565+0000] {task_command.py:376} INFO - Running <TaskInstance: example_dag_with_callback.task5 manual__2024-06-11T05:32:02.456576+00:00 [running]> on host 90158f1b5502
[2024-06-11T05:32:12.600+0000] {taskinstance.py:1592} INFO - Exporting the following env vars:
AIRFLOW_CTX_DAG_OWNER=***
AIRFLOW_CTX_DAG_ID=example_dag_with_callback
AIRFLOW_CTX_TASK_ID=task5
AIRFLOW_CTX_EXECUTION_DATE=2024-06-11T05:32:02.456576+00:00
AIRFLOW_CTX_TRY_NUMBER=1
AIRFLOW_CTX_DAG_RUN_ID=manual__2024-06-11T05:32:02.456576+00:00
[2024-06-11T05:32:12.601+0000] {logging_mixin.py:120} INFO - Task 5 is completed
[2024-06-11T05:32:17.606+0000] {python.py:177} INFO - Done. Returned value was: None
[2024-06-11T05:32:17.613+0000] {taskinstance.py:1406} INFO - Marking task as SUCCESS. dag_id=example_dag_with_callback, task_id=task5, execution_date=20240611T053202, start_date=20240611T053212, end_date=20240611T053217
[2024-06-11T05:32:17.639+0000] {local_task_job.py:164} INFO - Task exited with return code 0
[2024-06-11T05:32:17.648+0000] {local_task_job.py:273} INFO - 0 downstream tasks scheduled from follow-on schedule check
