[2024-06-22T15:21:18.761+0000] {taskinstance.py:1165} INFO - Dependencies all met for <TaskInstance: dynamic_tasks_dag.task_2 scheduled__2024-03-05T00:00:00+00:00 [queued]>
[2024-06-22T15:21:18.781+0000] {taskinstance.py:1165} INFO - Dependencies all met for <TaskInstance: dynamic_tasks_dag.task_2 scheduled__2024-03-05T00:00:00+00:00 [queued]>
[2024-06-22T15:21:18.781+0000] {taskinstance.py:1362} INFO - 
--------------------------------------------------------------------------------
[2024-06-22T15:21:18.782+0000] {taskinstance.py:1363} INFO - Starting attempt 1 of 2
[2024-06-22T15:21:18.782+0000] {taskinstance.py:1364} INFO - 
--------------------------------------------------------------------------------
[2024-06-22T15:21:18.833+0000] {taskinstance.py:1383} INFO - Executing <Task(BashOperator): task_2> on 2024-03-05 00:00:00+00:00
[2024-06-22T15:21:18.838+0000] {standard_task_runner.py:55} INFO - Started process 2409 to run task
[2024-06-22T15:21:18.850+0000] {standard_task_runner.py:82} INFO - Running: ['***', 'tasks', 'run', 'dynamic_tasks_dag', 'task_2', 'scheduled__2024-03-05T00:00:00+00:00', '--job-id', '1006', '--raw', '--subdir', 'DAGS_FOLDER/dynamic_tasks.py', '--cfg-path', '/tmp/tmp8gt8u95u']
[2024-06-22T15:21:18.855+0000] {standard_task_runner.py:83} INFO - Job 1006: Subtask task_2
[2024-06-22T15:21:18.971+0000] {task_command.py:376} INFO - Running <TaskInstance: dynamic_tasks_dag.task_2 scheduled__2024-03-05T00:00:00+00:00 [running]> on host 5f0aa929f7fe
[2024-06-22T15:21:19.154+0000] {taskinstance.py:1592} INFO - Exporting the following env vars:
AIRFLOW_CTX_DAG_OWNER=***
AIRFLOW_CTX_DAG_ID=dynamic_tasks_dag
AIRFLOW_CTX_TASK_ID=task_2
AIRFLOW_CTX_EXECUTION_DATE=2024-03-05T00:00:00+00:00
AIRFLOW_CTX_TRY_NUMBER=1
AIRFLOW_CTX_DAG_RUN_ID=scheduled__2024-03-05T00:00:00+00:00
[2024-06-22T15:21:19.157+0000] {subprocess.py:63} INFO - Tmp dir root location: 
 /tmp
[2024-06-22T15:21:19.157+0000] {subprocess.py:75} INFO - Running command: ['/bin/bash', '-c', "echo 'This is task 2'"]
[2024-06-22T15:21:19.190+0000] {subprocess.py:86} INFO - Output:
[2024-06-22T15:21:19.192+0000] {subprocess.py:93} INFO - This is task 2
[2024-06-22T15:21:19.202+0000] {subprocess.py:97} INFO - Command exited with return code 0
[2024-06-22T15:21:19.231+0000] {taskinstance.py:1406} INFO - Marking task as SUCCESS. dag_id=dynamic_tasks_dag, task_id=task_2, execution_date=20240305T000000, start_date=20240622T152118, end_date=20240622T152119
[2024-06-22T15:21:19.273+0000] {local_task_job.py:164} INFO - Task exited with return code 0
[2024-06-22T15:21:19.297+0000] {local_task_job.py:273} INFO - 1 downstream tasks scheduled from follow-on schedule check
