[2024-06-11T05:36:59.085+0000] {taskinstance.py:1165} INFO - Dependencies all met for <TaskInstance: example_dag_with_callback.task5 manual__2024-06-11T05:36:48.956894+00:00 [queued]>
[2024-06-11T05:36:59.090+0000] {taskinstance.py:1165} INFO - Dependencies all met for <TaskInstance: example_dag_with_callback.task5 manual__2024-06-11T05:36:48.956894+00:00 [queued]>
[2024-06-11T05:36:59.090+0000] {taskinstance.py:1362} INFO - 
--------------------------------------------------------------------------------
[2024-06-11T05:36:59.090+0000] {taskinstance.py:1363} INFO - Starting attempt 1 of 2
[2024-06-11T05:36:59.090+0000] {taskinstance.py:1364} INFO - 
--------------------------------------------------------------------------------
[2024-06-11T05:36:59.098+0000] {taskinstance.py:1383} INFO - Executing <Task(PythonOperator): task5> on 2024-06-11 05:36:48.956894+00:00
[2024-06-11T05:36:59.101+0000] {standard_task_runner.py:55} INFO - Started process 934 to run task
[2024-06-11T05:36:59.103+0000] {standard_task_runner.py:82} INFO - Running: ['***', 'tasks', 'run', 'example_dag_with_callback', 'task5', 'manual__2024-06-11T05:36:48.956894+00:00', '--job-id', '169', '--raw', '--subdir', 'DAGS_FOLDER/example_dag_with_callback.py', '--cfg-path', '/tmp/tmpvm672ejl']
[2024-06-11T05:36:59.104+0000] {standard_task_runner.py:83} INFO - Job 169: Subtask task5
[2024-06-11T05:36:59.133+0000] {task_command.py:376} INFO - Running <TaskInstance: example_dag_with_callback.task5 manual__2024-06-11T05:36:48.956894+00:00 [running]> on host 90158f1b5502
[2024-06-11T05:36:59.166+0000] {taskinstance.py:1592} INFO - Exporting the following env vars:
AIRFLOW_CTX_DAG_OWNER=***
AIRFLOW_CTX_DAG_ID=example_dag_with_callback
AIRFLOW_CTX_TASK_ID=task5
AIRFLOW_CTX_EXECUTION_DATE=2024-06-11T05:36:48.956894+00:00
AIRFLOW_CTX_TRY_NUMBER=1
AIRFLOW_CTX_DAG_RUN_ID=manual__2024-06-11T05:36:48.956894+00:00
[2024-06-11T05:36:59.166+0000] {logging_mixin.py:120} INFO - Task 5 is completed
[2024-06-11T05:36:59.196+0000] {local_task_job.py:164} INFO - Task exited with return code 1
[2024-06-11T05:36:59.205+0000] {local_task_job.py:273} INFO - 0 downstream tasks scheduled from follow-on schedule check
