[2024-06-22T15:20:57.940+0000] {taskinstance.py:1165} INFO - Dependencies all met for <TaskInstance: dynamic_tasks_dag.task_2 scheduled__2024-02-18T00:00:00+00:00 [queued]>
[2024-06-22T15:20:57.954+0000] {taskinstance.py:1165} INFO - Dependencies all met for <TaskInstance: dynamic_tasks_dag.task_2 scheduled__2024-02-18T00:00:00+00:00 [queued]>
[2024-06-22T15:20:57.956+0000] {taskinstance.py:1362} INFO - 
--------------------------------------------------------------------------------
[2024-06-22T15:20:57.956+0000] {taskinstance.py:1363} INFO - Starting attempt 1 of 2
[2024-06-22T15:20:57.956+0000] {taskinstance.py:1364} INFO - 
--------------------------------------------------------------------------------
[2024-06-22T15:20:57.983+0000] {taskinstance.py:1383} INFO - Executing <Task(BashOperator): task_2> on 2024-02-18 00:00:00+00:00
[2024-06-22T15:20:57.988+0000] {standard_task_runner.py:55} INFO - Started process 1893 to run task
[2024-06-22T15:20:58.001+0000] {standard_task_runner.py:82} INFO - Running: ['***', 'tasks', 'run', 'dynamic_tasks_dag', 'task_2', 'scheduled__2024-02-18T00:00:00+00:00', '--job-id', '839', '--raw', '--subdir', 'DAGS_FOLDER/dynamic_tasks.py', '--cfg-path', '/tmp/tmpk_jm8rw6']
[2024-06-22T15:20:58.002+0000] {standard_task_runner.py:83} INFO - Job 839: Subtask task_2
[2024-06-22T15:20:58.120+0000] {task_command.py:376} INFO - Running <TaskInstance: dynamic_tasks_dag.task_2 scheduled__2024-02-18T00:00:00+00:00 [running]> on host 5f0aa929f7fe
[2024-06-22T15:20:58.188+0000] {taskinstance.py:1592} INFO - Exporting the following env vars:
AIRFLOW_CTX_DAG_OWNER=***
AIRFLOW_CTX_DAG_ID=dynamic_tasks_dag
AIRFLOW_CTX_TASK_ID=task_2
AIRFLOW_CTX_EXECUTION_DATE=2024-02-18T00:00:00+00:00
AIRFLOW_CTX_TRY_NUMBER=1
AIRFLOW_CTX_DAG_RUN_ID=scheduled__2024-02-18T00:00:00+00:00
[2024-06-22T15:20:58.192+0000] {subprocess.py:63} INFO - Tmp dir root location: 
 /tmp
[2024-06-22T15:20:58.194+0000] {subprocess.py:75} INFO - Running command: ['/bin/bash', '-c', "echo 'This is task 2'"]
[2024-06-22T15:20:58.205+0000] {subprocess.py:86} INFO - Output:
[2024-06-22T15:20:58.208+0000] {subprocess.py:93} INFO - This is task 2
[2024-06-22T15:20:58.208+0000] {subprocess.py:97} INFO - Command exited with return code 0
[2024-06-22T15:20:58.241+0000] {taskinstance.py:1406} INFO - Marking task as SUCCESS. dag_id=dynamic_tasks_dag, task_id=task_2, execution_date=20240218T000000, start_date=20240622T152057, end_date=20240622T152058
[2024-06-22T15:20:58.287+0000] {local_task_job.py:164} INFO - Task exited with return code 0
[2024-06-22T15:20:58.335+0000] {local_task_job.py:273} INFO - 1 downstream tasks scheduled from follow-on schedule check
