[2024-06-22T15:20:02.556+0000] {taskinstance.py:1165} INFO - Dependencies all met for <TaskInstance: dynamic_tasks_dag.task_6 scheduled__2024-01-04T00:00:00+00:00 [queued]>
[2024-06-22T15:20:02.619+0000] {taskinstance.py:1165} INFO - Dependencies all met for <TaskInstance: dynamic_tasks_dag.task_6 scheduled__2024-01-04T00:00:00+00:00 [queued]>
[2024-06-22T15:20:02.625+0000] {taskinstance.py:1362} INFO - 
--------------------------------------------------------------------------------
[2024-06-22T15:20:02.634+0000] {taskinstance.py:1363} INFO - Starting attempt 1 of 2
[2024-06-22T15:20:02.635+0000] {taskinstance.py:1364} INFO - 
--------------------------------------------------------------------------------
[2024-06-22T15:20:02.696+0000] {taskinstance.py:1383} INFO - Executing <Task(BashOperator): task_6> on 2024-01-04 00:00:00+00:00
[2024-06-22T15:20:02.714+0000] {standard_task_runner.py:55} INFO - Started process 626 to run task
[2024-06-22T15:20:02.733+0000] {standard_task_runner.py:82} INFO - Running: ['***', 'tasks', 'run', 'dynamic_tasks_dag', 'task_6', 'scheduled__2024-01-04T00:00:00+00:00', '--job-id', '433', '--raw', '--subdir', 'DAGS_FOLDER/dynamic_tasks.py', '--cfg-path', '/tmp/tmp01zp7504']
[2024-06-22T15:20:02.737+0000] {standard_task_runner.py:83} INFO - Job 433: Subtask task_6
[2024-06-22T15:20:02.894+0000] {task_command.py:376} INFO - Running <TaskInstance: dynamic_tasks_dag.task_6 scheduled__2024-01-04T00:00:00+00:00 [running]> on host 5f0aa929f7fe
[2024-06-22T15:20:03.044+0000] {taskinstance.py:1592} INFO - Exporting the following env vars:
AIRFLOW_CTX_DAG_OWNER=***
AIRFLOW_CTX_DAG_ID=dynamic_tasks_dag
AIRFLOW_CTX_TASK_ID=task_6
AIRFLOW_CTX_EXECUTION_DATE=2024-01-04T00:00:00+00:00
AIRFLOW_CTX_TRY_NUMBER=1
AIRFLOW_CTX_DAG_RUN_ID=scheduled__2024-01-04T00:00:00+00:00
[2024-06-22T15:20:03.048+0000] {subprocess.py:63} INFO - Tmp dir root location: 
 /tmp
[2024-06-22T15:20:03.049+0000] {subprocess.py:75} INFO - Running command: ['/bin/bash', '-c', "echo 'This is task 6'"]
[2024-06-22T15:20:03.071+0000] {subprocess.py:86} INFO - Output:
[2024-06-22T15:20:03.073+0000] {subprocess.py:93} INFO - This is task 6
[2024-06-22T15:20:03.075+0000] {subprocess.py:97} INFO - Command exited with return code 0
[2024-06-22T15:20:03.114+0000] {taskinstance.py:1406} INFO - Marking task as SUCCESS. dag_id=dynamic_tasks_dag, task_id=task_6, execution_date=20240104T000000, start_date=20240622T152002, end_date=20240622T152003
[2024-06-22T15:20:03.142+0000] {local_task_job.py:164} INFO - Task exited with return code 0
[2024-06-22T15:20:03.159+0000] {local_task_job.py:273} INFO - 1 downstream tasks scheduled from follow-on schedule check
