[2024-06-11T22:05:18.837+0000] {taskinstance.py:1165} INFO - Dependencies all met for <TaskInstance: example_dag_with_callback.task1 manual__2024-06-11T22:05:18.146028+00:00 [queued]>
[2024-06-11T22:05:18.842+0000] {taskinstance.py:1165} INFO - Dependencies all met for <TaskInstance: example_dag_with_callback.task1 manual__2024-06-11T22:05:18.146028+00:00 [queued]>
[2024-06-11T22:05:18.842+0000] {taskinstance.py:1362} INFO - 
--------------------------------------------------------------------------------
[2024-06-11T22:05:18.842+0000] {taskinstance.py:1363} INFO - Starting attempt 1 of 1
[2024-06-11T22:05:18.842+0000] {taskinstance.py:1364} INFO - 
--------------------------------------------------------------------------------
[2024-06-11T22:05:18.850+0000] {taskinstance.py:1383} INFO - Executing <Task(PythonOperator): task1> on 2024-06-11 22:05:18.146028+00:00
[2024-06-11T22:05:18.853+0000] {standard_task_runner.py:55} INFO - Started process 2070 to run task
[2024-06-11T22:05:18.855+0000] {standard_task_runner.py:82} INFO - Running: ['***', 'tasks', 'run', 'example_dag_with_callback', 'task1', 'manual__2024-06-11T22:05:18.146028+00:00', '--job-id', '194', '--raw', '--subdir', 'DAGS_FOLDER/example_dag_with_callback.py', '--cfg-path', '/tmp/tmpyppbh4cw']
[2024-06-11T22:05:18.856+0000] {standard_task_runner.py:83} INFO - Job 194: Subtask task1
[2024-06-11T22:05:18.887+0000] {task_command.py:376} INFO - Running <TaskInstance: example_dag_with_callback.task1 manual__2024-06-11T22:05:18.146028+00:00 [running]> on host 91b1d49ba724
[2024-06-11T22:05:18.922+0000] {taskinstance.py:1592} INFO - Exporting the following env vars:
AIRFLOW_CTX_DAG_OWNER=***
AIRFLOW_CTX_DAG_ID=example_dag_with_callback
AIRFLOW_CTX_TASK_ID=task1
AIRFLOW_CTX_EXECUTION_DATE=2024-06-11T22:05:18.146028+00:00
AIRFLOW_CTX_TRY_NUMBER=1
AIRFLOW_CTX_DAG_RUN_ID=manual__2024-06-11T22:05:18.146028+00:00
[2024-06-11T22:05:18.923+0000] {logging_mixin.py:120} INFO - Task 1 is completed
[2024-06-11T22:05:20.928+0000] {python.py:177} INFO - Done. Returned value was: None
[2024-06-11T22:05:20.955+0000] {taskinstance.py:1406} INFO - Marking task as SUCCESS. dag_id=example_dag_with_callback, task_id=task1, execution_date=20240611T220518, start_date=20240611T220518, end_date=20240611T220520
[2024-06-11T22:05:20.955+0000] {logging_mixin.py:120} INFO - DAG has succeeded, run_id: manual__2024-06-11T22:05:18.146028+00:00
[2024-06-11T22:05:20.984+0000] {local_task_job.py:164} INFO - Task exited with return code 0
[2024-06-11T22:05:20.999+0000] {local_task_job.py:273} INFO - 1 downstream tasks scheduled from follow-on schedule check
