[2024-06-22T15:20:59.018+0000] {taskinstance.py:1165} INFO - Dependencies all met for <TaskInstance: dynamic_tasks_dag.task_3 scheduled__2024-02-17T00:00:00+00:00 [queued]>
[2024-06-22T15:20:59.048+0000] {taskinstance.py:1165} INFO - Dependencies all met for <TaskInstance: dynamic_tasks_dag.task_3 scheduled__2024-02-17T00:00:00+00:00 [queued]>
[2024-06-22T15:20:59.050+0000] {taskinstance.py:1362} INFO - 
--------------------------------------------------------------------------------
[2024-06-22T15:20:59.054+0000] {taskinstance.py:1363} INFO - Starting attempt 1 of 2
[2024-06-22T15:20:59.057+0000] {taskinstance.py:1364} INFO - 
--------------------------------------------------------------------------------
[2024-06-22T15:20:59.075+0000] {taskinstance.py:1383} INFO - Executing <Task(BashOperator): task_3> on 2024-02-17 00:00:00+00:00
[2024-06-22T15:20:59.089+0000] {standard_task_runner.py:55} INFO - Started process 1933 to run task
[2024-06-22T15:20:59.100+0000] {standard_task_runner.py:82} INFO - Running: ['***', 'tasks', 'run', 'dynamic_tasks_dag', 'task_3', 'scheduled__2024-02-17T00:00:00+00:00', '--job-id', '850', '--raw', '--subdir', 'DAGS_FOLDER/dynamic_tasks.py', '--cfg-path', '/tmp/tmp8mbknban']
[2024-06-22T15:20:59.106+0000] {standard_task_runner.py:83} INFO - Job 850: Subtask task_3
[2024-06-22T15:20:59.224+0000] {task_command.py:376} INFO - Running <TaskInstance: dynamic_tasks_dag.task_3 scheduled__2024-02-17T00:00:00+00:00 [running]> on host 5f0aa929f7fe
[2024-06-22T15:20:59.320+0000] {taskinstance.py:1592} INFO - Exporting the following env vars:
AIRFLOW_CTX_DAG_OWNER=***
AIRFLOW_CTX_DAG_ID=dynamic_tasks_dag
AIRFLOW_CTX_TASK_ID=task_3
AIRFLOW_CTX_EXECUTION_DATE=2024-02-17T00:00:00+00:00
AIRFLOW_CTX_TRY_NUMBER=1
AIRFLOW_CTX_DAG_RUN_ID=scheduled__2024-02-17T00:00:00+00:00
[2024-06-22T15:20:59.320+0000] {subprocess.py:63} INFO - Tmp dir root location: 
 /tmp
[2024-06-22T15:20:59.322+0000] {subprocess.py:75} INFO - Running command: ['/bin/bash', '-c', "echo 'This is task 3'"]
[2024-06-22T15:20:59.384+0000] {subprocess.py:86} INFO - Output:
[2024-06-22T15:20:59.385+0000] {subprocess.py:93} INFO - This is task 3
[2024-06-22T15:20:59.411+0000] {subprocess.py:97} INFO - Command exited with return code 0
[2024-06-22T15:20:59.455+0000] {taskinstance.py:1406} INFO - Marking task as SUCCESS. dag_id=dynamic_tasks_dag, task_id=task_3, execution_date=20240217T000000, start_date=20240622T152059, end_date=20240622T152059
[2024-06-22T15:20:59.553+0000] {local_task_job.py:164} INFO - Task exited with return code 0
[2024-06-22T15:20:59.607+0000] {local_task_job.py:273} INFO - 1 downstream tasks scheduled from follow-on schedule check
