[2024-06-22T15:21:02.701+0000] {taskinstance.py:1165} INFO - Dependencies all met for <TaskInstance: dynamic_tasks_dag.task_3 scheduled__2024-02-26T00:00:00+00:00 [queued]>
[2024-06-22T15:21:02.727+0000] {taskinstance.py:1165} INFO - Dependencies all met for <TaskInstance: dynamic_tasks_dag.task_3 scheduled__2024-02-26T00:00:00+00:00 [queued]>
[2024-06-22T15:21:02.728+0000] {taskinstance.py:1362} INFO - 
--------------------------------------------------------------------------------
[2024-06-22T15:21:02.729+0000] {taskinstance.py:1363} INFO - Starting attempt 1 of 2
[2024-06-22T15:21:02.730+0000] {taskinstance.py:1364} INFO - 
--------------------------------------------------------------------------------
[2024-06-22T15:21:02.771+0000] {taskinstance.py:1383} INFO - Executing <Task(BashOperator): task_3> on 2024-02-26 00:00:00+00:00
[2024-06-22T15:21:02.786+0000] {standard_task_runner.py:55} INFO - Started process 2024 to run task
[2024-06-22T15:21:02.814+0000] {standard_task_runner.py:82} INFO - Running: ['***', 'tasks', 'run', 'dynamic_tasks_dag', 'task_3', 'scheduled__2024-02-26T00:00:00+00:00', '--job-id', '883', '--raw', '--subdir', 'DAGS_FOLDER/dynamic_tasks.py', '--cfg-path', '/tmp/tmpzhy0l7kv']
[2024-06-22T15:21:02.839+0000] {standard_task_runner.py:83} INFO - Job 883: Subtask task_3
[2024-06-22T15:21:03.066+0000] {task_command.py:376} INFO - Running <TaskInstance: dynamic_tasks_dag.task_3 scheduled__2024-02-26T00:00:00+00:00 [running]> on host 5f0aa929f7fe
[2024-06-22T15:21:03.241+0000] {taskinstance.py:1592} INFO - Exporting the following env vars:
AIRFLOW_CTX_DAG_OWNER=***
AIRFLOW_CTX_DAG_ID=dynamic_tasks_dag
AIRFLOW_CTX_TASK_ID=task_3
AIRFLOW_CTX_EXECUTION_DATE=2024-02-26T00:00:00+00:00
AIRFLOW_CTX_TRY_NUMBER=1
AIRFLOW_CTX_DAG_RUN_ID=scheduled__2024-02-26T00:00:00+00:00
[2024-06-22T15:21:03.241+0000] {subprocess.py:63} INFO - Tmp dir root location: 
 /tmp
[2024-06-22T15:21:03.243+0000] {subprocess.py:75} INFO - Running command: ['/bin/bash', '-c', "echo 'This is task 3'"]
[2024-06-22T15:21:03.284+0000] {subprocess.py:86} INFO - Output:
[2024-06-22T15:21:03.288+0000] {subprocess.py:93} INFO - This is task 3
[2024-06-22T15:21:03.295+0000] {subprocess.py:97} INFO - Command exited with return code 0
[2024-06-22T15:21:03.330+0000] {taskinstance.py:1406} INFO - Marking task as SUCCESS. dag_id=dynamic_tasks_dag, task_id=task_3, execution_date=20240226T000000, start_date=20240622T152102, end_date=20240622T152103
[2024-06-22T15:21:03.376+0000] {local_task_job.py:164} INFO - Task exited with return code 0
[2024-06-22T15:21:03.415+0000] {local_task_job.py:273} INFO - 1 downstream tasks scheduled from follow-on schedule check
