[2024-06-22T15:20:45.955+0000] {taskinstance.py:1165} INFO - Dependencies all met for <TaskInstance: dynamic_tasks_dag.task_5 scheduled__2024-02-12T00:00:00+00:00 [queued]>
[2024-06-22T15:20:45.978+0000] {taskinstance.py:1165} INFO - Dependencies all met for <TaskInstance: dynamic_tasks_dag.task_5 scheduled__2024-02-12T00:00:00+00:00 [queued]>
[2024-06-22T15:20:45.983+0000] {taskinstance.py:1362} INFO - 
--------------------------------------------------------------------------------
[2024-06-22T15:20:45.986+0000] {taskinstance.py:1363} INFO - Starting attempt 1 of 2
[2024-06-22T15:20:45.987+0000] {taskinstance.py:1364} INFO - 
--------------------------------------------------------------------------------
[2024-06-22T15:20:46.027+0000] {taskinstance.py:1383} INFO - Executing <Task(BashOperator): task_5> on 2024-02-12 00:00:00+00:00
[2024-06-22T15:20:46.033+0000] {standard_task_runner.py:55} INFO - Started process 1632 to run task
[2024-06-22T15:20:46.049+0000] {standard_task_runner.py:82} INFO - Running: ['***', 'tasks', 'run', 'dynamic_tasks_dag', 'task_5', 'scheduled__2024-02-12T00:00:00+00:00', '--job-id', '757', '--raw', '--subdir', 'DAGS_FOLDER/dynamic_tasks.py', '--cfg-path', '/tmp/tmp3g3ss1rq']
[2024-06-22T15:20:46.051+0000] {standard_task_runner.py:83} INFO - Job 757: Subtask task_5
[2024-06-22T15:20:46.193+0000] {task_command.py:376} INFO - Running <TaskInstance: dynamic_tasks_dag.task_5 scheduled__2024-02-12T00:00:00+00:00 [running]> on host 5f0aa929f7fe
[2024-06-22T15:20:46.356+0000] {taskinstance.py:1592} INFO - Exporting the following env vars:
AIRFLOW_CTX_DAG_OWNER=***
AIRFLOW_CTX_DAG_ID=dynamic_tasks_dag
AIRFLOW_CTX_TASK_ID=task_5
AIRFLOW_CTX_EXECUTION_DATE=2024-02-12T00:00:00+00:00
AIRFLOW_CTX_TRY_NUMBER=1
AIRFLOW_CTX_DAG_RUN_ID=scheduled__2024-02-12T00:00:00+00:00
[2024-06-22T15:20:46.357+0000] {subprocess.py:63} INFO - Tmp dir root location: 
 /tmp
[2024-06-22T15:20:46.358+0000] {subprocess.py:75} INFO - Running command: ['/bin/bash', '-c', "echo 'This is task 5'"]
[2024-06-22T15:20:46.398+0000] {subprocess.py:86} INFO - Output:
[2024-06-22T15:20:46.399+0000] {subprocess.py:93} INFO - This is task 5
[2024-06-22T15:20:46.410+0000] {subprocess.py:97} INFO - Command exited with return code 0
[2024-06-22T15:20:46.459+0000] {taskinstance.py:1406} INFO - Marking task as SUCCESS. dag_id=dynamic_tasks_dag, task_id=task_5, execution_date=20240212T000000, start_date=20240622T152045, end_date=20240622T152046
[2024-06-22T15:20:46.512+0000] {local_task_job.py:164} INFO - Task exited with return code 0
[2024-06-22T15:20:46.563+0000] {local_task_job.py:273} INFO - 1 downstream tasks scheduled from follow-on schedule check
