[2024-06-22T15:21:40.542+0000] {taskinstance.py:1165} INFO - Dependencies all met for <TaskInstance: dynamic_tasks_dag.task_1 scheduled__2024-03-31T00:00:00+00:00 [queued]>
[2024-06-22T15:21:40.561+0000] {taskinstance.py:1165} INFO - Dependencies all met for <TaskInstance: dynamic_tasks_dag.task_1 scheduled__2024-03-31T00:00:00+00:00 [queued]>
[2024-06-22T15:21:40.563+0000] {taskinstance.py:1362} INFO - 
--------------------------------------------------------------------------------
[2024-06-22T15:21:40.564+0000] {taskinstance.py:1363} INFO - Starting attempt 1 of 2
[2024-06-22T15:21:40.564+0000] {taskinstance.py:1364} INFO - 
--------------------------------------------------------------------------------
[2024-06-22T15:21:40.617+0000] {taskinstance.py:1383} INFO - Executing <Task(BashOperator): task_1> on 2024-03-31 00:00:00+00:00
[2024-06-22T15:21:40.630+0000] {standard_task_runner.py:55} INFO - Started process 2925 to run task
[2024-06-22T15:21:40.642+0000] {standard_task_runner.py:82} INFO - Running: ['***', 'tasks', 'run', 'dynamic_tasks_dag', 'task_1', 'scheduled__2024-03-31T00:00:00+00:00', '--job-id', '1172', '--raw', '--subdir', 'DAGS_FOLDER/dynamic_tasks.py', '--cfg-path', '/tmp/tmp8u22tg3h']
[2024-06-22T15:21:40.643+0000] {standard_task_runner.py:83} INFO - Job 1172: Subtask task_1
[2024-06-22T15:21:40.760+0000] {task_command.py:376} INFO - Running <TaskInstance: dynamic_tasks_dag.task_1 scheduled__2024-03-31T00:00:00+00:00 [running]> on host 5f0aa929f7fe
[2024-06-22T15:21:40.929+0000] {taskinstance.py:1592} INFO - Exporting the following env vars:
AIRFLOW_CTX_DAG_OWNER=***
AIRFLOW_CTX_DAG_ID=dynamic_tasks_dag
AIRFLOW_CTX_TASK_ID=task_1
AIRFLOW_CTX_EXECUTION_DATE=2024-03-31T00:00:00+00:00
AIRFLOW_CTX_TRY_NUMBER=1
AIRFLOW_CTX_DAG_RUN_ID=scheduled__2024-03-31T00:00:00+00:00
[2024-06-22T15:21:40.930+0000] {subprocess.py:63} INFO - Tmp dir root location: 
 /tmp
[2024-06-22T15:21:40.932+0000] {subprocess.py:75} INFO - Running command: ['/bin/bash', '-c', "echo 'This is task 1'"]
[2024-06-22T15:21:40.962+0000] {subprocess.py:86} INFO - Output:
[2024-06-22T15:21:40.968+0000] {subprocess.py:93} INFO - This is task 1
[2024-06-22T15:21:40.971+0000] {subprocess.py:97} INFO - Command exited with return code 0
[2024-06-22T15:21:40.998+0000] {taskinstance.py:1406} INFO - Marking task as SUCCESS. dag_id=dynamic_tasks_dag, task_id=task_1, execution_date=20240331T000000, start_date=20240622T152140, end_date=20240622T152140
[2024-06-22T15:21:41.065+0000] {local_task_job.py:164} INFO - Task exited with return code 0
[2024-06-22T15:21:41.121+0000] {local_task_job.py:273} INFO - 1 downstream tasks scheduled from follow-on schedule check
