[2024-06-22T15:20:07.914+0000] {taskinstance.py:1165} INFO - Dependencies all met for <TaskInstance: dynamic_tasks_dag.task_8 scheduled__2024-01-10T00:00:00+00:00 [queued]>
[2024-06-22T15:20:07.942+0000] {taskinstance.py:1165} INFO - Dependencies all met for <TaskInstance: dynamic_tasks_dag.task_8 scheduled__2024-01-10T00:00:00+00:00 [queued]>
[2024-06-22T15:20:07.950+0000] {taskinstance.py:1362} INFO - 
--------------------------------------------------------------------------------
[2024-06-22T15:20:07.952+0000] {taskinstance.py:1363} INFO - Starting attempt 1 of 2
[2024-06-22T15:20:07.953+0000] {taskinstance.py:1364} INFO - 
--------------------------------------------------------------------------------
[2024-06-22T15:20:07.984+0000] {taskinstance.py:1383} INFO - Executing <Task(BashOperator): task_8> on 2024-01-10 00:00:00+00:00
[2024-06-22T15:20:08.003+0000] {standard_task_runner.py:55} INFO - Started process 760 to run task
[2024-06-22T15:20:08.028+0000] {standard_task_runner.py:82} INFO - Running: ['***', 'tasks', 'run', 'dynamic_tasks_dag', 'task_8', 'scheduled__2024-01-10T00:00:00+00:00', '--job-id', '478', '--raw', '--subdir', 'DAGS_FOLDER/dynamic_tasks.py', '--cfg-path', '/tmp/tmpn8w2p6l8']
[2024-06-22T15:20:08.077+0000] {standard_task_runner.py:83} INFO - Job 478: Subtask task_8
[2024-06-22T15:20:08.265+0000] {task_command.py:376} INFO - Running <TaskInstance: dynamic_tasks_dag.task_8 scheduled__2024-01-10T00:00:00+00:00 [running]> on host 5f0aa929f7fe
[2024-06-22T15:20:08.432+0000] {taskinstance.py:1592} INFO - Exporting the following env vars:
AIRFLOW_CTX_DAG_OWNER=***
AIRFLOW_CTX_DAG_ID=dynamic_tasks_dag
AIRFLOW_CTX_TASK_ID=task_8
AIRFLOW_CTX_EXECUTION_DATE=2024-01-10T00:00:00+00:00
AIRFLOW_CTX_TRY_NUMBER=1
AIRFLOW_CTX_DAG_RUN_ID=scheduled__2024-01-10T00:00:00+00:00
[2024-06-22T15:20:08.435+0000] {subprocess.py:63} INFO - Tmp dir root location: 
 /tmp
[2024-06-22T15:20:08.438+0000] {subprocess.py:75} INFO - Running command: ['/bin/bash', '-c', "echo 'This is task 8'"]
[2024-06-22T15:20:08.469+0000] {subprocess.py:86} INFO - Output:
[2024-06-22T15:20:08.484+0000] {subprocess.py:93} INFO - This is task 8
[2024-06-22T15:20:08.494+0000] {subprocess.py:97} INFO - Command exited with return code 0
[2024-06-22T15:20:08.530+0000] {taskinstance.py:1406} INFO - Marking task as SUCCESS. dag_id=dynamic_tasks_dag, task_id=task_8, execution_date=20240110T000000, start_date=20240622T152007, end_date=20240622T152008
[2024-06-22T15:20:08.566+0000] {local_task_job.py:164} INFO - Task exited with return code 0
[2024-06-22T15:20:08.591+0000] {local_task_job.py:273} INFO - 1 downstream tasks scheduled from follow-on schedule check
