[2024-06-22T15:21:47.832+0000] {taskinstance.py:1165} INFO - Dependencies all met for <TaskInstance: dynamic_tasks_dag.task_7 scheduled__2024-03-23T00:00:00+00:00 [queued]>
[2024-06-22T15:21:47.858+0000] {taskinstance.py:1165} INFO - Dependencies all met for <TaskInstance: dynamic_tasks_dag.task_7 scheduled__2024-03-23T00:00:00+00:00 [queued]>
[2024-06-22T15:21:47.858+0000] {taskinstance.py:1362} INFO - 
--------------------------------------------------------------------------------
[2024-06-22T15:21:47.859+0000] {taskinstance.py:1363} INFO - Starting attempt 1 of 2
[2024-06-22T15:21:47.859+0000] {taskinstance.py:1364} INFO - 
--------------------------------------------------------------------------------
[2024-06-22T15:21:48.025+0000] {taskinstance.py:1383} INFO - Executing <Task(BashOperator): task_7> on 2024-03-23 00:00:00+00:00
[2024-06-22T15:21:48.030+0000] {standard_task_runner.py:55} INFO - Started process 3112 to run task
[2024-06-22T15:21:48.087+0000] {standard_task_runner.py:82} INFO - Running: ['***', 'tasks', 'run', 'dynamic_tasks_dag', 'task_7', 'scheduled__2024-03-23T00:00:00+00:00', '--job-id', '1233', '--raw', '--subdir', 'DAGS_FOLDER/dynamic_tasks.py', '--cfg-path', '/tmp/tmpwby93n5i']
[2024-06-22T15:21:48.101+0000] {standard_task_runner.py:83} INFO - Job 1233: Subtask task_7
[2024-06-22T15:21:48.303+0000] {task_command.py:376} INFO - Running <TaskInstance: dynamic_tasks_dag.task_7 scheduled__2024-03-23T00:00:00+00:00 [running]> on host 5f0aa929f7fe
[2024-06-22T15:21:48.486+0000] {taskinstance.py:1592} INFO - Exporting the following env vars:
AIRFLOW_CTX_DAG_OWNER=***
AIRFLOW_CTX_DAG_ID=dynamic_tasks_dag
AIRFLOW_CTX_TASK_ID=task_7
AIRFLOW_CTX_EXECUTION_DATE=2024-03-23T00:00:00+00:00
AIRFLOW_CTX_TRY_NUMBER=1
AIRFLOW_CTX_DAG_RUN_ID=scheduled__2024-03-23T00:00:00+00:00
[2024-06-22T15:21:48.489+0000] {subprocess.py:63} INFO - Tmp dir root location: 
 /tmp
[2024-06-22T15:21:48.495+0000] {subprocess.py:75} INFO - Running command: ['/bin/bash', '-c', "echo 'This is task 7'"]
[2024-06-22T15:21:48.533+0000] {subprocess.py:86} INFO - Output:
[2024-06-22T15:21:48.534+0000] {subprocess.py:93} INFO - This is task 7
[2024-06-22T15:21:48.542+0000] {subprocess.py:97} INFO - Command exited with return code 0
[2024-06-22T15:21:48.602+0000] {taskinstance.py:1406} INFO - Marking task as SUCCESS. dag_id=dynamic_tasks_dag, task_id=task_7, execution_date=20240323T000000, start_date=20240622T152147, end_date=20240622T152148
[2024-06-22T15:21:48.739+0000] {local_task_job.py:164} INFO - Task exited with return code 0
[2024-06-22T15:21:48.829+0000] {local_task_job.py:273} INFO - 1 downstream tasks scheduled from follow-on schedule check
