[2024-06-22T15:32:34.527+0000] {taskinstance.py:1165} INFO - Dependencies all met for <TaskInstance: dynamic_tasks_dag.task_10 manual__2024-06-22T15:31:21.865190+00:00 [queued]>
[2024-06-22T15:32:34.532+0000] {taskinstance.py:1165} INFO - Dependencies all met for <TaskInstance: dynamic_tasks_dag.task_10 manual__2024-06-22T15:31:21.865190+00:00 [queued]>
[2024-06-22T15:32:34.532+0000] {taskinstance.py:1362} INFO - 
--------------------------------------------------------------------------------
[2024-06-22T15:32:34.533+0000] {taskinstance.py:1363} INFO - Starting attempt 1 of 2
[2024-06-22T15:32:34.533+0000] {taskinstance.py:1364} INFO - 
--------------------------------------------------------------------------------
[2024-06-22T15:32:34.539+0000] {taskinstance.py:1383} INFO - Executing <Task(BashOperator): task_10> on 2024-06-22 15:31:21.865190+00:00
[2024-06-22T15:32:34.542+0000] {standard_task_runner.py:55} INFO - Started process 3926 to run task
[2024-06-22T15:32:34.544+0000] {standard_task_runner.py:82} INFO - Running: ['***', 'tasks', 'run', 'dynamic_tasks_dag', 'task_10', 'manual__2024-06-22T15:31:21.865190+00:00', '--job-id', '1322', '--raw', '--subdir', 'DAGS_FOLDER/dynamic_tasks.py', '--cfg-path', '/tmp/tmp8vy3h8i4']
[2024-06-22T15:32:34.545+0000] {standard_task_runner.py:83} INFO - Job 1322: Subtask task_10
[2024-06-22T15:32:34.577+0000] {task_command.py:376} INFO - Running <TaskInstance: dynamic_tasks_dag.task_10 manual__2024-06-22T15:31:21.865190+00:00 [running]> on host 5f0aa929f7fe
[2024-06-22T15:32:34.611+0000] {taskinstance.py:1592} INFO - Exporting the following env vars:
AIRFLOW_CTX_DAG_OWNER=***
AIRFLOW_CTX_DAG_ID=dynamic_tasks_dag
AIRFLOW_CTX_TASK_ID=task_10
AIRFLOW_CTX_EXECUTION_DATE=2024-06-22T15:31:21.865190+00:00
AIRFLOW_CTX_TRY_NUMBER=1
AIRFLOW_CTX_DAG_RUN_ID=manual__2024-06-22T15:31:21.865190+00:00
[2024-06-22T15:32:34.612+0000] {subprocess.py:63} INFO - Tmp dir root location: 
 /tmp
[2024-06-22T15:32:34.612+0000] {subprocess.py:75} INFO - Running command: ['/bin/bash', '-c', "echo 'This is task 10'"]
[2024-06-22T15:32:34.618+0000] {subprocess.py:86} INFO - Output:
[2024-06-22T15:32:34.619+0000] {subprocess.py:93} INFO - This is task 10
[2024-06-22T15:32:34.619+0000] {subprocess.py:97} INFO - Command exited with return code 0
[2024-06-22T15:32:34.631+0000] {taskinstance.py:1406} INFO - Marking task as SUCCESS. dag_id=dynamic_tasks_dag, task_id=task_10, execution_date=20240622T153121, start_date=20240622T153234, end_date=20240622T153234
[2024-06-22T15:32:34.676+0000] {local_task_job.py:164} INFO - Task exited with return code 0
[2024-06-22T15:32:34.686+0000] {local_task_job.py:273} INFO - 0 downstream tasks scheduled from follow-on schedule check
