[2024-06-22T15:21:09.485+0000] {taskinstance.py:1165} INFO - Dependencies all met for <TaskInstance: dynamic_tasks_dag.task_6 scheduled__2024-03-01T00:00:00+00:00 [queued]>
[2024-06-22T15:21:09.514+0000] {taskinstance.py:1165} INFO - Dependencies all met for <TaskInstance: dynamic_tasks_dag.task_6 scheduled__2024-03-01T00:00:00+00:00 [queued]>
[2024-06-22T15:21:09.517+0000] {taskinstance.py:1362} INFO - 
--------------------------------------------------------------------------------
[2024-06-22T15:21:09.521+0000] {taskinstance.py:1363} INFO - Starting attempt 1 of 2
[2024-06-22T15:21:09.523+0000] {taskinstance.py:1364} INFO - 
--------------------------------------------------------------------------------
[2024-06-22T15:21:09.562+0000] {taskinstance.py:1383} INFO - Executing <Task(BashOperator): task_6> on 2024-03-01 00:00:00+00:00
[2024-06-22T15:21:09.574+0000] {standard_task_runner.py:55} INFO - Started process 2211 to run task
[2024-06-22T15:21:09.591+0000] {standard_task_runner.py:82} INFO - Running: ['***', 'tasks', 'run', 'dynamic_tasks_dag', 'task_6', 'scheduled__2024-03-01T00:00:00+00:00', '--job-id', '940', '--raw', '--subdir', 'DAGS_FOLDER/dynamic_tasks.py', '--cfg-path', '/tmp/tmpy9t7ek9l']
[2024-06-22T15:21:09.595+0000] {standard_task_runner.py:83} INFO - Job 940: Subtask task_6
[2024-06-22T15:21:09.746+0000] {task_command.py:376} INFO - Running <TaskInstance: dynamic_tasks_dag.task_6 scheduled__2024-03-01T00:00:00+00:00 [running]> on host 5f0aa929f7fe
[2024-06-22T15:21:09.902+0000] {taskinstance.py:1592} INFO - Exporting the following env vars:
AIRFLOW_CTX_DAG_OWNER=***
AIRFLOW_CTX_DAG_ID=dynamic_tasks_dag
AIRFLOW_CTX_TASK_ID=task_6
AIRFLOW_CTX_EXECUTION_DATE=2024-03-01T00:00:00+00:00
AIRFLOW_CTX_TRY_NUMBER=1
AIRFLOW_CTX_DAG_RUN_ID=scheduled__2024-03-01T00:00:00+00:00
[2024-06-22T15:21:09.904+0000] {subprocess.py:63} INFO - Tmp dir root location: 
 /tmp
[2024-06-22T15:21:09.905+0000] {subprocess.py:75} INFO - Running command: ['/bin/bash', '-c', "echo 'This is task 6'"]
[2024-06-22T15:21:09.935+0000] {subprocess.py:86} INFO - Output:
[2024-06-22T15:21:09.936+0000] {subprocess.py:93} INFO - This is task 6
[2024-06-22T15:21:09.941+0000] {subprocess.py:97} INFO - Command exited with return code 0
[2024-06-22T15:21:09.989+0000] {taskinstance.py:1406} INFO - Marking task as SUCCESS. dag_id=dynamic_tasks_dag, task_id=task_6, execution_date=20240301T000000, start_date=20240622T152109, end_date=20240622T152109
[2024-06-22T15:21:10.047+0000] {local_task_job.py:164} INFO - Task exited with return code 0
[2024-06-22T15:21:10.093+0000] {local_task_job.py:273} INFO - 1 downstream tasks scheduled from follow-on schedule check
