[2024-06-22T15:21:11.584+0000] {taskinstance.py:1165} INFO - Dependencies all met for <TaskInstance: dynamic_tasks_dag.task_8 scheduled__2024-02-26T00:00:00+00:00 [queued]>
[2024-06-22T15:21:11.604+0000] {taskinstance.py:1165} INFO - Dependencies all met for <TaskInstance: dynamic_tasks_dag.task_8 scheduled__2024-02-26T00:00:00+00:00 [queued]>
[2024-06-22T15:21:11.605+0000] {taskinstance.py:1362} INFO - 
--------------------------------------------------------------------------------
[2024-06-22T15:21:11.611+0000] {taskinstance.py:1363} INFO - Starting attempt 1 of 2
[2024-06-22T15:21:11.611+0000] {taskinstance.py:1364} INFO - 
--------------------------------------------------------------------------------
[2024-06-22T15:21:11.637+0000] {taskinstance.py:1383} INFO - Executing <Task(BashOperator): task_8> on 2024-02-26 00:00:00+00:00
[2024-06-22T15:21:11.643+0000] {standard_task_runner.py:55} INFO - Started process 2267 to run task
[2024-06-22T15:21:11.666+0000] {standard_task_runner.py:82} INFO - Running: ['***', 'tasks', 'run', 'dynamic_tasks_dag', 'task_8', 'scheduled__2024-02-26T00:00:00+00:00', '--job-id', '966', '--raw', '--subdir', 'DAGS_FOLDER/dynamic_tasks.py', '--cfg-path', '/tmp/tmpui6rfcd3']
[2024-06-22T15:21:11.682+0000] {standard_task_runner.py:83} INFO - Job 966: Subtask task_8
[2024-06-22T15:21:11.844+0000] {task_command.py:376} INFO - Running <TaskInstance: dynamic_tasks_dag.task_8 scheduled__2024-02-26T00:00:00+00:00 [running]> on host 5f0aa929f7fe
[2024-06-22T15:21:12.059+0000] {taskinstance.py:1592} INFO - Exporting the following env vars:
AIRFLOW_CTX_DAG_OWNER=***
AIRFLOW_CTX_DAG_ID=dynamic_tasks_dag
AIRFLOW_CTX_TASK_ID=task_8
AIRFLOW_CTX_EXECUTION_DATE=2024-02-26T00:00:00+00:00
AIRFLOW_CTX_TRY_NUMBER=1
AIRFLOW_CTX_DAG_RUN_ID=scheduled__2024-02-26T00:00:00+00:00
[2024-06-22T15:21:12.063+0000] {subprocess.py:63} INFO - Tmp dir root location: 
 /tmp
[2024-06-22T15:21:12.066+0000] {subprocess.py:75} INFO - Running command: ['/bin/bash', '-c', "echo 'This is task 8'"]
[2024-06-22T15:21:12.142+0000] {subprocess.py:86} INFO - Output:
[2024-06-22T15:21:12.154+0000] {subprocess.py:93} INFO - This is task 8
[2024-06-22T15:21:12.154+0000] {subprocess.py:97} INFO - Command exited with return code 0
[2024-06-22T15:21:12.203+0000] {taskinstance.py:1406} INFO - Marking task as SUCCESS. dag_id=dynamic_tasks_dag, task_id=task_8, execution_date=20240226T000000, start_date=20240622T152111, end_date=20240622T152112
[2024-06-22T15:21:12.294+0000] {local_task_job.py:164} INFO - Task exited with return code 0
[2024-06-22T15:21:12.321+0000] {local_task_job.py:273} INFO - 1 downstream tasks scheduled from follow-on schedule check
