[2024-06-22T15:20:51.192+0000] {taskinstance.py:1165} INFO - Dependencies all met for <TaskInstance: dynamic_tasks_dag.task_8 scheduled__2024-02-10T00:00:00+00:00 [queued]>
[2024-06-22T15:20:51.228+0000] {taskinstance.py:1165} INFO - Dependencies all met for <TaskInstance: dynamic_tasks_dag.task_8 scheduled__2024-02-10T00:00:00+00:00 [queued]>
[2024-06-22T15:20:51.234+0000] {taskinstance.py:1362} INFO - 
--------------------------------------------------------------------------------
[2024-06-22T15:20:51.234+0000] {taskinstance.py:1363} INFO - Starting attempt 1 of 2
[2024-06-22T15:20:51.238+0000] {taskinstance.py:1364} INFO - 
--------------------------------------------------------------------------------
[2024-06-22T15:20:51.279+0000] {taskinstance.py:1383} INFO - Executing <Task(BashOperator): task_8> on 2024-02-10 00:00:00+00:00
[2024-06-22T15:20:51.294+0000] {standard_task_runner.py:82} INFO - Running: ['***', 'tasks', 'run', 'dynamic_tasks_dag', 'task_8', 'scheduled__2024-02-10T00:00:00+00:00', '--job-id', '807', '--raw', '--subdir', 'DAGS_FOLDER/dynamic_tasks.py', '--cfg-path', '/tmp/tmpxk3bd6y8']
[2024-06-22T15:20:51.296+0000] {standard_task_runner.py:83} INFO - Job 807: Subtask task_8
[2024-06-22T15:20:51.296+0000] {standard_task_runner.py:55} INFO - Started process 1784 to run task
[2024-06-22T15:20:51.435+0000] {task_command.py:376} INFO - Running <TaskInstance: dynamic_tasks_dag.task_8 scheduled__2024-02-10T00:00:00+00:00 [running]> on host 5f0aa929f7fe
[2024-06-22T15:20:51.752+0000] {taskinstance.py:1592} INFO - Exporting the following env vars:
AIRFLOW_CTX_DAG_OWNER=***
AIRFLOW_CTX_DAG_ID=dynamic_tasks_dag
AIRFLOW_CTX_TASK_ID=task_8
AIRFLOW_CTX_EXECUTION_DATE=2024-02-10T00:00:00+00:00
AIRFLOW_CTX_TRY_NUMBER=1
AIRFLOW_CTX_DAG_RUN_ID=scheduled__2024-02-10T00:00:00+00:00
[2024-06-22T15:20:51.753+0000] {subprocess.py:63} INFO - Tmp dir root location: 
 /tmp
[2024-06-22T15:20:51.753+0000] {subprocess.py:75} INFO - Running command: ['/bin/bash', '-c', "echo 'This is task 8'"]
[2024-06-22T15:20:51.793+0000] {subprocess.py:86} INFO - Output:
[2024-06-22T15:20:51.799+0000] {subprocess.py:93} INFO - This is task 8
[2024-06-22T15:20:51.801+0000] {subprocess.py:97} INFO - Command exited with return code 0
[2024-06-22T15:20:51.846+0000] {taskinstance.py:1406} INFO - Marking task as SUCCESS. dag_id=dynamic_tasks_dag, task_id=task_8, execution_date=20240210T000000, start_date=20240622T152051, end_date=20240622T152051
[2024-06-22T15:20:51.963+0000] {local_task_job.py:164} INFO - Task exited with return code 0
[2024-06-22T15:20:51.998+0000] {local_task_job.py:273} INFO - 1 downstream tasks scheduled from follow-on schedule check
