[2024-06-22T15:20:38.209+0000] {taskinstance.py:1165} INFO - Dependencies all met for <TaskInstance: dynamic_tasks_dag.task_1 scheduled__2024-02-11T00:00:00+00:00 [queued]>
[2024-06-22T15:20:38.237+0000] {taskinstance.py:1165} INFO - Dependencies all met for <TaskInstance: dynamic_tasks_dag.task_1 scheduled__2024-02-11T00:00:00+00:00 [queued]>
[2024-06-22T15:20:38.241+0000] {taskinstance.py:1362} INFO - 
--------------------------------------------------------------------------------
[2024-06-22T15:20:38.244+0000] {taskinstance.py:1363} INFO - Starting attempt 1 of 2
[2024-06-22T15:20:38.244+0000] {taskinstance.py:1364} INFO - 
--------------------------------------------------------------------------------
[2024-06-22T15:20:38.265+0000] {taskinstance.py:1383} INFO - Executing <Task(BashOperator): task_1> on 2024-02-11 00:00:00+00:00
[2024-06-22T15:20:38.270+0000] {standard_task_runner.py:55} INFO - Started process 1434 to run task
[2024-06-22T15:20:38.281+0000] {standard_task_runner.py:82} INFO - Running: ['***', 'tasks', 'run', 'dynamic_tasks_dag', 'task_1', 'scheduled__2024-02-11T00:00:00+00:00', '--job-id', '689', '--raw', '--subdir', 'DAGS_FOLDER/dynamic_tasks.py', '--cfg-path', '/tmp/tmpfhtsyqsf']
[2024-06-22T15:20:38.290+0000] {standard_task_runner.py:83} INFO - Job 689: Subtask task_1
[2024-06-22T15:20:38.419+0000] {task_command.py:376} INFO - Running <TaskInstance: dynamic_tasks_dag.task_1 scheduled__2024-02-11T00:00:00+00:00 [running]> on host 5f0aa929f7fe
[2024-06-22T15:20:38.526+0000] {taskinstance.py:1592} INFO - Exporting the following env vars:
AIRFLOW_CTX_DAG_OWNER=***
AIRFLOW_CTX_DAG_ID=dynamic_tasks_dag
AIRFLOW_CTX_TASK_ID=task_1
AIRFLOW_CTX_EXECUTION_DATE=2024-02-11T00:00:00+00:00
AIRFLOW_CTX_TRY_NUMBER=1
AIRFLOW_CTX_DAG_RUN_ID=scheduled__2024-02-11T00:00:00+00:00
[2024-06-22T15:20:38.529+0000] {subprocess.py:63} INFO - Tmp dir root location: 
 /tmp
[2024-06-22T15:20:38.535+0000] {subprocess.py:75} INFO - Running command: ['/bin/bash', '-c', "echo 'This is task 1'"]
[2024-06-22T15:20:38.604+0000] {subprocess.py:86} INFO - Output:
[2024-06-22T15:20:38.614+0000] {subprocess.py:93} INFO - This is task 1
[2024-06-22T15:20:38.620+0000] {subprocess.py:97} INFO - Command exited with return code 0
[2024-06-22T15:20:38.651+0000] {taskinstance.py:1406} INFO - Marking task as SUCCESS. dag_id=dynamic_tasks_dag, task_id=task_1, execution_date=20240211T000000, start_date=20240622T152038, end_date=20240622T152038
[2024-06-22T15:20:38.694+0000] {local_task_job.py:164} INFO - Task exited with return code 0
[2024-06-22T15:20:38.740+0000] {local_task_job.py:273} INFO - 1 downstream tasks scheduled from follow-on schedule check
