[2024-06-22T15:20:24.926+0000] {taskinstance.py:1165} INFO - Dependencies all met for <TaskInstance: dynamic_tasks_dag.task_6 scheduled__2024-01-20T00:00:00+00:00 [queued]>
[2024-06-22T15:20:24.970+0000] {taskinstance.py:1165} INFO - Dependencies all met for <TaskInstance: dynamic_tasks_dag.task_6 scheduled__2024-01-20T00:00:00+00:00 [queued]>
[2024-06-22T15:20:24.972+0000] {taskinstance.py:1362} INFO - 
--------------------------------------------------------------------------------
[2024-06-22T15:20:24.973+0000] {taskinstance.py:1363} INFO - Starting attempt 1 of 2
[2024-06-22T15:20:24.973+0000] {taskinstance.py:1364} INFO - 
--------------------------------------------------------------------------------
[2024-06-22T15:20:25.004+0000] {taskinstance.py:1383} INFO - Executing <Task(BashOperator): task_6> on 2024-01-20 00:00:00+00:00
[2024-06-22T15:20:25.016+0000] {standard_task_runner.py:55} INFO - Started process 1168 to run task
[2024-06-22T15:20:25.050+0000] {standard_task_runner.py:82} INFO - Running: ['***', 'tasks', 'run', 'dynamic_tasks_dag', 'task_6', 'scheduled__2024-01-20T00:00:00+00:00', '--job-id', '605', '--raw', '--subdir', 'DAGS_FOLDER/dynamic_tasks.py', '--cfg-path', '/tmp/tmpi4lexl4t']
[2024-06-22T15:20:25.057+0000] {standard_task_runner.py:83} INFO - Job 605: Subtask task_6
[2024-06-22T15:20:25.201+0000] {task_command.py:376} INFO - Running <TaskInstance: dynamic_tasks_dag.task_6 scheduled__2024-01-20T00:00:00+00:00 [running]> on host 5f0aa929f7fe
[2024-06-22T15:20:25.457+0000] {taskinstance.py:1592} INFO - Exporting the following env vars:
AIRFLOW_CTX_DAG_OWNER=***
AIRFLOW_CTX_DAG_ID=dynamic_tasks_dag
AIRFLOW_CTX_TASK_ID=task_6
AIRFLOW_CTX_EXECUTION_DATE=2024-01-20T00:00:00+00:00
AIRFLOW_CTX_TRY_NUMBER=1
AIRFLOW_CTX_DAG_RUN_ID=scheduled__2024-01-20T00:00:00+00:00
[2024-06-22T15:20:25.462+0000] {subprocess.py:63} INFO - Tmp dir root location: 
 /tmp
[2024-06-22T15:20:25.463+0000] {subprocess.py:75} INFO - Running command: ['/bin/bash', '-c', "echo 'This is task 6'"]
[2024-06-22T15:20:25.507+0000] {subprocess.py:86} INFO - Output:
[2024-06-22T15:20:25.510+0000] {subprocess.py:93} INFO - This is task 6
[2024-06-22T15:20:25.511+0000] {subprocess.py:97} INFO - Command exited with return code 0
[2024-06-22T15:20:25.568+0000] {taskinstance.py:1406} INFO - Marking task as SUCCESS. dag_id=dynamic_tasks_dag, task_id=task_6, execution_date=20240120T000000, start_date=20240622T152024, end_date=20240622T152025
[2024-06-22T15:20:25.653+0000] {local_task_job.py:164} INFO - Task exited with return code 0
[2024-06-22T15:20:25.688+0000] {local_task_job.py:273} INFO - 1 downstream tasks scheduled from follow-on schedule check
