[2024-06-22T15:20:07.916+0000] {taskinstance.py:1165} INFO - Dependencies all met for <TaskInstance: dynamic_tasks_dag.task_9 scheduled__2024-01-03T00:00:00+00:00 [queued]>
[2024-06-22T15:20:07.944+0000] {taskinstance.py:1165} INFO - Dependencies all met for <TaskInstance: dynamic_tasks_dag.task_9 scheduled__2024-01-03T00:00:00+00:00 [queued]>
[2024-06-22T15:20:07.946+0000] {taskinstance.py:1362} INFO - 
--------------------------------------------------------------------------------
[2024-06-22T15:20:07.947+0000] {taskinstance.py:1363} INFO - Starting attempt 1 of 2
[2024-06-22T15:20:07.947+0000] {taskinstance.py:1364} INFO - 
--------------------------------------------------------------------------------
[2024-06-22T15:20:07.993+0000] {taskinstance.py:1383} INFO - Executing <Task(BashOperator): task_9> on 2024-01-03 00:00:00+00:00
[2024-06-22T15:20:08.026+0000] {standard_task_runner.py:55} INFO - Started process 761 to run task
[2024-06-22T15:20:08.057+0000] {standard_task_runner.py:82} INFO - Running: ['***', 'tasks', 'run', 'dynamic_tasks_dag', 'task_9', 'scheduled__2024-01-03T00:00:00+00:00', '--job-id', '476', '--raw', '--subdir', 'DAGS_FOLDER/dynamic_tasks.py', '--cfg-path', '/tmp/tmpbabzay4d']
[2024-06-22T15:20:08.067+0000] {standard_task_runner.py:83} INFO - Job 476: Subtask task_9
[2024-06-22T15:20:08.246+0000] {task_command.py:376} INFO - Running <TaskInstance: dynamic_tasks_dag.task_9 scheduled__2024-01-03T00:00:00+00:00 [running]> on host 5f0aa929f7fe
[2024-06-22T15:20:08.388+0000] {taskinstance.py:1592} INFO - Exporting the following env vars:
AIRFLOW_CTX_DAG_OWNER=***
AIRFLOW_CTX_DAG_ID=dynamic_tasks_dag
AIRFLOW_CTX_TASK_ID=task_9
AIRFLOW_CTX_EXECUTION_DATE=2024-01-03T00:00:00+00:00
AIRFLOW_CTX_TRY_NUMBER=1
AIRFLOW_CTX_DAG_RUN_ID=scheduled__2024-01-03T00:00:00+00:00
[2024-06-22T15:20:08.392+0000] {subprocess.py:63} INFO - Tmp dir root location: 
 /tmp
[2024-06-22T15:20:08.394+0000] {subprocess.py:75} INFO - Running command: ['/bin/bash', '-c', "echo 'This is task 9'"]
[2024-06-22T15:20:08.420+0000] {subprocess.py:86} INFO - Output:
[2024-06-22T15:20:08.427+0000] {subprocess.py:93} INFO - This is task 9
[2024-06-22T15:20:08.434+0000] {subprocess.py:97} INFO - Command exited with return code 0
[2024-06-22T15:20:08.464+0000] {taskinstance.py:1406} INFO - Marking task as SUCCESS. dag_id=dynamic_tasks_dag, task_id=task_9, execution_date=20240103T000000, start_date=20240622T152007, end_date=20240622T152008
[2024-06-22T15:20:08.542+0000] {local_task_job.py:164} INFO - Task exited with return code 0
[2024-06-22T15:20:08.572+0000] {local_task_job.py:273} INFO - 1 downstream tasks scheduled from follow-on schedule check
