[2024-06-11T22:06:07.766+0000] {taskinstance.py:1165} INFO - Dependencies all met for <TaskInstance: example_dag_with_callback.task4 manual__2024-06-11T22:06:01.101798+00:00 [queued]>
[2024-06-11T22:06:07.771+0000] {taskinstance.py:1165} INFO - Dependencies all met for <TaskInstance: example_dag_with_callback.task4 manual__2024-06-11T22:06:01.101798+00:00 [queued]>
[2024-06-11T22:06:07.771+0000] {taskinstance.py:1362} INFO - 
--------------------------------------------------------------------------------
[2024-06-11T22:06:07.772+0000] {taskinstance.py:1363} INFO - Starting attempt 1 of 1
[2024-06-11T22:06:07.772+0000] {taskinstance.py:1364} INFO - 
--------------------------------------------------------------------------------
[2024-06-11T22:06:07.784+0000] {taskinstance.py:1383} INFO - Executing <Task(PythonOperator): task4> on 2024-06-11 22:06:01.101798+00:00
[2024-06-11T22:06:07.788+0000] {standard_task_runner.py:55} INFO - Started process 2131 to run task
[2024-06-11T22:06:07.792+0000] {standard_task_runner.py:82} INFO - Running: ['***', 'tasks', 'run', 'example_dag_with_callback', 'task4', 'manual__2024-06-11T22:06:01.101798+00:00', '--job-id', '202', '--raw', '--subdir', 'DAGS_FOLDER/example_dag_with_callback.py', '--cfg-path', '/tmp/tmpzv_csdva']
[2024-06-11T22:06:07.793+0000] {standard_task_runner.py:83} INFO - Job 202: Subtask task4
[2024-06-11T22:06:07.834+0000] {task_command.py:376} INFO - Running <TaskInstance: example_dag_with_callback.task4 manual__2024-06-11T22:06:01.101798+00:00 [running]> on host 91b1d49ba724
[2024-06-11T22:06:07.874+0000] {taskinstance.py:1592} INFO - Exporting the following env vars:
AIRFLOW_CTX_DAG_OWNER=***
AIRFLOW_CTX_DAG_ID=example_dag_with_callback
AIRFLOW_CTX_TASK_ID=task4
AIRFLOW_CTX_EXECUTION_DATE=2024-06-11T22:06:01.101798+00:00
AIRFLOW_CTX_TRY_NUMBER=1
AIRFLOW_CTX_DAG_RUN_ID=manual__2024-06-11T22:06:01.101798+00:00
[2024-06-11T22:06:07.874+0000] {logging_mixin.py:120} INFO - Task 4 is completed
[2024-06-11T22:06:08.877+0000] {python.py:177} INFO - Done. Returned value was: None
[2024-06-11T22:06:08.891+0000] {taskinstance.py:1406} INFO - Marking task as SUCCESS. dag_id=example_dag_with_callback, task_id=task4, execution_date=20240611T220601, start_date=20240611T220607, end_date=20240611T220608
[2024-06-11T22:06:08.936+0000] {local_task_job.py:164} INFO - Task exited with return code 0
[2024-06-11T22:06:08.946+0000] {local_task_job.py:273} INFO - 0 downstream tasks scheduled from follow-on schedule check
