[2024-06-22T15:20:47.365+0000] {taskinstance.py:1165} INFO - Dependencies all met for <TaskInstance: dynamic_tasks_dag.task_6 scheduled__2024-02-10T00:00:00+00:00 [queued]>
[2024-06-22T15:20:47.410+0000] {taskinstance.py:1165} INFO - Dependencies all met for <TaskInstance: dynamic_tasks_dag.task_6 scheduled__2024-02-10T00:00:00+00:00 [queued]>
[2024-06-22T15:20:47.412+0000] {taskinstance.py:1362} INFO - 
--------------------------------------------------------------------------------
[2024-06-22T15:20:47.412+0000] {taskinstance.py:1363} INFO - Starting attempt 1 of 2
[2024-06-22T15:20:47.414+0000] {taskinstance.py:1364} INFO - 
--------------------------------------------------------------------------------
[2024-06-22T15:20:47.454+0000] {taskinstance.py:1383} INFO - Executing <Task(BashOperator): task_6> on 2024-02-10 00:00:00+00:00
[2024-06-22T15:20:47.467+0000] {standard_task_runner.py:55} INFO - Started process 1679 to run task
[2024-06-22T15:20:47.490+0000] {standard_task_runner.py:82} INFO - Running: ['***', 'tasks', 'run', 'dynamic_tasks_dag', 'task_6', 'scheduled__2024-02-10T00:00:00+00:00', '--job-id', '765', '--raw', '--subdir', 'DAGS_FOLDER/dynamic_tasks.py', '--cfg-path', '/tmp/tmpxppxxpgk']
[2024-06-22T15:20:47.494+0000] {standard_task_runner.py:83} INFO - Job 765: Subtask task_6
[2024-06-22T15:20:47.560+0000] {task_command.py:376} INFO - Running <TaskInstance: dynamic_tasks_dag.task_6 scheduled__2024-02-10T00:00:00+00:00 [running]> on host 5f0aa929f7fe
[2024-06-22T15:20:47.713+0000] {taskinstance.py:1592} INFO - Exporting the following env vars:
AIRFLOW_CTX_DAG_OWNER=***
AIRFLOW_CTX_DAG_ID=dynamic_tasks_dag
AIRFLOW_CTX_TASK_ID=task_6
AIRFLOW_CTX_EXECUTION_DATE=2024-02-10T00:00:00+00:00
AIRFLOW_CTX_TRY_NUMBER=1
AIRFLOW_CTX_DAG_RUN_ID=scheduled__2024-02-10T00:00:00+00:00
[2024-06-22T15:20:47.714+0000] {subprocess.py:63} INFO - Tmp dir root location: 
 /tmp
[2024-06-22T15:20:47.724+0000] {subprocess.py:75} INFO - Running command: ['/bin/bash', '-c', "echo 'This is task 6'"]
[2024-06-22T15:20:47.768+0000] {subprocess.py:86} INFO - Output:
[2024-06-22T15:20:47.770+0000] {subprocess.py:93} INFO - This is task 6
[2024-06-22T15:20:47.778+0000] {subprocess.py:97} INFO - Command exited with return code 0
[2024-06-22T15:20:47.812+0000] {taskinstance.py:1406} INFO - Marking task as SUCCESS. dag_id=dynamic_tasks_dag, task_id=task_6, execution_date=20240210T000000, start_date=20240622T152047, end_date=20240622T152047
[2024-06-22T15:20:47.855+0000] {local_task_job.py:164} INFO - Task exited with return code 0
[2024-06-22T15:20:47.894+0000] {local_task_job.py:273} INFO - 1 downstream tasks scheduled from follow-on schedule check
