[2024-06-22T15:21:33.203+0000] {taskinstance.py:1165} INFO - Dependencies all met for <TaskInstance: dynamic_tasks_dag.task_10 scheduled__2024-03-12T00:00:00+00:00 [queued]>
[2024-06-22T15:21:33.219+0000] {taskinstance.py:1165} INFO - Dependencies all met for <TaskInstance: dynamic_tasks_dag.task_10 scheduled__2024-03-12T00:00:00+00:00 [queued]>
[2024-06-22T15:21:33.224+0000] {taskinstance.py:1362} INFO - 
--------------------------------------------------------------------------------
[2024-06-22T15:21:33.226+0000] {taskinstance.py:1363} INFO - Starting attempt 1 of 2
[2024-06-22T15:21:33.230+0000] {taskinstance.py:1364} INFO - 
--------------------------------------------------------------------------------
[2024-06-22T15:21:33.299+0000] {taskinstance.py:1383} INFO - Executing <Task(BashOperator): task_10> on 2024-03-12 00:00:00+00:00
[2024-06-22T15:21:33.304+0000] {standard_task_runner.py:55} INFO - Started process 2809 to run task
[2024-06-22T15:21:33.322+0000] {standard_task_runner.py:82} INFO - Running: ['***', 'tasks', 'run', 'dynamic_tasks_dag', 'task_10', 'scheduled__2024-03-12T00:00:00+00:00', '--job-id', '1136', '--raw', '--subdir', 'DAGS_FOLDER/dynamic_tasks.py', '--cfg-path', '/tmp/tmpioew3e4u']
[2024-06-22T15:21:33.324+0000] {standard_task_runner.py:83} INFO - Job 1136: Subtask task_10
[2024-06-22T15:21:33.435+0000] {task_command.py:376} INFO - Running <TaskInstance: dynamic_tasks_dag.task_10 scheduled__2024-03-12T00:00:00+00:00 [running]> on host 5f0aa929f7fe
[2024-06-22T15:21:33.588+0000] {taskinstance.py:1592} INFO - Exporting the following env vars:
AIRFLOW_CTX_DAG_OWNER=***
AIRFLOW_CTX_DAG_ID=dynamic_tasks_dag
AIRFLOW_CTX_TASK_ID=task_10
AIRFLOW_CTX_EXECUTION_DATE=2024-03-12T00:00:00+00:00
AIRFLOW_CTX_TRY_NUMBER=1
AIRFLOW_CTX_DAG_RUN_ID=scheduled__2024-03-12T00:00:00+00:00
[2024-06-22T15:21:33.592+0000] {subprocess.py:63} INFO - Tmp dir root location: 
 /tmp
[2024-06-22T15:21:33.592+0000] {subprocess.py:75} INFO - Running command: ['/bin/bash', '-c', "echo 'This is task 10'"]
[2024-06-22T15:21:33.610+0000] {subprocess.py:86} INFO - Output:
[2024-06-22T15:21:33.613+0000] {subprocess.py:93} INFO - This is task 10
[2024-06-22T15:21:33.616+0000] {subprocess.py:97} INFO - Command exited with return code 0
[2024-06-22T15:21:33.635+0000] {taskinstance.py:1406} INFO - Marking task as SUCCESS. dag_id=dynamic_tasks_dag, task_id=task_10, execution_date=20240312T000000, start_date=20240622T152133, end_date=20240622T152133
[2024-06-22T15:21:33.687+0000] {local_task_job.py:164} INFO - Task exited with return code 0
[2024-06-22T15:21:33.707+0000] {local_task_job.py:273} INFO - 0 downstream tasks scheduled from follow-on schedule check
