[2024-06-22T15:20:47.465+0000] {taskinstance.py:1165} INFO - Dependencies all met for <TaskInstance: dynamic_tasks_dag.task_8 scheduled__2024-02-04T00:00:00+00:00 [queued]>
[2024-06-22T15:20:47.491+0000] {taskinstance.py:1165} INFO - Dependencies all met for <TaskInstance: dynamic_tasks_dag.task_8 scheduled__2024-02-04T00:00:00+00:00 [queued]>
[2024-06-22T15:20:47.492+0000] {taskinstance.py:1362} INFO - 
--------------------------------------------------------------------------------
[2024-06-22T15:20:47.492+0000] {taskinstance.py:1363} INFO - Starting attempt 1 of 2
[2024-06-22T15:20:47.492+0000] {taskinstance.py:1364} INFO - 
--------------------------------------------------------------------------------
[2024-06-22T15:20:47.590+0000] {taskinstance.py:1383} INFO - Executing <Task(BashOperator): task_8> on 2024-02-04 00:00:00+00:00
[2024-06-22T15:20:47.604+0000] {standard_task_runner.py:55} INFO - Started process 1689 to run task
[2024-06-22T15:20:47.623+0000] {standard_task_runner.py:82} INFO - Running: ['***', 'tasks', 'run', 'dynamic_tasks_dag', 'task_8', 'scheduled__2024-02-04T00:00:00+00:00', '--job-id', '770', '--raw', '--subdir', 'DAGS_FOLDER/dynamic_tasks.py', '--cfg-path', '/tmp/tmpe3dnlzyp']
[2024-06-22T15:20:47.639+0000] {standard_task_runner.py:83} INFO - Job 770: Subtask task_8
[2024-06-22T15:20:47.814+0000] {task_command.py:376} INFO - Running <TaskInstance: dynamic_tasks_dag.task_8 scheduled__2024-02-04T00:00:00+00:00 [running]> on host 5f0aa929f7fe
[2024-06-22T15:20:47.956+0000] {taskinstance.py:1592} INFO - Exporting the following env vars:
AIRFLOW_CTX_DAG_OWNER=***
AIRFLOW_CTX_DAG_ID=dynamic_tasks_dag
AIRFLOW_CTX_TASK_ID=task_8
AIRFLOW_CTX_EXECUTION_DATE=2024-02-04T00:00:00+00:00
AIRFLOW_CTX_TRY_NUMBER=1
AIRFLOW_CTX_DAG_RUN_ID=scheduled__2024-02-04T00:00:00+00:00
[2024-06-22T15:20:47.958+0000] {subprocess.py:63} INFO - Tmp dir root location: 
 /tmp
[2024-06-22T15:20:47.960+0000] {subprocess.py:75} INFO - Running command: ['/bin/bash', '-c', "echo 'This is task 8'"]
[2024-06-22T15:20:48.048+0000] {subprocess.py:86} INFO - Output:
[2024-06-22T15:20:48.060+0000] {subprocess.py:93} INFO - This is task 8
[2024-06-22T15:20:48.061+0000] {subprocess.py:97} INFO - Command exited with return code 0
[2024-06-22T15:20:48.091+0000] {taskinstance.py:1406} INFO - Marking task as SUCCESS. dag_id=dynamic_tasks_dag, task_id=task_8, execution_date=20240204T000000, start_date=20240622T152047, end_date=20240622T152048
[2024-06-22T15:20:48.155+0000] {local_task_job.py:164} INFO - Task exited with return code 0
[2024-06-22T15:20:48.206+0000] {local_task_job.py:273} INFO - 1 downstream tasks scheduled from follow-on schedule check
