[2024-06-12T03:48:03.060+0000] {taskinstance.py:1165} INFO - Dependencies all met for <TaskInstance: example_dag_with_callback.task3 manual__2024-06-12T03:47:59.611586+00:00 [queued]>
[2024-06-12T03:48:03.064+0000] {taskinstance.py:1165} INFO - Dependencies all met for <TaskInstance: example_dag_with_callback.task3 manual__2024-06-12T03:47:59.611586+00:00 [queued]>
[2024-06-12T03:48:03.065+0000] {taskinstance.py:1362} INFO - 
--------------------------------------------------------------------------------
[2024-06-12T03:48:03.065+0000] {taskinstance.py:1363} INFO - Starting attempt 1 of 1
[2024-06-12T03:48:03.065+0000] {taskinstance.py:1364} INFO - 
--------------------------------------------------------------------------------
[2024-06-12T03:48:03.072+0000] {taskinstance.py:1383} INFO - Executing <Task(PythonOperator): task3> on 2024-06-12 03:47:59.611586+00:00
[2024-06-12T03:48:03.076+0000] {standard_task_runner.py:55} INFO - Started process 1257 to run task
[2024-06-12T03:48:03.078+0000] {standard_task_runner.py:82} INFO - Running: ['***', 'tasks', 'run', 'example_dag_with_callback', 'task3', 'manual__2024-06-12T03:47:59.611586+00:00', '--job-id', '325', '--raw', '--subdir', 'DAGS_FOLDER/example_dag_with_callback.py', '--cfg-path', '/tmp/tmpelh7amwo']
[2024-06-12T03:48:03.078+0000] {standard_task_runner.py:83} INFO - Job 325: Subtask task3
[2024-06-12T03:48:03.111+0000] {task_command.py:376} INFO - Running <TaskInstance: example_dag_with_callback.task3 manual__2024-06-12T03:47:59.611586+00:00 [running]> on host 3eba8accb13f
[2024-06-12T03:48:03.145+0000] {taskinstance.py:1592} INFO - Exporting the following env vars:
AIRFLOW_CTX_DAG_OWNER=***
AIRFLOW_CTX_DAG_ID=example_dag_with_callback
AIRFLOW_CTX_TASK_ID=task3
AIRFLOW_CTX_EXECUTION_DATE=2024-06-12T03:47:59.611586+00:00
AIRFLOW_CTX_TRY_NUMBER=1
AIRFLOW_CTX_DAG_RUN_ID=manual__2024-06-12T03:47:59.611586+00:00
[2024-06-12T03:48:03.145+0000] {logging_mixin.py:120} INFO - Task 3 is completed
[2024-06-12T03:48:03.169+0000] {local_task_job.py:164} INFO - Task exited with return code 1
[2024-06-12T03:48:03.182+0000] {local_task_job.py:273} INFO - 0 downstream tasks scheduled from follow-on schedule check
