[2024-06-22T15:21:31.403+0000] {taskinstance.py:1165} INFO - Dependencies all met for <TaskInstance: dynamic_tasks_dag.task_8 scheduled__2024-03-15T00:00:00+00:00 [queued]>
[2024-06-22T15:21:31.444+0000] {taskinstance.py:1165} INFO - Dependencies all met for <TaskInstance: dynamic_tasks_dag.task_8 scheduled__2024-03-15T00:00:00+00:00 [queued]>
[2024-06-22T15:21:31.446+0000] {taskinstance.py:1362} INFO - 
--------------------------------------------------------------------------------
[2024-06-22T15:21:31.447+0000] {taskinstance.py:1363} INFO - Starting attempt 1 of 2
[2024-06-22T15:21:31.449+0000] {taskinstance.py:1364} INFO - 
--------------------------------------------------------------------------------
[2024-06-22T15:21:31.458+0000] {taskinstance.py:1383} INFO - Executing <Task(BashOperator): task_8> on 2024-03-15 00:00:00+00:00
[2024-06-22T15:21:31.465+0000] {standard_task_runner.py:55} INFO - Started process 2763 to run task
[2024-06-22T15:21:31.482+0000] {standard_task_runner.py:82} INFO - Running: ['***', 'tasks', 'run', 'dynamic_tasks_dag', 'task_8', 'scheduled__2024-03-15T00:00:00+00:00', '--job-id', '1118', '--raw', '--subdir', 'DAGS_FOLDER/dynamic_tasks.py', '--cfg-path', '/tmp/tmpjd_ifaau']
[2024-06-22T15:21:31.483+0000] {standard_task_runner.py:83} INFO - Job 1118: Subtask task_8
[2024-06-22T15:21:31.601+0000] {task_command.py:376} INFO - Running <TaskInstance: dynamic_tasks_dag.task_8 scheduled__2024-03-15T00:00:00+00:00 [running]> on host 5f0aa929f7fe
[2024-06-22T15:21:31.758+0000] {taskinstance.py:1592} INFO - Exporting the following env vars:
AIRFLOW_CTX_DAG_OWNER=***
AIRFLOW_CTX_DAG_ID=dynamic_tasks_dag
AIRFLOW_CTX_TASK_ID=task_8
AIRFLOW_CTX_EXECUTION_DATE=2024-03-15T00:00:00+00:00
AIRFLOW_CTX_TRY_NUMBER=1
AIRFLOW_CTX_DAG_RUN_ID=scheduled__2024-03-15T00:00:00+00:00
[2024-06-22T15:21:31.760+0000] {subprocess.py:63} INFO - Tmp dir root location: 
 /tmp
[2024-06-22T15:21:31.761+0000] {subprocess.py:75} INFO - Running command: ['/bin/bash', '-c', "echo 'This is task 8'"]
[2024-06-22T15:21:31.803+0000] {subprocess.py:86} INFO - Output:
[2024-06-22T15:21:31.805+0000] {subprocess.py:93} INFO - This is task 8
[2024-06-22T15:21:31.821+0000] {subprocess.py:97} INFO - Command exited with return code 0
[2024-06-22T15:21:31.854+0000] {taskinstance.py:1406} INFO - Marking task as SUCCESS. dag_id=dynamic_tasks_dag, task_id=task_8, execution_date=20240315T000000, start_date=20240622T152131, end_date=20240622T152131
[2024-06-22T15:21:31.892+0000] {local_task_job.py:164} INFO - Task exited with return code 0
[2024-06-22T15:21:31.932+0000] {local_task_job.py:273} INFO - 1 downstream tasks scheduled from follow-on schedule check
