[2024-05-10T19:02:21.721+0000] {taskinstance.py:1165} INFO - Dependencies all met for <TaskInstance: print_context_dag.print_context manual__2024-05-10T19:02:20.778049+00:00 [queued]>
[2024-05-10T19:02:21.726+0000] {taskinstance.py:1165} INFO - Dependencies all met for <TaskInstance: print_context_dag.print_context manual__2024-05-10T19:02:20.778049+00:00 [queued]>
[2024-05-10T19:02:21.726+0000] {taskinstance.py:1362} INFO - 
--------------------------------------------------------------------------------
[2024-05-10T19:02:21.726+0000] {taskinstance.py:1363} INFO - Starting attempt 1 of 2
[2024-05-10T19:02:21.726+0000] {taskinstance.py:1364} INFO - 
--------------------------------------------------------------------------------
[2024-05-10T19:02:21.732+0000] {taskinstance.py:1383} INFO - Executing <Task(PythonOperator): print_context> on 2024-05-10 19:02:20.778049+00:00
[2024-05-10T19:02:21.735+0000] {standard_task_runner.py:55} INFO - Started process 1116 to run task
[2024-05-10T19:02:21.737+0000] {standard_task_runner.py:82} INFO - Running: ['***', 'tasks', 'run', 'print_context_dag', 'print_context', 'manual__2024-05-10T19:02:20.778049+00:00', '--job-id', '3', '--raw', '--subdir', 'DAGS_FOLDER/print_context_dag.py', '--cfg-path', '/tmp/tmpb53sp86b']
[2024-05-10T19:02:21.737+0000] {standard_task_runner.py:83} INFO - Job 3: Subtask print_context
[2024-05-10T19:02:21.764+0000] {task_command.py:376} INFO - Running <TaskInstance: print_context_dag.print_context manual__2024-05-10T19:02:20.778049+00:00 [running]> on host 97a94241c32d
[2024-05-10T19:02:21.793+0000] {taskinstance.py:1592} INFO - Exporting the following env vars:
AIRFLOW_CTX_DAG_OWNER=***
AIRFLOW_CTX_DAG_ID=print_context_dag
AIRFLOW_CTX_TASK_ID=print_context
AIRFLOW_CTX_EXECUTION_DATE=2024-05-10T19:02:20.778049+00:00
AIRFLOW_CTX_TRY_NUMBER=1
AIRFLOW_CTX_DAG_RUN_ID=manual__2024-05-10T19:02:20.778049+00:00
[2024-05-10T19:02:21.794+0000] {logging_mixin.py:120} INFO - Task ID: print_context
[2024-05-10T19:02:21.794+0000] {warnings.py:110} WARNING - /home/***/.local/lib/python3.7/site-packages/***/utils/context.py:297: AirflowContextDeprecationWarning: Accessing 'execution_date' from the template is deprecated and will be removed in a future version. Please use 'data_interval_start' or 'logical_date' instead.
  warnings.warn(_create_deprecation_warning(k, replacements))

[2024-05-10T19:02:21.794+0000] {logging_mixin.py:120} INFO - Execution Date: 2024-05-10T19:02:20.778049+00:00
[2024-05-10T19:02:21.794+0000] {python.py:177} INFO - Done. Returned value was: None
[2024-05-10T19:02:21.799+0000] {taskinstance.py:1406} INFO - Marking task as SUCCESS. dag_id=print_context_dag, task_id=print_context, execution_date=20240510T190220, start_date=20240510T190221, end_date=20240510T190221
[2024-05-10T19:02:21.829+0000] {local_task_job.py:164} INFO - Task exited with return code 0
[2024-05-10T19:02:21.837+0000] {local_task_job.py:273} INFO - 0 downstream tasks scheduled from follow-on schedule check
