[2024-06-22T15:20:52.643+0000] {taskinstance.py:1165} INFO - Dependencies all met for <TaskInstance: dynamic_tasks_dag.task_10 scheduled__2024-02-07T00:00:00+00:00 [queued]>
[2024-06-22T15:20:52.656+0000] {taskinstance.py:1165} INFO - Dependencies all met for <TaskInstance: dynamic_tasks_dag.task_10 scheduled__2024-02-07T00:00:00+00:00 [queued]>
[2024-06-22T15:20:52.661+0000] {taskinstance.py:1362} INFO - 
--------------------------------------------------------------------------------
[2024-06-22T15:20:52.663+0000] {taskinstance.py:1363} INFO - Starting attempt 1 of 2
[2024-06-22T15:20:52.664+0000] {taskinstance.py:1364} INFO - 
--------------------------------------------------------------------------------
[2024-06-22T15:20:52.677+0000] {taskinstance.py:1383} INFO - Executing <Task(BashOperator): task_10> on 2024-02-07 00:00:00+00:00
[2024-06-22T15:20:52.681+0000] {standard_task_runner.py:55} INFO - Started process 1826 to run task
[2024-06-22T15:20:52.711+0000] {standard_task_runner.py:82} INFO - Running: ['***', 'tasks', 'run', 'dynamic_tasks_dag', 'task_10', 'scheduled__2024-02-07T00:00:00+00:00', '--job-id', '817', '--raw', '--subdir', 'DAGS_FOLDER/dynamic_tasks.py', '--cfg-path', '/tmp/tmpjx9ygs11']
[2024-06-22T15:20:52.715+0000] {standard_task_runner.py:83} INFO - Job 817: Subtask task_10
[2024-06-22T15:20:52.815+0000] {task_command.py:376} INFO - Running <TaskInstance: dynamic_tasks_dag.task_10 scheduled__2024-02-07T00:00:00+00:00 [running]> on host 5f0aa929f7fe
[2024-06-22T15:20:52.910+0000] {taskinstance.py:1592} INFO - Exporting the following env vars:
AIRFLOW_CTX_DAG_OWNER=***
AIRFLOW_CTX_DAG_ID=dynamic_tasks_dag
AIRFLOW_CTX_TASK_ID=task_10
AIRFLOW_CTX_EXECUTION_DATE=2024-02-07T00:00:00+00:00
AIRFLOW_CTX_TRY_NUMBER=1
AIRFLOW_CTX_DAG_RUN_ID=scheduled__2024-02-07T00:00:00+00:00
[2024-06-22T15:20:52.912+0000] {subprocess.py:63} INFO - Tmp dir root location: 
 /tmp
[2024-06-22T15:20:52.913+0000] {subprocess.py:75} INFO - Running command: ['/bin/bash', '-c', "echo 'This is task 10'"]
[2024-06-22T15:20:52.926+0000] {subprocess.py:86} INFO - Output:
[2024-06-22T15:20:52.936+0000] {subprocess.py:93} INFO - This is task 10
[2024-06-22T15:20:52.936+0000] {subprocess.py:97} INFO - Command exited with return code 0
[2024-06-22T15:20:52.957+0000] {taskinstance.py:1406} INFO - Marking task as SUCCESS. dag_id=dynamic_tasks_dag, task_id=task_10, execution_date=20240207T000000, start_date=20240622T152052, end_date=20240622T152052
[2024-06-22T15:20:52.984+0000] {local_task_job.py:164} INFO - Task exited with return code 0
[2024-06-22T15:20:52.999+0000] {local_task_job.py:273} INFO - 0 downstream tasks scheduled from follow-on schedule check
