[2024-06-22T15:19:58.528+0000] {taskinstance.py:1165} INFO - Dependencies all met for <TaskInstance: dynamic_tasks_dag.task_4 scheduled__2024-01-02T00:00:00+00:00 [queued]>
[2024-06-22T15:19:58.553+0000] {taskinstance.py:1165} INFO - Dependencies all met for <TaskInstance: dynamic_tasks_dag.task_4 scheduled__2024-01-02T00:00:00+00:00 [queued]>
[2024-06-22T15:19:58.558+0000] {taskinstance.py:1362} INFO - 
--------------------------------------------------------------------------------
[2024-06-22T15:19:58.559+0000] {taskinstance.py:1363} INFO - Starting attempt 1 of 2
[2024-06-22T15:19:58.559+0000] {taskinstance.py:1364} INFO - 
--------------------------------------------------------------------------------
[2024-06-22T15:19:58.595+0000] {taskinstance.py:1383} INFO - Executing <Task(BashOperator): task_4> on 2024-01-02 00:00:00+00:00
[2024-06-22T15:19:58.618+0000] {standard_task_runner.py:55} INFO - Started process 506 to run task
[2024-06-22T15:19:58.638+0000] {standard_task_runner.py:82} INFO - Running: ['***', 'tasks', 'run', 'dynamic_tasks_dag', 'task_4', 'scheduled__2024-01-02T00:00:00+00:00', '--job-id', '391', '--raw', '--subdir', 'DAGS_FOLDER/dynamic_tasks.py', '--cfg-path', '/tmp/tmpaenwgzby']
[2024-06-22T15:19:58.646+0000] {standard_task_runner.py:83} INFO - Job 391: Subtask task_4
[2024-06-22T15:19:58.781+0000] {task_command.py:376} INFO - Running <TaskInstance: dynamic_tasks_dag.task_4 scheduled__2024-01-02T00:00:00+00:00 [running]> on host 5f0aa929f7fe
[2024-06-22T15:19:59.116+0000] {taskinstance.py:1592} INFO - Exporting the following env vars:
AIRFLOW_CTX_DAG_OWNER=***
AIRFLOW_CTX_DAG_ID=dynamic_tasks_dag
AIRFLOW_CTX_TASK_ID=task_4
AIRFLOW_CTX_EXECUTION_DATE=2024-01-02T00:00:00+00:00
AIRFLOW_CTX_TRY_NUMBER=1
AIRFLOW_CTX_DAG_RUN_ID=scheduled__2024-01-02T00:00:00+00:00
[2024-06-22T15:19:59.117+0000] {subprocess.py:63} INFO - Tmp dir root location: 
 /tmp
[2024-06-22T15:19:59.117+0000] {subprocess.py:75} INFO - Running command: ['/bin/bash', '-c', "echo 'This is task 4'"]
[2024-06-22T15:19:59.135+0000] {subprocess.py:86} INFO - Output:
[2024-06-22T15:19:59.137+0000] {subprocess.py:93} INFO - This is task 4
[2024-06-22T15:19:59.137+0000] {subprocess.py:97} INFO - Command exited with return code 0
[2024-06-22T15:19:59.183+0000] {taskinstance.py:1406} INFO - Marking task as SUCCESS. dag_id=dynamic_tasks_dag, task_id=task_4, execution_date=20240102T000000, start_date=20240622T151958, end_date=20240622T151959
[2024-06-22T15:19:59.233+0000] {local_task_job.py:164} INFO - Task exited with return code 0
[2024-06-22T15:19:59.276+0000] {local_task_job.py:273} INFO - 1 downstream tasks scheduled from follow-on schedule check
