[2024-06-11T05:26:15.334+0000] {taskinstance.py:1165} INFO - Dependencies all met for <TaskInstance: example_dag_with_callback.task5 manual__2024-06-11T05:26:04.985347+00:00 [queued]>
[2024-06-11T05:26:15.339+0000] {taskinstance.py:1165} INFO - Dependencies all met for <TaskInstance: example_dag_with_callback.task5 manual__2024-06-11T05:26:04.985347+00:00 [queued]>
[2024-06-11T05:26:15.339+0000] {taskinstance.py:1362} INFO - 
--------------------------------------------------------------------------------
[2024-06-11T05:26:15.339+0000] {taskinstance.py:1363} INFO - Starting attempt 1 of 2
[2024-06-11T05:26:15.339+0000] {taskinstance.py:1364} INFO - 
--------------------------------------------------------------------------------
[2024-06-11T05:26:15.348+0000] {taskinstance.py:1383} INFO - Executing <Task(PythonOperator): task5> on 2024-06-11 05:26:04.985347+00:00
[2024-06-11T05:26:15.350+0000] {standard_task_runner.py:55} INFO - Started process 345 to run task
[2024-06-11T05:26:15.352+0000] {standard_task_runner.py:82} INFO - Running: ['***', 'tasks', 'run', 'example_dag_with_callback', 'task5', 'manual__2024-06-11T05:26:04.985347+00:00', '--job-id', '143', '--raw', '--subdir', 'DAGS_FOLDER/example_dag_with_callback.py', '--cfg-path', '/tmp/tmp8_wbzrib']
[2024-06-11T05:26:15.353+0000] {standard_task_runner.py:83} INFO - Job 143: Subtask task5
[2024-06-11T05:26:15.381+0000] {task_command.py:376} INFO - Running <TaskInstance: example_dag_with_callback.task5 manual__2024-06-11T05:26:04.985347+00:00 [running]> on host 90158f1b5502
[2024-06-11T05:26:15.412+0000] {taskinstance.py:1592} INFO - Exporting the following env vars:
AIRFLOW_CTX_DAG_OWNER=***
AIRFLOW_CTX_DAG_ID=example_dag_with_callback
AIRFLOW_CTX_TASK_ID=task5
AIRFLOW_CTX_EXECUTION_DATE=2024-06-11T05:26:04.985347+00:00
AIRFLOW_CTX_TRY_NUMBER=1
AIRFLOW_CTX_DAG_RUN_ID=manual__2024-06-11T05:26:04.985347+00:00
[2024-06-11T05:26:15.413+0000] {logging_mixin.py:120} INFO - Task 5 is completed
[2024-06-11T05:26:20.418+0000] {python.py:177} INFO - Done. Returned value was: None
[2024-06-11T05:26:20.431+0000] {taskinstance.py:1406} INFO - Marking task as SUCCESS. dag_id=example_dag_with_callback, task_id=task5, execution_date=20240611T052604, start_date=20240611T052615, end_date=20240611T052620
[2024-06-11T05:26:20.456+0000] {local_task_job.py:164} INFO - Task exited with return code 0
[2024-06-11T05:26:20.468+0000] {local_task_job.py:273} INFO - 0 downstream tasks scheduled from follow-on schedule check
