[2024-06-22T15:23:29.293+0000] {taskinstance.py:1165} INFO - Dependencies all met for <TaskInstance: dynamic_tasks_dag.task_5 manual__2024-06-22T15:23:23.180483+00:00 [queued]>
[2024-06-22T15:23:29.298+0000] {taskinstance.py:1165} INFO - Dependencies all met for <TaskInstance: dynamic_tasks_dag.task_5 manual__2024-06-22T15:23:23.180483+00:00 [queued]>
[2024-06-22T15:23:29.299+0000] {taskinstance.py:1362} INFO - 
--------------------------------------------------------------------------------
[2024-06-22T15:23:29.299+0000] {taskinstance.py:1363} INFO - Starting attempt 1 of 2
[2024-06-22T15:23:29.299+0000] {taskinstance.py:1364} INFO - 
--------------------------------------------------------------------------------
[2024-06-22T15:23:29.305+0000] {taskinstance.py:1383} INFO - Executing <Task(BashOperator): task_5> on 2024-06-22 15:23:23.180483+00:00
[2024-06-22T15:23:29.308+0000] {standard_task_runner.py:55} INFO - Started process 3376 to run task
[2024-06-22T15:23:29.310+0000] {standard_task_runner.py:82} INFO - Running: ['***', 'tasks', 'run', 'dynamic_tasks_dag', 'task_5', 'manual__2024-06-22T15:23:23.180483+00:00', '--job-id', '1293', '--raw', '--subdir', 'DAGS_FOLDER/dynamic_tasks.py', '--cfg-path', '/tmp/tmp53lm2zhk']
[2024-06-22T15:23:29.311+0000] {standard_task_runner.py:83} INFO - Job 1293: Subtask task_5
[2024-06-22T15:23:29.340+0000] {task_command.py:376} INFO - Running <TaskInstance: dynamic_tasks_dag.task_5 manual__2024-06-22T15:23:23.180483+00:00 [running]> on host 5f0aa929f7fe
[2024-06-22T15:23:29.372+0000] {taskinstance.py:1592} INFO - Exporting the following env vars:
AIRFLOW_CTX_DAG_OWNER=***
AIRFLOW_CTX_DAG_ID=dynamic_tasks_dag
AIRFLOW_CTX_TASK_ID=task_5
AIRFLOW_CTX_EXECUTION_DATE=2024-06-22T15:23:23.180483+00:00
AIRFLOW_CTX_TRY_NUMBER=1
AIRFLOW_CTX_DAG_RUN_ID=manual__2024-06-22T15:23:23.180483+00:00
[2024-06-22T15:23:29.373+0000] {subprocess.py:63} INFO - Tmp dir root location: 
 /tmp
[2024-06-22T15:23:29.373+0000] {subprocess.py:75} INFO - Running command: ['/bin/bash', '-c', "echo 'This is task 5'"]
[2024-06-22T15:23:29.379+0000] {subprocess.py:86} INFO - Output:
[2024-06-22T15:23:29.380+0000] {subprocess.py:93} INFO - This is task 5
[2024-06-22T15:23:29.380+0000] {subprocess.py:97} INFO - Command exited with return code 0
[2024-06-22T15:23:29.393+0000] {taskinstance.py:1406} INFO - Marking task as SUCCESS. dag_id=dynamic_tasks_dag, task_id=task_5, execution_date=20240622T152323, start_date=20240622T152329, end_date=20240622T152329
[2024-06-22T15:23:29.403+0000] {local_task_job.py:164} INFO - Task exited with return code 0
[2024-06-22T15:23:29.419+0000] {local_task_job.py:273} INFO - 1 downstream tasks scheduled from follow-on schedule check
