[2024-06-22T15:34:00.818+0000] {taskinstance.py:1165} INFO - Dependencies all met for <TaskInstance: dynamic_tasks_dag.task_4 manual__2024-06-22T15:33:57.490905+00:00 [queued]>
[2024-06-22T15:34:00.823+0000] {taskinstance.py:1165} INFO - Dependencies all met for <TaskInstance: dynamic_tasks_dag.task_4 manual__2024-06-22T15:33:57.490905+00:00 [queued]>
[2024-06-22T15:34:00.823+0000] {taskinstance.py:1362} INFO - 
--------------------------------------------------------------------------------
[2024-06-22T15:34:00.823+0000] {taskinstance.py:1363} INFO - Starting attempt 1 of 2
[2024-06-22T15:34:00.823+0000] {taskinstance.py:1364} INFO - 
--------------------------------------------------------------------------------
[2024-06-22T15:34:00.829+0000] {taskinstance.py:1383} INFO - Executing <Task(BashOperator): task_4> on 2024-06-22 15:33:57.490905+00:00
[2024-06-22T15:34:00.832+0000] {standard_task_runner.py:55} INFO - Started process 4010 to run task
[2024-06-22T15:34:00.834+0000] {standard_task_runner.py:82} INFO - Running: ['***', 'tasks', 'run', 'dynamic_tasks_dag', 'task_4', 'manual__2024-06-22T15:33:57.490905+00:00', '--job-id', '1326', '--raw', '--subdir', 'DAGS_FOLDER/dynamic_tasks.py', '--cfg-path', '/tmp/tmp_gsoky65']
[2024-06-22T15:34:00.835+0000] {standard_task_runner.py:83} INFO - Job 1326: Subtask task_4
[2024-06-22T15:34:00.865+0000] {task_command.py:376} INFO - Running <TaskInstance: dynamic_tasks_dag.task_4 manual__2024-06-22T15:33:57.490905+00:00 [running]> on host 5f0aa929f7fe
[2024-06-22T15:34:00.899+0000] {taskinstance.py:1592} INFO - Exporting the following env vars:
AIRFLOW_CTX_DAG_OWNER=***
AIRFLOW_CTX_DAG_ID=dynamic_tasks_dag
AIRFLOW_CTX_TASK_ID=task_4
AIRFLOW_CTX_EXECUTION_DATE=2024-06-22T15:33:57.490905+00:00
AIRFLOW_CTX_TRY_NUMBER=1
AIRFLOW_CTX_DAG_RUN_ID=manual__2024-06-22T15:33:57.490905+00:00
[2024-06-22T15:34:00.900+0000] {subprocess.py:63} INFO - Tmp dir root location: 
 /tmp
[2024-06-22T15:34:00.900+0000] {subprocess.py:75} INFO - Running command: ['/bin/bash', '-c', "echo 'This is task 4'"]
[2024-06-22T15:34:00.906+0000] {subprocess.py:86} INFO - Output:
[2024-06-22T15:34:00.907+0000] {subprocess.py:93} INFO - This is task 4
[2024-06-22T15:34:00.907+0000] {subprocess.py:97} INFO - Command exited with return code 0
[2024-06-22T15:34:00.920+0000] {taskinstance.py:1406} INFO - Marking task as SUCCESS. dag_id=dynamic_tasks_dag, task_id=task_4, execution_date=20240622T153357, start_date=20240622T153400, end_date=20240622T153400
[2024-06-22T15:34:00.966+0000] {local_task_job.py:164} INFO - Task exited with return code 0
[2024-06-22T15:34:00.982+0000] {local_task_job.py:273} INFO - 1 downstream tasks scheduled from follow-on schedule check
