[2024-06-22T15:52:07.569+0000] {taskinstance.py:1165} INFO - Dependencies all met for <TaskInstance: dynamic_tasks_dag.task_group.task_3 manual__2024-06-22T15:52:04.456646+00:00 [queued]>
[2024-06-22T15:52:07.574+0000] {taskinstance.py:1165} INFO - Dependencies all met for <TaskInstance: dynamic_tasks_dag.task_group.task_3 manual__2024-06-22T15:52:04.456646+00:00 [queued]>
[2024-06-22T15:52:07.574+0000] {taskinstance.py:1362} INFO - 
--------------------------------------------------------------------------------
[2024-06-22T15:52:07.574+0000] {taskinstance.py:1363} INFO - Starting attempt 1 of 2
[2024-06-22T15:52:07.574+0000] {taskinstance.py:1364} INFO - 
--------------------------------------------------------------------------------
[2024-06-22T15:52:07.581+0000] {taskinstance.py:1383} INFO - Executing <Task(BashOperator): task_group.task_3> on 2024-06-22 15:52:04.456646+00:00
[2024-06-22T15:52:07.584+0000] {standard_task_runner.py:55} INFO - Started process 5167 to run task
[2024-06-22T15:52:07.586+0000] {standard_task_runner.py:82} INFO - Running: ['***', 'tasks', 'run', 'dynamic_tasks_dag', 'task_group.task_3', 'manual__2024-06-22T15:52:04.456646+00:00', '--job-id', '1405', '--raw', '--subdir', 'DAGS_FOLDER/dynamic_tasks.py', '--cfg-path', '/tmp/tmp696ttp72']
[2024-06-22T15:52:07.587+0000] {standard_task_runner.py:83} INFO - Job 1405: Subtask task_group.task_3
[2024-06-22T15:52:07.621+0000] {task_command.py:376} INFO - Running <TaskInstance: dynamic_tasks_dag.task_group.task_3 manual__2024-06-22T15:52:04.456646+00:00 [running]> on host 5f0aa929f7fe
[2024-06-22T15:52:07.657+0000] {taskinstance.py:1592} INFO - Exporting the following env vars:
AIRFLOW_CTX_DAG_OWNER=***
AIRFLOW_CTX_DAG_ID=dynamic_tasks_dag
AIRFLOW_CTX_TASK_ID=task_group.task_3
AIRFLOW_CTX_EXECUTION_DATE=2024-06-22T15:52:04.456646+00:00
AIRFLOW_CTX_TRY_NUMBER=1
AIRFLOW_CTX_DAG_RUN_ID=manual__2024-06-22T15:52:04.456646+00:00
[2024-06-22T15:52:07.658+0000] {subprocess.py:63} INFO - Tmp dir root location: 
 /tmp
[2024-06-22T15:52:07.658+0000] {subprocess.py:75} INFO - Running command: ['/bin/bash', '-c', "echo 'This is task 3'"]
[2024-06-22T15:52:07.665+0000] {subprocess.py:86} INFO - Output:
[2024-06-22T15:52:07.666+0000] {subprocess.py:93} INFO - This is task 3
[2024-06-22T15:52:07.666+0000] {subprocess.py:97} INFO - Command exited with return code 0
[2024-06-22T15:52:07.681+0000] {taskinstance.py:1406} INFO - Marking task as SUCCESS. dag_id=dynamic_tasks_dag, task_id=task_group.task_3, execution_date=20240622T155204, start_date=20240622T155207, end_date=20240622T155207
[2024-06-22T15:52:07.718+0000] {local_task_job.py:164} INFO - Task exited with return code 0
[2024-06-22T15:52:07.738+0000] {local_task_job.py:273} INFO - 1 downstream tasks scheduled from follow-on schedule check
