[2024-06-22T15:21:14.455+0000] {taskinstance.py:1165} INFO - Dependencies all met for <TaskInstance: dynamic_tasks_dag.task_10 scheduled__2024-02-29T00:00:00+00:00 [queued]>
[2024-06-22T15:21:14.489+0000] {taskinstance.py:1165} INFO - Dependencies all met for <TaskInstance: dynamic_tasks_dag.task_10 scheduled__2024-02-29T00:00:00+00:00 [queued]>
[2024-06-22T15:21:14.491+0000] {taskinstance.py:1362} INFO - 
--------------------------------------------------------------------------------
[2024-06-22T15:21:14.491+0000] {taskinstance.py:1363} INFO - Starting attempt 1 of 2
[2024-06-22T15:21:14.491+0000] {taskinstance.py:1364} INFO - 
--------------------------------------------------------------------------------
[2024-06-22T15:21:14.505+0000] {taskinstance.py:1383} INFO - Executing <Task(BashOperator): task_10> on 2024-02-29 00:00:00+00:00
[2024-06-22T15:21:14.513+0000] {standard_task_runner.py:55} INFO - Started process 2346 to run task
[2024-06-22T15:21:14.523+0000] {standard_task_runner.py:82} INFO - Running: ['***', 'tasks', 'run', 'dynamic_tasks_dag', 'task_10', 'scheduled__2024-02-29T00:00:00+00:00', '--job-id', '983', '--raw', '--subdir', 'DAGS_FOLDER/dynamic_tasks.py', '--cfg-path', '/tmp/tmpulqui8kl']
[2024-06-22T15:21:14.524+0000] {standard_task_runner.py:83} INFO - Job 983: Subtask task_10
[2024-06-22T15:21:14.622+0000] {task_command.py:376} INFO - Running <TaskInstance: dynamic_tasks_dag.task_10 scheduled__2024-02-29T00:00:00+00:00 [running]> on host 5f0aa929f7fe
[2024-06-22T15:21:14.721+0000] {taskinstance.py:1592} INFO - Exporting the following env vars:
AIRFLOW_CTX_DAG_OWNER=***
AIRFLOW_CTX_DAG_ID=dynamic_tasks_dag
AIRFLOW_CTX_TASK_ID=task_10
AIRFLOW_CTX_EXECUTION_DATE=2024-02-29T00:00:00+00:00
AIRFLOW_CTX_TRY_NUMBER=1
AIRFLOW_CTX_DAG_RUN_ID=scheduled__2024-02-29T00:00:00+00:00
[2024-06-22T15:21:14.724+0000] {subprocess.py:63} INFO - Tmp dir root location: 
 /tmp
[2024-06-22T15:21:14.729+0000] {subprocess.py:75} INFO - Running command: ['/bin/bash', '-c', "echo 'This is task 10'"]
[2024-06-22T15:21:14.743+0000] {subprocess.py:86} INFO - Output:
[2024-06-22T15:21:14.746+0000] {subprocess.py:93} INFO - This is task 10
[2024-06-22T15:21:14.747+0000] {subprocess.py:97} INFO - Command exited with return code 0
[2024-06-22T15:21:14.780+0000] {taskinstance.py:1406} INFO - Marking task as SUCCESS. dag_id=dynamic_tasks_dag, task_id=task_10, execution_date=20240229T000000, start_date=20240622T152114, end_date=20240622T152114
[2024-06-22T15:21:14.819+0000] {local_task_job.py:164} INFO - Task exited with return code 0
[2024-06-22T15:21:14.835+0000] {local_task_job.py:273} INFO - 0 downstream tasks scheduled from follow-on schedule check
