[2024-05-10T19:01:43.833+0000] {processor.py:154} INFO - Started process (PID=2556) to work on /opt/airflow/dags/print_context_dag.py
[2024-05-10T19:01:43.834+0000] {processor.py:756} INFO - Processing file /opt/airflow/dags/print_context_dag.py for tasks to queue
[2024-05-10T19:01:43.835+0000] {logging_mixin.py:120} INFO - [2024-05-10T19:01:43.835+0000] {dagbag.py:537} INFO - Filling up the DagBag from /opt/airflow/dags/print_context_dag.py
[2024-05-10T19:01:43.848+0000] {processor.py:766} INFO - DAG(s) dict_keys(['print_context_dag']) retrieved from /opt/airflow/dags/print_context_dag.py
[2024-05-10T19:01:43.906+0000] {logging_mixin.py:120} INFO - [2024-05-10T19:01:43.906+0000] {manager.py:507} INFO - Created Permission View: can read on DAG:print_context_dag
[2024-05-10T19:01:43.910+0000] {logging_mixin.py:120} INFO - [2024-05-10T19:01:43.910+0000] {manager.py:507} INFO - Created Permission View: can edit on DAG:print_context_dag
[2024-05-10T19:01:43.912+0000] {logging_mixin.py:120} INFO - [2024-05-10T19:01:43.912+0000] {manager.py:507} INFO - Created Permission View: can delete on DAG:print_context_dag
[2024-05-10T19:01:43.912+0000] {logging_mixin.py:120} INFO - [2024-05-10T19:01:43.912+0000] {dag.py:2585} INFO - Sync 1 DAGs
[2024-05-10T19:01:43.917+0000] {logging_mixin.py:120} INFO - [2024-05-10T19:01:43.917+0000] {dag.py:2606} INFO - Creating ORM DAG for print_context_dag
[2024-05-10T19:01:43.922+0000] {logging_mixin.py:120} INFO - [2024-05-10T19:01:43.922+0000] {dag.py:3340} INFO - Setting next_dagrun for print_context_dag to None, run_after=None
[2024-05-10T19:01:43.928+0000] {processor.py:176} INFO - Processing /opt/airflow/dags/print_context_dag.py took 0.098 seconds
[2024-05-10T19:02:14.626+0000] {processor.py:154} INFO - Started process (PID=2620) to work on /opt/airflow/dags/print_context_dag.py
[2024-05-10T19:02:14.626+0000] {processor.py:756} INFO - Processing file /opt/airflow/dags/print_context_dag.py for tasks to queue
[2024-05-10T19:02:14.627+0000] {logging_mixin.py:120} INFO - [2024-05-10T19:02:14.627+0000] {dagbag.py:537} INFO - Filling up the DagBag from /opt/airflow/dags/print_context_dag.py
[2024-05-10T19:02:14.637+0000] {processor.py:766} INFO - DAG(s) dict_keys(['print_context_dag']) retrieved from /opt/airflow/dags/print_context_dag.py
[2024-05-10T19:02:14.658+0000] {logging_mixin.py:120} INFO - [2024-05-10T19:02:14.658+0000] {dag.py:2585} INFO - Sync 1 DAGs
[2024-05-10T19:02:14.671+0000] {logging_mixin.py:120} INFO - [2024-05-10T19:02:14.671+0000] {dag.py:3340} INFO - Setting next_dagrun for print_context_dag to None, run_after=None
[2024-05-10T19:02:14.680+0000] {processor.py:176} INFO - Processing /opt/airflow/dags/print_context_dag.py took 0.058 seconds
[2024-05-10T19:02:45.392+0000] {processor.py:154} INFO - Started process (PID=2684) to work on /opt/airflow/dags/print_context_dag.py
[2024-05-10T19:02:45.392+0000] {processor.py:756} INFO - Processing file /opt/airflow/dags/print_context_dag.py for tasks to queue
[2024-05-10T19:02:45.393+0000] {logging_mixin.py:120} INFO - [2024-05-10T19:02:45.393+0000] {dagbag.py:537} INFO - Filling up the DagBag from /opt/airflow/dags/print_context_dag.py
[2024-05-10T19:02:45.400+0000] {processor.py:766} INFO - DAG(s) dict_keys(['print_context_dag']) retrieved from /opt/airflow/dags/print_context_dag.py
[2024-05-10T19:02:45.418+0000] {logging_mixin.py:120} INFO - [2024-05-10T19:02:45.418+0000] {dag.py:2585} INFO - Sync 1 DAGs
[2024-05-10T19:02:45.430+0000] {logging_mixin.py:120} INFO - [2024-05-10T19:02:45.430+0000] {dag.py:3340} INFO - Setting next_dagrun for print_context_dag to None, run_after=None
[2024-05-10T19:02:45.437+0000] {processor.py:176} INFO - Processing /opt/airflow/dags/print_context_dag.py took 0.047 seconds
[2024-05-10T19:03:16.089+0000] {processor.py:154} INFO - Started process (PID=2748) to work on /opt/airflow/dags/print_context_dag.py
[2024-05-10T19:03:16.091+0000] {processor.py:756} INFO - Processing file /opt/airflow/dags/print_context_dag.py for tasks to queue
[2024-05-10T19:03:16.092+0000] {logging_mixin.py:120} INFO - [2024-05-10T19:03:16.091+0000] {dagbag.py:537} INFO - Filling up the DagBag from /opt/airflow/dags/print_context_dag.py
[2024-05-10T19:03:16.109+0000] {processor.py:766} INFO - DAG(s) dict_keys(['print_context_dag']) retrieved from /opt/airflow/dags/print_context_dag.py
[2024-05-10T19:03:16.138+0000] {logging_mixin.py:120} INFO - [2024-05-10T19:03:16.138+0000] {dag.py:2585} INFO - Sync 1 DAGs
[2024-05-10T19:03:16.149+0000] {logging_mixin.py:120} INFO - [2024-05-10T19:03:16.149+0000] {dag.py:3340} INFO - Setting next_dagrun for print_context_dag to None, run_after=None
[2024-05-10T19:03:16.157+0000] {processor.py:176} INFO - Processing /opt/airflow/dags/print_context_dag.py took 0.073 seconds
[2024-05-10T19:03:47.035+0000] {processor.py:154} INFO - Started process (PID=2812) to work on /opt/airflow/dags/print_context_dag.py
[2024-05-10T19:03:47.036+0000] {processor.py:756} INFO - Processing file /opt/airflow/dags/print_context_dag.py for tasks to queue
[2024-05-10T19:03:47.037+0000] {logging_mixin.py:120} INFO - [2024-05-10T19:03:47.037+0000] {dagbag.py:537} INFO - Filling up the DagBag from /opt/airflow/dags/print_context_dag.py
[2024-05-10T19:03:47.057+0000] {processor.py:766} INFO - DAG(s) dict_keys(['print_context_dag']) retrieved from /opt/airflow/dags/print_context_dag.py
[2024-05-10T19:03:47.087+0000] {logging_mixin.py:120} INFO - [2024-05-10T19:03:47.087+0000] {dag.py:2585} INFO - Sync 1 DAGs
[2024-05-10T19:03:47.099+0000] {logging_mixin.py:120} INFO - [2024-05-10T19:03:47.099+0000] {dag.py:3340} INFO - Setting next_dagrun for print_context_dag to None, run_after=None
[2024-05-10T19:03:47.106+0000] {processor.py:176} INFO - Processing /opt/airflow/dags/print_context_dag.py took 0.077 seconds
[2024-05-10T19:04:17.817+0000] {processor.py:154} INFO - Started process (PID=2877) to work on /opt/airflow/dags/print_context_dag.py
[2024-05-10T19:04:17.818+0000] {processor.py:756} INFO - Processing file /opt/airflow/dags/print_context_dag.py for tasks to queue
[2024-05-10T19:04:17.819+0000] {logging_mixin.py:120} INFO - [2024-05-10T19:04:17.819+0000] {dagbag.py:537} INFO - Filling up the DagBag from /opt/airflow/dags/print_context_dag.py
[2024-05-10T19:04:17.836+0000] {processor.py:766} INFO - DAG(s) dict_keys(['print_context_dag']) retrieved from /opt/airflow/dags/print_context_dag.py
[2024-05-10T19:04:17.863+0000] {logging_mixin.py:120} INFO - [2024-05-10T19:04:17.863+0000] {dag.py:2585} INFO - Sync 1 DAGs
[2024-05-10T19:04:17.875+0000] {logging_mixin.py:120} INFO - [2024-05-10T19:04:17.875+0000] {dag.py:3340} INFO - Setting next_dagrun for print_context_dag to None, run_after=None
[2024-05-10T19:04:17.883+0000] {processor.py:176} INFO - Processing /opt/airflow/dags/print_context_dag.py took 0.072 seconds
[2024-05-10T19:04:44.461+0000] {processor.py:154} INFO - Started process (PID=2932) to work on /opt/airflow/dags/print_context_dag.py
[2024-05-10T19:04:44.463+0000] {processor.py:756} INFO - Processing file /opt/airflow/dags/print_context_dag.py for tasks to queue
[2024-05-10T19:04:44.464+0000] {logging_mixin.py:120} INFO - [2024-05-10T19:04:44.464+0000] {dagbag.py:537} INFO - Filling up the DagBag from /opt/airflow/dags/print_context_dag.py
[2024-05-10T19:04:44.485+0000] {processor.py:766} INFO - DAG(s) dict_keys(['print_context_dag']) retrieved from /opt/airflow/dags/print_context_dag.py
[2024-05-10T19:04:44.510+0000] {logging_mixin.py:120} INFO - [2024-05-10T19:04:44.510+0000] {dag.py:2585} INFO - Sync 1 DAGs
[2024-05-10T19:04:44.522+0000] {logging_mixin.py:120} INFO - [2024-05-10T19:04:44.522+0000] {dag.py:3340} INFO - Setting next_dagrun for print_context_dag to None, run_after=None
[2024-05-10T19:04:44.531+0000] {processor.py:176} INFO - Processing /opt/airflow/dags/print_context_dag.py took 0.075 seconds
[2024-05-10T19:04:45.497+0000] {processor.py:154} INFO - Started process (PID=2933) to work on /opt/airflow/dags/print_context_dag.py
[2024-05-10T19:04:45.499+0000] {processor.py:756} INFO - Processing file /opt/airflow/dags/print_context_dag.py for tasks to queue
[2024-05-10T19:04:45.500+0000] {logging_mixin.py:120} INFO - [2024-05-10T19:04:45.500+0000] {dagbag.py:537} INFO - Filling up the DagBag from /opt/airflow/dags/print_context_dag.py
[2024-05-10T19:04:45.520+0000] {processor.py:766} INFO - DAG(s) dict_keys(['print_context_dag']) retrieved from /opt/airflow/dags/print_context_dag.py
[2024-05-10T19:04:45.546+0000] {logging_mixin.py:120} INFO - [2024-05-10T19:04:45.545+0000] {dag.py:2585} INFO - Sync 1 DAGs
[2024-05-10T19:04:45.558+0000] {logging_mixin.py:120} INFO - [2024-05-10T19:04:45.558+0000] {dag.py:3340} INFO - Setting next_dagrun for print_context_dag to None, run_after=None
[2024-05-10T19:04:45.566+0000] {processor.py:176} INFO - Processing /opt/airflow/dags/print_context_dag.py took 0.076 seconds
[2024-05-10T19:05:16.282+0000] {processor.py:154} INFO - Started process (PID=2997) to work on /opt/airflow/dags/print_context_dag.py
[2024-05-10T19:05:16.283+0000] {processor.py:756} INFO - Processing file /opt/airflow/dags/print_context_dag.py for tasks to queue
[2024-05-10T19:05:16.284+0000] {logging_mixin.py:120} INFO - [2024-05-10T19:05:16.284+0000] {dagbag.py:537} INFO - Filling up the DagBag from /opt/airflow/dags/print_context_dag.py
[2024-05-10T19:05:16.300+0000] {processor.py:766} INFO - DAG(s) dict_keys(['print_context_dag']) retrieved from /opt/airflow/dags/print_context_dag.py
[2024-05-10T19:05:16.327+0000] {logging_mixin.py:120} INFO - [2024-05-10T19:05:16.327+0000] {dag.py:2585} INFO - Sync 1 DAGs
[2024-05-10T19:05:16.339+0000] {logging_mixin.py:120} INFO - [2024-05-10T19:05:16.339+0000] {dag.py:3340} INFO - Setting next_dagrun for print_context_dag to None, run_after=None
[2024-05-10T19:05:16.347+0000] {processor.py:176} INFO - Processing /opt/airflow/dags/print_context_dag.py took 0.070 seconds
[2024-05-10T19:05:47.086+0000] {processor.py:154} INFO - Started process (PID=3062) to work on /opt/airflow/dags/print_context_dag.py
[2024-05-10T19:05:47.086+0000] {processor.py:756} INFO - Processing file /opt/airflow/dags/print_context_dag.py for tasks to queue
[2024-05-10T19:05:47.086+0000] {logging_mixin.py:120} INFO - [2024-05-10T19:05:47.086+0000] {dagbag.py:537} INFO - Filling up the DagBag from /opt/airflow/dags/print_context_dag.py
[2024-05-10T19:05:47.094+0000] {processor.py:766} INFO - DAG(s) dict_keys(['print_context_dag']) retrieved from /opt/airflow/dags/print_context_dag.py
[2024-05-10T19:05:47.113+0000] {logging_mixin.py:120} INFO - [2024-05-10T19:05:47.113+0000] {dag.py:2585} INFO - Sync 1 DAGs
[2024-05-10T19:05:47.124+0000] {logging_mixin.py:120} INFO - [2024-05-10T19:05:47.124+0000] {dag.py:3340} INFO - Setting next_dagrun for print_context_dag to None, run_after=None
[2024-05-10T19:05:47.132+0000] {processor.py:176} INFO - Processing /opt/airflow/dags/print_context_dag.py took 0.048 seconds
[2024-05-10T19:06:17.881+0000] {processor.py:154} INFO - Started process (PID=3126) to work on /opt/airflow/dags/print_context_dag.py
[2024-05-10T19:06:17.883+0000] {processor.py:756} INFO - Processing file /opt/airflow/dags/print_context_dag.py for tasks to queue
[2024-05-10T19:06:17.884+0000] {logging_mixin.py:120} INFO - [2024-05-10T19:06:17.883+0000] {dagbag.py:537} INFO - Filling up the DagBag from /opt/airflow/dags/print_context_dag.py
[2024-05-10T19:06:17.901+0000] {processor.py:766} INFO - DAG(s) dict_keys(['print_context_dag']) retrieved from /opt/airflow/dags/print_context_dag.py
[2024-05-10T19:06:17.931+0000] {logging_mixin.py:120} INFO - [2024-05-10T19:06:17.931+0000] {dag.py:2585} INFO - Sync 1 DAGs
[2024-05-10T19:06:17.942+0000] {logging_mixin.py:120} INFO - [2024-05-10T19:06:17.942+0000] {dag.py:3340} INFO - Setting next_dagrun for print_context_dag to None, run_after=None
[2024-05-10T19:06:17.951+0000] {processor.py:176} INFO - Processing /opt/airflow/dags/print_context_dag.py took 0.075 seconds
[2024-05-10T19:06:48.717+0000] {processor.py:154} INFO - Started process (PID=3190) to work on /opt/airflow/dags/print_context_dag.py
[2024-05-10T19:06:48.718+0000] {processor.py:756} INFO - Processing file /opt/airflow/dags/print_context_dag.py for tasks to queue
[2024-05-10T19:06:48.719+0000] {logging_mixin.py:120} INFO - [2024-05-10T19:06:48.719+0000] {dagbag.py:537} INFO - Filling up the DagBag from /opt/airflow/dags/print_context_dag.py
[2024-05-10T19:06:48.740+0000] {processor.py:766} INFO - DAG(s) dict_keys(['print_context_dag']) retrieved from /opt/airflow/dags/print_context_dag.py
[2024-05-10T19:06:48.767+0000] {logging_mixin.py:120} INFO - [2024-05-10T19:06:48.767+0000] {dag.py:2585} INFO - Sync 1 DAGs
[2024-05-10T19:06:48.780+0000] {logging_mixin.py:120} INFO - [2024-05-10T19:06:48.780+0000] {dag.py:3340} INFO - Setting next_dagrun for print_context_dag to None, run_after=None
[2024-05-10T19:06:48.789+0000] {processor.py:176} INFO - Processing /opt/airflow/dags/print_context_dag.py took 0.078 seconds
[2024-05-10T19:07:19.591+0000] {processor.py:154} INFO - Started process (PID=3255) to work on /opt/airflow/dags/print_context_dag.py
[2024-05-10T19:07:19.592+0000] {processor.py:756} INFO - Processing file /opt/airflow/dags/print_context_dag.py for tasks to queue
[2024-05-10T19:07:19.593+0000] {logging_mixin.py:120} INFO - [2024-05-10T19:07:19.592+0000] {dagbag.py:537} INFO - Filling up the DagBag from /opt/airflow/dags/print_context_dag.py
[2024-05-10T19:07:19.611+0000] {processor.py:766} INFO - DAG(s) dict_keys(['print_context_dag']) retrieved from /opt/airflow/dags/print_context_dag.py
[2024-05-10T19:07:19.642+0000] {logging_mixin.py:120} INFO - [2024-05-10T19:07:19.642+0000] {dag.py:2585} INFO - Sync 1 DAGs
[2024-05-10T19:07:19.655+0000] {logging_mixin.py:120} INFO - [2024-05-10T19:07:19.655+0000] {dag.py:3340} INFO - Setting next_dagrun for print_context_dag to None, run_after=None
[2024-05-10T19:07:19.664+0000] {processor.py:176} INFO - Processing /opt/airflow/dags/print_context_dag.py took 0.076 seconds
[2024-05-10T19:07:50.484+0000] {processor.py:154} INFO - Started process (PID=3319) to work on /opt/airflow/dags/print_context_dag.py
[2024-05-10T19:07:50.486+0000] {processor.py:756} INFO - Processing file /opt/airflow/dags/print_context_dag.py for tasks to queue
[2024-05-10T19:07:50.487+0000] {logging_mixin.py:120} INFO - [2024-05-10T19:07:50.487+0000] {dagbag.py:537} INFO - Filling up the DagBag from /opt/airflow/dags/print_context_dag.py
[2024-05-10T19:07:50.506+0000] {processor.py:766} INFO - DAG(s) dict_keys(['print_context_dag']) retrieved from /opt/airflow/dags/print_context_dag.py
[2024-05-10T19:07:50.535+0000] {logging_mixin.py:120} INFO - [2024-05-10T19:07:50.535+0000] {dag.py:2585} INFO - Sync 1 DAGs
[2024-05-10T19:07:50.548+0000] {logging_mixin.py:120} INFO - [2024-05-10T19:07:50.548+0000] {dag.py:3340} INFO - Setting next_dagrun for print_context_dag to None, run_after=None
[2024-05-10T19:07:50.556+0000] {processor.py:176} INFO - Processing /opt/airflow/dags/print_context_dag.py took 0.077 seconds
[2024-05-10T19:08:21.351+0000] {processor.py:154} INFO - Started process (PID=3374) to work on /opt/airflow/dags/print_context_dag.py
[2024-05-10T19:08:21.353+0000] {processor.py:756} INFO - Processing file /opt/airflow/dags/print_context_dag.py for tasks to queue
[2024-05-10T19:08:21.354+0000] {logging_mixin.py:120} INFO - [2024-05-10T19:08:21.354+0000] {dagbag.py:537} INFO - Filling up the DagBag from /opt/airflow/dags/print_context_dag.py
[2024-05-10T19:08:21.372+0000] {processor.py:766} INFO - DAG(s) dict_keys(['print_context_dag']) retrieved from /opt/airflow/dags/print_context_dag.py
[2024-05-10T19:08:21.408+0000] {logging_mixin.py:120} INFO - [2024-05-10T19:08:21.407+0000] {dag.py:2585} INFO - Sync 1 DAGs
[2024-05-10T19:08:21.420+0000] {logging_mixin.py:120} INFO - [2024-05-10T19:08:21.420+0000] {dag.py:3340} INFO - Setting next_dagrun for print_context_dag to None, run_after=None
[2024-05-10T19:08:21.430+0000] {processor.py:176} INFO - Processing /opt/airflow/dags/print_context_dag.py took 0.084 seconds
[2024-05-10T19:08:52.217+0000] {processor.py:154} INFO - Started process (PID=3438) to work on /opt/airflow/dags/print_context_dag.py
[2024-05-10T19:08:52.218+0000] {processor.py:756} INFO - Processing file /opt/airflow/dags/print_context_dag.py for tasks to queue
[2024-05-10T19:08:52.219+0000] {logging_mixin.py:120} INFO - [2024-05-10T19:08:52.219+0000] {dagbag.py:537} INFO - Filling up the DagBag from /opt/airflow/dags/print_context_dag.py
[2024-05-10T19:08:52.230+0000] {processor.py:766} INFO - DAG(s) dict_keys(['print_context_dag']) retrieved from /opt/airflow/dags/print_context_dag.py
[2024-05-10T19:08:52.257+0000] {logging_mixin.py:120} INFO - [2024-05-10T19:08:52.257+0000] {dag.py:2585} INFO - Sync 1 DAGs
[2024-05-10T19:08:52.271+0000] {logging_mixin.py:120} INFO - [2024-05-10T19:08:52.271+0000] {dag.py:3340} INFO - Setting next_dagrun for print_context_dag to None, run_after=None
[2024-05-10T19:08:52.280+0000] {processor.py:176} INFO - Processing /opt/airflow/dags/print_context_dag.py took 0.067 seconds
[2024-05-10T19:09:22.991+0000] {processor.py:154} INFO - Started process (PID=3503) to work on /opt/airflow/dags/print_context_dag.py
[2024-05-10T19:09:22.992+0000] {processor.py:756} INFO - Processing file /opt/airflow/dags/print_context_dag.py for tasks to queue
[2024-05-10T19:09:22.993+0000] {logging_mixin.py:120} INFO - [2024-05-10T19:09:22.993+0000] {dagbag.py:537} INFO - Filling up the DagBag from /opt/airflow/dags/print_context_dag.py
[2024-05-10T19:09:23.013+0000] {processor.py:766} INFO - DAG(s) dict_keys(['print_context_dag']) retrieved from /opt/airflow/dags/print_context_dag.py
[2024-05-10T19:09:23.043+0000] {logging_mixin.py:120} INFO - [2024-05-10T19:09:23.043+0000] {dag.py:2585} INFO - Sync 1 DAGs
[2024-05-10T19:09:23.055+0000] {logging_mixin.py:120} INFO - [2024-05-10T19:09:23.055+0000] {dag.py:3340} INFO - Setting next_dagrun for print_context_dag to None, run_after=None
[2024-05-10T19:09:23.063+0000] {processor.py:176} INFO - Processing /opt/airflow/dags/print_context_dag.py took 0.077 seconds
[2024-05-10T19:09:42.172+0000] {processor.py:154} INFO - Started process (PID=3523) to work on /opt/airflow/dags/print_context_dag.py
[2024-05-10T19:09:42.173+0000] {processor.py:756} INFO - Processing file /opt/airflow/dags/print_context_dag.py for tasks to queue
[2024-05-10T19:09:42.174+0000] {logging_mixin.py:120} INFO - [2024-05-10T19:09:42.173+0000] {dagbag.py:537} INFO - Filling up the DagBag from /opt/airflow/dags/print_context_dag.py
[2024-05-10T19:09:42.183+0000] {processor.py:766} INFO - DAG(s) dict_keys(['print_context_dag']) retrieved from /opt/airflow/dags/print_context_dag.py
[2024-05-10T19:09:42.208+0000] {logging_mixin.py:120} INFO - [2024-05-10T19:09:42.208+0000] {dag.py:2585} INFO - Sync 1 DAGs
[2024-05-10T19:09:42.220+0000] {logging_mixin.py:120} INFO - [2024-05-10T19:09:42.220+0000] {dag.py:3340} INFO - Setting next_dagrun for print_context_dag to None, run_after=None
[2024-05-10T19:09:42.230+0000] {processor.py:176} INFO - Processing /opt/airflow/dags/print_context_dag.py took 0.060 seconds
[2024-05-10T19:10:13.019+0000] {processor.py:154} INFO - Started process (PID=3586) to work on /opt/airflow/dags/print_context_dag.py
[2024-05-10T19:10:13.020+0000] {processor.py:756} INFO - Processing file /opt/airflow/dags/print_context_dag.py for tasks to queue
[2024-05-10T19:10:13.021+0000] {logging_mixin.py:120} INFO - [2024-05-10T19:10:13.021+0000] {dagbag.py:537} INFO - Filling up the DagBag from /opt/airflow/dags/print_context_dag.py
[2024-05-10T19:10:13.034+0000] {processor.py:766} INFO - DAG(s) dict_keys(['print_context_dag']) retrieved from /opt/airflow/dags/print_context_dag.py
[2024-05-10T19:10:13.059+0000] {logging_mixin.py:120} INFO - [2024-05-10T19:10:13.059+0000] {dag.py:2585} INFO - Sync 1 DAGs
[2024-05-10T19:10:13.070+0000] {logging_mixin.py:120} INFO - [2024-05-10T19:10:13.070+0000] {dag.py:3340} INFO - Setting next_dagrun for print_context_dag to None, run_after=None
[2024-05-10T19:10:13.078+0000] {processor.py:176} INFO - Processing /opt/airflow/dags/print_context_dag.py took 0.063 seconds
[2024-05-10T19:10:43.896+0000] {processor.py:154} INFO - Started process (PID=3650) to work on /opt/airflow/dags/print_context_dag.py
[2024-05-10T19:10:43.897+0000] {processor.py:756} INFO - Processing file /opt/airflow/dags/print_context_dag.py for tasks to queue
[2024-05-10T19:10:43.898+0000] {logging_mixin.py:120} INFO - [2024-05-10T19:10:43.898+0000] {dagbag.py:537} INFO - Filling up the DagBag from /opt/airflow/dags/print_context_dag.py
[2024-05-10T19:10:43.918+0000] {processor.py:766} INFO - DAG(s) dict_keys(['print_context_dag']) retrieved from /opt/airflow/dags/print_context_dag.py
[2024-05-10T19:10:43.948+0000] {logging_mixin.py:120} INFO - [2024-05-10T19:10:43.948+0000] {dag.py:2585} INFO - Sync 1 DAGs
[2024-05-10T19:10:43.960+0000] {logging_mixin.py:120} INFO - [2024-05-10T19:10:43.960+0000] {dag.py:3340} INFO - Setting next_dagrun for print_context_dag to None, run_after=None
[2024-05-10T19:10:43.967+0000] {processor.py:176} INFO - Processing /opt/airflow/dags/print_context_dag.py took 0.077 seconds
[2024-05-10T19:11:14.561+0000] {processor.py:154} INFO - Started process (PID=3714) to work on /opt/airflow/dags/print_context_dag.py
[2024-05-10T19:11:14.562+0000] {processor.py:756} INFO - Processing file /opt/airflow/dags/print_context_dag.py for tasks to queue
[2024-05-10T19:11:14.563+0000] {logging_mixin.py:120} INFO - [2024-05-10T19:11:14.563+0000] {dagbag.py:537} INFO - Filling up the DagBag from /opt/airflow/dags/print_context_dag.py
[2024-05-10T19:11:14.582+0000] {processor.py:766} INFO - DAG(s) dict_keys(['print_context_dag']) retrieved from /opt/airflow/dags/print_context_dag.py
[2024-05-10T19:11:14.610+0000] {logging_mixin.py:120} INFO - [2024-05-10T19:11:14.610+0000] {dag.py:2585} INFO - Sync 1 DAGs
[2024-05-10T19:11:14.622+0000] {logging_mixin.py:120} INFO - [2024-05-10T19:11:14.622+0000] {dag.py:3340} INFO - Setting next_dagrun for print_context_dag to None, run_after=None
[2024-05-10T19:11:14.630+0000] {processor.py:176} INFO - Processing /opt/airflow/dags/print_context_dag.py took 0.073 seconds
[2024-05-10T19:11:27.163+0000] {processor.py:154} INFO - Started process (PID=3759) to work on /opt/airflow/dags/print_context_dag.py
[2024-05-10T19:11:27.164+0000] {processor.py:756} INFO - Processing file /opt/airflow/dags/print_context_dag.py for tasks to queue
[2024-05-10T19:11:27.165+0000] {logging_mixin.py:120} INFO - [2024-05-10T19:11:27.165+0000] {dagbag.py:537} INFO - Filling up the DagBag from /opt/airflow/dags/print_context_dag.py
[2024-05-10T19:11:27.179+0000] {processor.py:766} INFO - DAG(s) dict_keys(['print_context_dag']) retrieved from /opt/airflow/dags/print_context_dag.py
[2024-05-10T19:11:27.208+0000] {logging_mixin.py:120} INFO - [2024-05-10T19:11:27.208+0000] {dag.py:2585} INFO - Sync 1 DAGs
[2024-05-10T19:11:27.221+0000] {logging_mixin.py:120} INFO - [2024-05-10T19:11:27.221+0000] {dag.py:3340} INFO - Setting next_dagrun for print_context_dag to None, run_after=None
[2024-05-10T19:11:27.231+0000] {processor.py:176} INFO - Processing /opt/airflow/dags/print_context_dag.py took 0.071 seconds
[2024-05-10T19:11:58.003+0000] {processor.py:154} INFO - Started process (PID=3822) to work on /opt/airflow/dags/print_context_dag.py
[2024-05-10T19:11:58.005+0000] {processor.py:756} INFO - Processing file /opt/airflow/dags/print_context_dag.py for tasks to queue
[2024-05-10T19:11:58.006+0000] {logging_mixin.py:120} INFO - [2024-05-10T19:11:58.006+0000] {dagbag.py:537} INFO - Filling up the DagBag from /opt/airflow/dags/print_context_dag.py
[2024-05-10T19:11:58.025+0000] {processor.py:766} INFO - DAG(s) dict_keys(['print_context_dag']) retrieved from /opt/airflow/dags/print_context_dag.py
[2024-05-10T19:11:58.055+0000] {logging_mixin.py:120} INFO - [2024-05-10T19:11:58.055+0000] {dag.py:2585} INFO - Sync 1 DAGs
[2024-05-10T19:11:58.066+0000] {logging_mixin.py:120} INFO - [2024-05-10T19:11:58.066+0000] {dag.py:3340} INFO - Setting next_dagrun for print_context_dag to None, run_after=None
[2024-05-10T19:11:58.074+0000] {processor.py:176} INFO - Processing /opt/airflow/dags/print_context_dag.py took 0.076 seconds
[2024-05-10T19:12:28.830+0000] {processor.py:154} INFO - Started process (PID=3886) to work on /opt/airflow/dags/print_context_dag.py
[2024-05-10T19:12:28.831+0000] {processor.py:756} INFO - Processing file /opt/airflow/dags/print_context_dag.py for tasks to queue
[2024-05-10T19:12:28.832+0000] {logging_mixin.py:120} INFO - [2024-05-10T19:12:28.831+0000] {dagbag.py:537} INFO - Filling up the DagBag from /opt/airflow/dags/print_context_dag.py
[2024-05-10T19:12:28.841+0000] {processor.py:766} INFO - DAG(s) dict_keys(['print_context_dag']) retrieved from /opt/airflow/dags/print_context_dag.py
[2024-05-10T19:12:28.861+0000] {logging_mixin.py:120} INFO - [2024-05-10T19:12:28.861+0000] {dag.py:2585} INFO - Sync 1 DAGs
[2024-05-10T19:12:28.872+0000] {logging_mixin.py:120} INFO - [2024-05-10T19:12:28.872+0000] {dag.py:3340} INFO - Setting next_dagrun for print_context_dag to None, run_after=None
[2024-05-10T19:12:28.880+0000] {processor.py:176} INFO - Processing /opt/airflow/dags/print_context_dag.py took 0.052 seconds
[2024-05-10T19:12:58.585+0000] {processor.py:154} INFO - Started process (PID=3950) to work on /opt/airflow/dags/print_context_dag.py
[2024-05-10T19:12:58.585+0000] {processor.py:756} INFO - Processing file /opt/airflow/dags/print_context_dag.py for tasks to queue
[2024-05-10T19:12:58.585+0000] {logging_mixin.py:120} INFO - [2024-05-10T19:12:58.585+0000] {dagbag.py:537} INFO - Filling up the DagBag from /opt/airflow/dags/print_context_dag.py
[2024-05-10T19:12:58.595+0000] {processor.py:766} INFO - DAG(s) dict_keys(['print_context_dag']) retrieved from /opt/airflow/dags/print_context_dag.py
[2024-05-10T19:12:58.632+0000] {logging_mixin.py:120} INFO - [2024-05-10T19:12:58.632+0000] {dag.py:2585} INFO - Sync 1 DAGs
[2024-05-10T19:12:58.643+0000] {logging_mixin.py:120} INFO - [2024-05-10T19:12:58.643+0000] {dag.py:3340} INFO - Setting next_dagrun for print_context_dag to None, run_after=None
[2024-05-10T19:12:58.652+0000] {processor.py:176} INFO - Processing /opt/airflow/dags/print_context_dag.py took 0.069 seconds
[2024-05-10T19:13:29.387+0000] {processor.py:154} INFO - Started process (PID=4005) to work on /opt/airflow/dags/print_context_dag.py
[2024-05-10T19:13:29.389+0000] {processor.py:756} INFO - Processing file /opt/airflow/dags/print_context_dag.py for tasks to queue
[2024-05-10T19:13:29.390+0000] {logging_mixin.py:120} INFO - [2024-05-10T19:13:29.389+0000] {dagbag.py:537} INFO - Filling up the DagBag from /opt/airflow/dags/print_context_dag.py
[2024-05-10T19:13:29.409+0000] {processor.py:766} INFO - DAG(s) dict_keys(['print_context_dag']) retrieved from /opt/airflow/dags/print_context_dag.py
[2024-05-10T19:13:29.439+0000] {logging_mixin.py:120} INFO - [2024-05-10T19:13:29.438+0000] {dag.py:2585} INFO - Sync 1 DAGs
[2024-05-10T19:13:29.450+0000] {logging_mixin.py:120} INFO - [2024-05-10T19:13:29.450+0000] {dag.py:3340} INFO - Setting next_dagrun for print_context_dag to None, run_after=None
[2024-05-10T19:13:29.457+0000] {processor.py:176} INFO - Processing /opt/airflow/dags/print_context_dag.py took 0.076 seconds
[2024-05-10T19:14:00.076+0000] {processor.py:154} INFO - Started process (PID=4068) to work on /opt/airflow/dags/print_context_dag.py
[2024-05-10T19:14:00.077+0000] {processor.py:756} INFO - Processing file /opt/airflow/dags/print_context_dag.py for tasks to queue
[2024-05-10T19:14:00.077+0000] {logging_mixin.py:120} INFO - [2024-05-10T19:14:00.077+0000] {dagbag.py:537} INFO - Filling up the DagBag from /opt/airflow/dags/print_context_dag.py
[2024-05-10T19:14:00.089+0000] {processor.py:766} INFO - DAG(s) dict_keys(['print_context_dag']) retrieved from /opt/airflow/dags/print_context_dag.py
[2024-05-10T19:14:00.111+0000] {logging_mixin.py:120} INFO - [2024-05-10T19:14:00.111+0000] {dag.py:2585} INFO - Sync 1 DAGs
[2024-05-10T19:14:00.123+0000] {logging_mixin.py:120} INFO - [2024-05-10T19:14:00.123+0000] {dag.py:3340} INFO - Setting next_dagrun for print_context_dag to None, run_after=None
[2024-05-10T19:14:00.130+0000] {processor.py:176} INFO - Processing /opt/airflow/dags/print_context_dag.py took 0.057 seconds
[2024-05-10T19:14:30.790+0000] {processor.py:154} INFO - Started process (PID=4132) to work on /opt/airflow/dags/print_context_dag.py
[2024-05-10T19:14:30.791+0000] {processor.py:756} INFO - Processing file /opt/airflow/dags/print_context_dag.py for tasks to queue
[2024-05-10T19:14:30.791+0000] {logging_mixin.py:120} INFO - [2024-05-10T19:14:30.791+0000] {dagbag.py:537} INFO - Filling up the DagBag from /opt/airflow/dags/print_context_dag.py
[2024-05-10T19:14:30.799+0000] {processor.py:766} INFO - DAG(s) dict_keys(['print_context_dag']) retrieved from /opt/airflow/dags/print_context_dag.py
[2024-05-10T19:14:30.818+0000] {logging_mixin.py:120} INFO - [2024-05-10T19:14:30.818+0000] {dag.py:2585} INFO - Sync 1 DAGs
[2024-05-10T19:14:30.829+0000] {logging_mixin.py:120} INFO - [2024-05-10T19:14:30.828+0000] {dag.py:3340} INFO - Setting next_dagrun for print_context_dag to None, run_after=None
[2024-05-10T19:14:30.837+0000] {processor.py:176} INFO - Processing /opt/airflow/dags/print_context_dag.py took 0.049 seconds
[2024-05-10T19:15:01.667+0000] {processor.py:154} INFO - Started process (PID=4196) to work on /opt/airflow/dags/print_context_dag.py
[2024-05-10T19:15:01.667+0000] {processor.py:756} INFO - Processing file /opt/airflow/dags/print_context_dag.py for tasks to queue
[2024-05-10T19:15:01.668+0000] {logging_mixin.py:120} INFO - [2024-05-10T19:15:01.668+0000] {dagbag.py:537} INFO - Filling up the DagBag from /opt/airflow/dags/print_context_dag.py
[2024-05-10T19:15:01.676+0000] {processor.py:766} INFO - DAG(s) dict_keys(['print_context_dag']) retrieved from /opt/airflow/dags/print_context_dag.py
[2024-05-10T19:15:01.695+0000] {logging_mixin.py:120} INFO - [2024-05-10T19:15:01.694+0000] {dag.py:2585} INFO - Sync 1 DAGs
[2024-05-10T19:15:01.706+0000] {logging_mixin.py:120} INFO - [2024-05-10T19:15:01.705+0000] {dag.py:3340} INFO - Setting next_dagrun for print_context_dag to None, run_after=None
[2024-05-10T19:15:01.714+0000] {processor.py:176} INFO - Processing /opt/airflow/dags/print_context_dag.py took 0.049 seconds
[2024-05-10T19:15:32.497+0000] {processor.py:154} INFO - Started process (PID=4260) to work on /opt/airflow/dags/print_context_dag.py
[2024-05-10T19:15:32.499+0000] {processor.py:756} INFO - Processing file /opt/airflow/dags/print_context_dag.py for tasks to queue
[2024-05-10T19:15:32.499+0000] {logging_mixin.py:120} INFO - [2024-05-10T19:15:32.499+0000] {dagbag.py:537} INFO - Filling up the DagBag from /opt/airflow/dags/print_context_dag.py
[2024-05-10T19:15:32.516+0000] {processor.py:766} INFO - DAG(s) dict_keys(['print_context_dag']) retrieved from /opt/airflow/dags/print_context_dag.py
[2024-05-10T19:15:32.544+0000] {logging_mixin.py:120} INFO - [2024-05-10T19:15:32.544+0000] {dag.py:2585} INFO - Sync 1 DAGs
[2024-05-10T19:15:32.555+0000] {logging_mixin.py:120} INFO - [2024-05-10T19:15:32.555+0000] {dag.py:3340} INFO - Setting next_dagrun for print_context_dag to None, run_after=None
[2024-05-10T19:15:32.563+0000] {processor.py:176} INFO - Processing /opt/airflow/dags/print_context_dag.py took 0.071 seconds
[2024-05-10T19:16:03.178+0000] {processor.py:154} INFO - Started process (PID=4325) to work on /opt/airflow/dags/print_context_dag.py
[2024-05-10T19:16:03.180+0000] {processor.py:756} INFO - Processing file /opt/airflow/dags/print_context_dag.py for tasks to queue
[2024-05-10T19:16:03.181+0000] {logging_mixin.py:120} INFO - [2024-05-10T19:16:03.181+0000] {dagbag.py:537} INFO - Filling up the DagBag from /opt/airflow/dags/print_context_dag.py
[2024-05-10T19:16:03.200+0000] {processor.py:766} INFO - DAG(s) dict_keys(['print_context_dag']) retrieved from /opt/airflow/dags/print_context_dag.py
[2024-05-10T19:16:03.231+0000] {logging_mixin.py:120} INFO - [2024-05-10T19:16:03.231+0000] {dag.py:2585} INFO - Sync 1 DAGs
[2024-05-10T19:16:03.243+0000] {logging_mixin.py:120} INFO - [2024-05-10T19:16:03.242+0000] {dag.py:3340} INFO - Setting next_dagrun for print_context_dag to None, run_after=None
[2024-05-10T19:16:03.250+0000] {processor.py:176} INFO - Processing /opt/airflow/dags/print_context_dag.py took 0.078 seconds
[2024-05-10T19:16:33.313+0000] {processor.py:154} INFO - Started process (PID=4389) to work on /opt/airflow/dags/print_context_dag.py
[2024-05-10T19:16:33.314+0000] {processor.py:756} INFO - Processing file /opt/airflow/dags/print_context_dag.py for tasks to queue
[2024-05-10T19:16:33.315+0000] {logging_mixin.py:120} INFO - [2024-05-10T19:16:33.315+0000] {dagbag.py:537} INFO - Filling up the DagBag from /opt/airflow/dags/print_context_dag.py
[2024-05-10T19:16:33.333+0000] {processor.py:766} INFO - DAG(s) dict_keys(['print_context_dag']) retrieved from /opt/airflow/dags/print_context_dag.py
[2024-05-10T19:16:33.364+0000] {logging_mixin.py:120} INFO - [2024-05-10T19:16:33.364+0000] {dag.py:2585} INFO - Sync 1 DAGs
[2024-05-10T19:16:33.378+0000] {logging_mixin.py:120} INFO - [2024-05-10T19:16:33.378+0000] {dag.py:3340} INFO - Setting next_dagrun for print_context_dag to None, run_after=None
[2024-05-10T19:16:33.386+0000] {processor.py:176} INFO - Processing /opt/airflow/dags/print_context_dag.py took 0.077 seconds
[2024-05-10T19:33:27.931+0000] {processor.py:154} INFO - Started process (PID=4390) to work on /opt/airflow/dags/print_context_dag.py
[2024-05-10T19:33:27.932+0000] {processor.py:756} INFO - Processing file /opt/airflow/dags/print_context_dag.py for tasks to queue
[2024-05-10T19:33:27.933+0000] {logging_mixin.py:120} INFO - [2024-05-10T19:33:27.933+0000] {dagbag.py:537} INFO - Filling up the DagBag from /opt/airflow/dags/print_context_dag.py
[2024-05-10T19:33:27.945+0000] {processor.py:766} INFO - DAG(s) dict_keys(['print_context_dag']) retrieved from /opt/airflow/dags/print_context_dag.py
[2024-05-10T19:33:27.968+0000] {logging_mixin.py:120} INFO - [2024-05-10T19:33:27.968+0000] {dag.py:2585} INFO - Sync 1 DAGs
[2024-05-10T19:33:27.980+0000] {logging_mixin.py:120} INFO - [2024-05-10T19:33:27.980+0000] {dag.py:3340} INFO - Setting next_dagrun for print_context_dag to None, run_after=None
[2024-05-10T19:33:27.989+0000] {processor.py:176} INFO - Processing /opt/airflow/dags/print_context_dag.py took 0.061 seconds
[2024-05-10T19:33:58.596+0000] {processor.py:154} INFO - Started process (PID=4454) to work on /opt/airflow/dags/print_context_dag.py
[2024-05-10T19:33:58.598+0000] {processor.py:756} INFO - Processing file /opt/airflow/dags/print_context_dag.py for tasks to queue
[2024-05-10T19:33:58.599+0000] {logging_mixin.py:120} INFO - [2024-05-10T19:33:58.599+0000] {dagbag.py:537} INFO - Filling up the DagBag from /opt/airflow/dags/print_context_dag.py
[2024-05-10T19:33:58.617+0000] {processor.py:766} INFO - DAG(s) dict_keys(['print_context_dag']) retrieved from /opt/airflow/dags/print_context_dag.py
[2024-05-10T19:33:58.644+0000] {logging_mixin.py:120} INFO - [2024-05-10T19:33:58.644+0000] {dag.py:2585} INFO - Sync 1 DAGs
[2024-05-10T19:33:58.657+0000] {logging_mixin.py:120} INFO - [2024-05-10T19:33:58.657+0000] {dag.py:3340} INFO - Setting next_dagrun for print_context_dag to None, run_after=None
[2024-05-10T19:33:58.665+0000] {processor.py:176} INFO - Processing /opt/airflow/dags/print_context_dag.py took 0.076 seconds
[2024-05-10T19:34:29.297+0000] {processor.py:154} INFO - Started process (PID=4518) to work on /opt/airflow/dags/print_context_dag.py
[2024-05-10T19:34:29.297+0000] {processor.py:756} INFO - Processing file /opt/airflow/dags/print_context_dag.py for tasks to queue
[2024-05-10T19:34:29.298+0000] {logging_mixin.py:120} INFO - [2024-05-10T19:34:29.298+0000] {dagbag.py:537} INFO - Filling up the DagBag from /opt/airflow/dags/print_context_dag.py
[2024-05-10T19:34:29.306+0000] {processor.py:766} INFO - DAG(s) dict_keys(['print_context_dag']) retrieved from /opt/airflow/dags/print_context_dag.py
[2024-05-10T19:34:29.326+0000] {logging_mixin.py:120} INFO - [2024-05-10T19:34:29.326+0000] {dag.py:2585} INFO - Sync 1 DAGs
[2024-05-10T19:34:29.338+0000] {logging_mixin.py:120} INFO - [2024-05-10T19:34:29.338+0000] {dag.py:3340} INFO - Setting next_dagrun for print_context_dag to None, run_after=None
[2024-05-10T19:34:29.345+0000] {processor.py:176} INFO - Processing /opt/airflow/dags/print_context_dag.py took 0.051 seconds
[2024-05-10T19:34:59.905+0000] {processor.py:154} INFO - Started process (PID=4582) to work on /opt/airflow/dags/print_context_dag.py
[2024-05-10T19:34:59.906+0000] {processor.py:756} INFO - Processing file /opt/airflow/dags/print_context_dag.py for tasks to queue
[2024-05-10T19:34:59.907+0000] {logging_mixin.py:120} INFO - [2024-05-10T19:34:59.907+0000] {dagbag.py:537} INFO - Filling up the DagBag from /opt/airflow/dags/print_context_dag.py
[2024-05-10T19:34:59.921+0000] {processor.py:766} INFO - DAG(s) dict_keys(['print_context_dag']) retrieved from /opt/airflow/dags/print_context_dag.py
[2024-05-10T19:34:59.946+0000] {logging_mixin.py:120} INFO - [2024-05-10T19:34:59.946+0000] {dag.py:2585} INFO - Sync 1 DAGs
[2024-05-10T19:34:59.957+0000] {logging_mixin.py:120} INFO - [2024-05-10T19:34:59.957+0000] {dag.py:3340} INFO - Setting next_dagrun for print_context_dag to None, run_after=None
[2024-05-10T19:34:59.965+0000] {processor.py:176} INFO - Processing /opt/airflow/dags/print_context_dag.py took 0.064 seconds
[2024-05-10T19:35:30.676+0000] {processor.py:154} INFO - Started process (PID=4646) to work on /opt/airflow/dags/print_context_dag.py
[2024-05-10T19:35:30.678+0000] {processor.py:756} INFO - Processing file /opt/airflow/dags/print_context_dag.py for tasks to queue
[2024-05-10T19:35:30.679+0000] {logging_mixin.py:120} INFO - [2024-05-10T19:35:30.679+0000] {dagbag.py:537} INFO - Filling up the DagBag from /opt/airflow/dags/print_context_dag.py
[2024-05-10T19:35:30.696+0000] {processor.py:766} INFO - DAG(s) dict_keys(['print_context_dag']) retrieved from /opt/airflow/dags/print_context_dag.py
[2024-05-10T19:35:30.723+0000] {logging_mixin.py:120} INFO - [2024-05-10T19:35:30.723+0000] {dag.py:2585} INFO - Sync 1 DAGs
[2024-05-10T19:35:30.737+0000] {logging_mixin.py:120} INFO - [2024-05-10T19:35:30.736+0000] {dag.py:3340} INFO - Setting next_dagrun for print_context_dag to None, run_after=None
[2024-05-10T19:35:30.745+0000] {processor.py:176} INFO - Processing /opt/airflow/dags/print_context_dag.py took 0.075 seconds
[2024-05-10T19:36:01.374+0000] {processor.py:154} INFO - Started process (PID=4709) to work on /opt/airflow/dags/print_context_dag.py
[2024-05-10T19:36:01.376+0000] {processor.py:756} INFO - Processing file /opt/airflow/dags/print_context_dag.py for tasks to queue
[2024-05-10T19:36:01.377+0000] {logging_mixin.py:120} INFO - [2024-05-10T19:36:01.377+0000] {dagbag.py:537} INFO - Filling up the DagBag from /opt/airflow/dags/print_context_dag.py
[2024-05-10T19:36:01.396+0000] {processor.py:766} INFO - DAG(s) dict_keys(['print_context_dag']) retrieved from /opt/airflow/dags/print_context_dag.py
[2024-05-10T19:36:01.424+0000] {logging_mixin.py:120} INFO - [2024-05-10T19:36:01.424+0000] {dag.py:2585} INFO - Sync 1 DAGs
[2024-05-10T19:36:01.437+0000] {logging_mixin.py:120} INFO - [2024-05-10T19:36:01.437+0000] {dag.py:3340} INFO - Setting next_dagrun for print_context_dag to None, run_after=None
[2024-05-10T19:36:01.445+0000] {processor.py:176} INFO - Processing /opt/airflow/dags/print_context_dag.py took 0.077 seconds
[2024-05-10T19:36:32.054+0000] {processor.py:154} INFO - Started process (PID=4774) to work on /opt/airflow/dags/print_context_dag.py
[2024-05-10T19:36:32.056+0000] {processor.py:756} INFO - Processing file /opt/airflow/dags/print_context_dag.py for tasks to queue
[2024-05-10T19:36:32.058+0000] {logging_mixin.py:120} INFO - [2024-05-10T19:36:32.057+0000] {dagbag.py:537} INFO - Filling up the DagBag from /opt/airflow/dags/print_context_dag.py
[2024-05-10T19:36:32.077+0000] {processor.py:766} INFO - DAG(s) dict_keys(['print_context_dag']) retrieved from /opt/airflow/dags/print_context_dag.py
[2024-05-10T19:36:32.104+0000] {logging_mixin.py:120} INFO - [2024-05-10T19:36:32.104+0000] {dag.py:2585} INFO - Sync 1 DAGs
[2024-05-10T19:36:32.117+0000] {logging_mixin.py:120} INFO - [2024-05-10T19:36:32.117+0000] {dag.py:3340} INFO - Setting next_dagrun for print_context_dag to None, run_after=None
[2024-05-10T19:36:32.125+0000] {processor.py:176} INFO - Processing /opt/airflow/dags/print_context_dag.py took 0.076 seconds
[2024-05-10T19:37:02.748+0000] {processor.py:154} INFO - Started process (PID=4839) to work on /opt/airflow/dags/print_context_dag.py
[2024-05-10T19:37:02.750+0000] {processor.py:756} INFO - Processing file /opt/airflow/dags/print_context_dag.py for tasks to queue
[2024-05-10T19:37:02.751+0000] {logging_mixin.py:120} INFO - [2024-05-10T19:37:02.751+0000] {dagbag.py:537} INFO - Filling up the DagBag from /opt/airflow/dags/print_context_dag.py
[2024-05-10T19:37:02.770+0000] {processor.py:766} INFO - DAG(s) dict_keys(['print_context_dag']) retrieved from /opt/airflow/dags/print_context_dag.py
[2024-05-10T19:37:02.797+0000] {logging_mixin.py:120} INFO - [2024-05-10T19:37:02.797+0000] {dag.py:2585} INFO - Sync 1 DAGs
[2024-05-10T19:37:02.809+0000] {logging_mixin.py:120} INFO - [2024-05-10T19:37:02.809+0000] {dag.py:3340} INFO - Setting next_dagrun for print_context_dag to None, run_after=None
[2024-05-10T19:37:02.817+0000] {processor.py:176} INFO - Processing /opt/airflow/dags/print_context_dag.py took 0.075 seconds
[2024-05-10T19:37:33.438+0000] {processor.py:154} INFO - Started process (PID=4902) to work on /opt/airflow/dags/print_context_dag.py
[2024-05-10T19:37:33.440+0000] {processor.py:756} INFO - Processing file /opt/airflow/dags/print_context_dag.py for tasks to queue
[2024-05-10T19:37:33.440+0000] {logging_mixin.py:120} INFO - [2024-05-10T19:37:33.440+0000] {dagbag.py:537} INFO - Filling up the DagBag from /opt/airflow/dags/print_context_dag.py
[2024-05-10T19:37:33.449+0000] {processor.py:766} INFO - DAG(s) dict_keys(['print_context_dag']) retrieved from /opt/airflow/dags/print_context_dag.py
[2024-05-10T19:37:33.470+0000] {logging_mixin.py:120} INFO - [2024-05-10T19:37:33.470+0000] {dag.py:2585} INFO - Sync 1 DAGs
[2024-05-10T19:37:33.482+0000] {logging_mixin.py:120} INFO - [2024-05-10T19:37:33.482+0000] {dag.py:3340} INFO - Setting next_dagrun for print_context_dag to None, run_after=None
[2024-05-10T19:37:33.490+0000] {processor.py:176} INFO - Processing /opt/airflow/dags/print_context_dag.py took 0.053 seconds
[2024-05-10T19:38:04.230+0000] {processor.py:154} INFO - Started process (PID=4958) to work on /opt/airflow/dags/print_context_dag.py
[2024-05-10T19:38:04.231+0000] {processor.py:756} INFO - Processing file /opt/airflow/dags/print_context_dag.py for tasks to queue
[2024-05-10T19:38:04.232+0000] {logging_mixin.py:120} INFO - [2024-05-10T19:38:04.232+0000] {dagbag.py:537} INFO - Filling up the DagBag from /opt/airflow/dags/print_context_dag.py
[2024-05-10T19:38:04.249+0000] {processor.py:766} INFO - DAG(s) dict_keys(['print_context_dag']) retrieved from /opt/airflow/dags/print_context_dag.py
[2024-05-10T19:38:04.275+0000] {logging_mixin.py:120} INFO - [2024-05-10T19:38:04.275+0000] {dag.py:2585} INFO - Sync 1 DAGs
[2024-05-10T19:38:04.287+0000] {logging_mixin.py:120} INFO - [2024-05-10T19:38:04.287+0000] {dag.py:3340} INFO - Setting next_dagrun for print_context_dag to None, run_after=None
[2024-05-10T19:38:04.296+0000] {processor.py:176} INFO - Processing /opt/airflow/dags/print_context_dag.py took 0.072 seconds
[2024-05-10T20:05:50.666+0000] {processor.py:154} INFO - Started process (PID=5022) to work on /opt/airflow/dags/print_context_dag.py
[2024-05-10T20:05:50.668+0000] {processor.py:756} INFO - Processing file /opt/airflow/dags/print_context_dag.py for tasks to queue
[2024-05-10T20:05:50.670+0000] {logging_mixin.py:120} INFO - [2024-05-10T20:05:50.670+0000] {dagbag.py:537} INFO - Filling up the DagBag from /opt/airflow/dags/print_context_dag.py
[2024-05-10T20:05:50.691+0000] {processor.py:766} INFO - DAG(s) dict_keys(['print_context_dag']) retrieved from /opt/airflow/dags/print_context_dag.py
[2024-05-10T20:05:50.755+0000] {logging_mixin.py:120} INFO - [2024-05-10T20:05:50.755+0000] {dag.py:2585} INFO - Sync 1 DAGs
[2024-05-10T20:05:50.778+0000] {logging_mixin.py:120} INFO - [2024-05-10T20:05:50.777+0000] {dag.py:3340} INFO - Setting next_dagrun for print_context_dag to None, run_after=None
[2024-05-10T20:05:50.799+0000] {processor.py:176} INFO - Processing /opt/airflow/dags/print_context_dag.py took 0.139 seconds
[2024-05-10T21:02:52.655+0000] {processor.py:154} INFO - Started process (PID=5077) to work on /opt/airflow/dags/print_context_dag.py
[2024-05-10T21:02:52.660+0000] {processor.py:756} INFO - Processing file /opt/airflow/dags/print_context_dag.py for tasks to queue
[2024-05-10T21:02:52.661+0000] {logging_mixin.py:120} INFO - [2024-05-10T21:02:52.660+0000] {dagbag.py:537} INFO - Filling up the DagBag from /opt/airflow/dags/print_context_dag.py
[2024-05-10T21:02:52.679+0000] {processor.py:766} INFO - DAG(s) dict_keys(['print_context_dag']) retrieved from /opt/airflow/dags/print_context_dag.py
[2024-05-10T21:02:52.728+0000] {logging_mixin.py:120} INFO - [2024-05-10T21:02:52.728+0000] {dag.py:2585} INFO - Sync 1 DAGs
[2024-05-10T21:02:52.751+0000] {logging_mixin.py:120} INFO - [2024-05-10T21:02:52.751+0000] {dag.py:3340} INFO - Setting next_dagrun for print_context_dag to None, run_after=None
[2024-05-10T21:02:52.773+0000] {processor.py:176} INFO - Processing /opt/airflow/dags/print_context_dag.py took 0.120 seconds
[2024-05-10T21:03:22.851+0000] {processor.py:154} INFO - Started process (PID=5141) to work on /opt/airflow/dags/print_context_dag.py
[2024-05-10T21:03:22.852+0000] {processor.py:756} INFO - Processing file /opt/airflow/dags/print_context_dag.py for tasks to queue
[2024-05-10T21:03:22.852+0000] {logging_mixin.py:120} INFO - [2024-05-10T21:03:22.852+0000] {dagbag.py:537} INFO - Filling up the DagBag from /opt/airflow/dags/print_context_dag.py
[2024-05-10T21:03:22.861+0000] {processor.py:766} INFO - DAG(s) dict_keys(['print_context_dag']) retrieved from /opt/airflow/dags/print_context_dag.py
[2024-05-10T21:03:22.882+0000] {logging_mixin.py:120} INFO - [2024-05-10T21:03:22.882+0000] {dag.py:2585} INFO - Sync 1 DAGs
[2024-05-10T21:03:22.894+0000] {logging_mixin.py:120} INFO - [2024-05-10T21:03:22.894+0000] {dag.py:3340} INFO - Setting next_dagrun for print_context_dag to None, run_after=None
[2024-05-10T21:03:22.902+0000] {processor.py:176} INFO - Processing /opt/airflow/dags/print_context_dag.py took 0.053 seconds
[2024-05-10T21:03:53.544+0000] {processor.py:154} INFO - Started process (PID=5205) to work on /opt/airflow/dags/print_context_dag.py
[2024-05-10T21:03:53.545+0000] {processor.py:756} INFO - Processing file /opt/airflow/dags/print_context_dag.py for tasks to queue
[2024-05-10T21:03:53.545+0000] {logging_mixin.py:120} INFO - [2024-05-10T21:03:53.545+0000] {dagbag.py:537} INFO - Filling up the DagBag from /opt/airflow/dags/print_context_dag.py
[2024-05-10T21:03:53.556+0000] {processor.py:766} INFO - DAG(s) dict_keys(['print_context_dag']) retrieved from /opt/airflow/dags/print_context_dag.py
[2024-05-10T21:03:53.579+0000] {logging_mixin.py:120} INFO - [2024-05-10T21:03:53.579+0000] {dag.py:2585} INFO - Sync 1 DAGs
[2024-05-10T21:03:53.591+0000] {logging_mixin.py:120} INFO - [2024-05-10T21:03:53.591+0000] {dag.py:3340} INFO - Setting next_dagrun for print_context_dag to None, run_after=None
[2024-05-10T21:03:53.599+0000] {processor.py:176} INFO - Processing /opt/airflow/dags/print_context_dag.py took 0.059 seconds
[2024-05-10T21:04:24.336+0000] {processor.py:154} INFO - Started process (PID=5269) to work on /opt/airflow/dags/print_context_dag.py
[2024-05-10T21:04:24.337+0000] {processor.py:756} INFO - Processing file /opt/airflow/dags/print_context_dag.py for tasks to queue
[2024-05-10T21:04:24.339+0000] {logging_mixin.py:120} INFO - [2024-05-10T21:04:24.338+0000] {dagbag.py:537} INFO - Filling up the DagBag from /opt/airflow/dags/print_context_dag.py
[2024-05-10T21:04:24.354+0000] {processor.py:766} INFO - DAG(s) dict_keys(['print_context_dag']) retrieved from /opt/airflow/dags/print_context_dag.py
[2024-05-10T21:04:24.384+0000] {logging_mixin.py:120} INFO - [2024-05-10T21:04:24.384+0000] {dag.py:2585} INFO - Sync 1 DAGs
[2024-05-10T21:04:24.402+0000] {logging_mixin.py:120} INFO - [2024-05-10T21:04:24.402+0000] {dag.py:3340} INFO - Setting next_dagrun for print_context_dag to None, run_after=None
[2024-05-10T21:04:24.411+0000] {processor.py:176} INFO - Processing /opt/airflow/dags/print_context_dag.py took 0.080 seconds
[2024-05-10T21:04:54.912+0000] {processor.py:154} INFO - Started process (PID=5333) to work on /opt/airflow/dags/print_context_dag.py
[2024-05-10T21:04:54.914+0000] {processor.py:756} INFO - Processing file /opt/airflow/dags/print_context_dag.py for tasks to queue
[2024-05-10T21:04:54.915+0000] {logging_mixin.py:120} INFO - [2024-05-10T21:04:54.915+0000] {dagbag.py:537} INFO - Filling up the DagBag from /opt/airflow/dags/print_context_dag.py
[2024-05-10T21:04:54.935+0000] {processor.py:766} INFO - DAG(s) dict_keys(['print_context_dag']) retrieved from /opt/airflow/dags/print_context_dag.py
[2024-05-10T21:04:54.964+0000] {logging_mixin.py:120} INFO - [2024-05-10T21:04:54.964+0000] {dag.py:2585} INFO - Sync 1 DAGs
[2024-05-10T21:04:54.977+0000] {logging_mixin.py:120} INFO - [2024-05-10T21:04:54.977+0000] {dag.py:3340} INFO - Setting next_dagrun for print_context_dag to None, run_after=None
[2024-05-10T21:04:54.992+0000] {processor.py:176} INFO - Processing /opt/airflow/dags/print_context_dag.py took 0.086 seconds
[2024-05-10T21:05:25.558+0000] {processor.py:154} INFO - Started process (PID=5397) to work on /opt/airflow/dags/print_context_dag.py
[2024-05-10T21:05:25.559+0000] {processor.py:756} INFO - Processing file /opt/airflow/dags/print_context_dag.py for tasks to queue
[2024-05-10T21:05:25.560+0000] {logging_mixin.py:120} INFO - [2024-05-10T21:05:25.560+0000] {dagbag.py:537} INFO - Filling up the DagBag from /opt/airflow/dags/print_context_dag.py
[2024-05-10T21:05:25.573+0000] {processor.py:766} INFO - DAG(s) dict_keys(['print_context_dag']) retrieved from /opt/airflow/dags/print_context_dag.py
[2024-05-10T21:05:25.601+0000] {logging_mixin.py:120} INFO - [2024-05-10T21:05:25.601+0000] {dag.py:2585} INFO - Sync 1 DAGs
[2024-05-10T21:05:25.617+0000] {logging_mixin.py:120} INFO - [2024-05-10T21:05:25.617+0000] {dag.py:3340} INFO - Setting next_dagrun for print_context_dag to None, run_after=None
[2024-05-10T21:05:25.628+0000] {processor.py:176} INFO - Processing /opt/airflow/dags/print_context_dag.py took 0.075 seconds
[2024-05-10T21:05:56.515+0000] {processor.py:154} INFO - Started process (PID=5461) to work on /opt/airflow/dags/print_context_dag.py
[2024-05-10T21:05:56.515+0000] {processor.py:756} INFO - Processing file /opt/airflow/dags/print_context_dag.py for tasks to queue
[2024-05-10T21:05:56.516+0000] {logging_mixin.py:120} INFO - [2024-05-10T21:05:56.516+0000] {dagbag.py:537} INFO - Filling up the DagBag from /opt/airflow/dags/print_context_dag.py
[2024-05-10T21:05:56.527+0000] {processor.py:766} INFO - DAG(s) dict_keys(['print_context_dag']) retrieved from /opt/airflow/dags/print_context_dag.py
[2024-05-10T21:05:56.560+0000] {logging_mixin.py:120} INFO - [2024-05-10T21:05:56.560+0000] {dag.py:2585} INFO - Sync 1 DAGs
[2024-05-10T21:05:56.577+0000] {logging_mixin.py:120} INFO - [2024-05-10T21:05:56.577+0000] {dag.py:3340} INFO - Setting next_dagrun for print_context_dag to None, run_after=None
[2024-05-10T21:05:56.589+0000] {processor.py:176} INFO - Processing /opt/airflow/dags/print_context_dag.py took 0.077 seconds
[2024-05-10T21:06:27.287+0000] {processor.py:154} INFO - Started process (PID=5516) to work on /opt/airflow/dags/print_context_dag.py
[2024-05-10T21:06:27.288+0000] {processor.py:756} INFO - Processing file /opt/airflow/dags/print_context_dag.py for tasks to queue
[2024-05-10T21:06:27.290+0000] {logging_mixin.py:120} INFO - [2024-05-10T21:06:27.289+0000] {dagbag.py:537} INFO - Filling up the DagBag from /opt/airflow/dags/print_context_dag.py
[2024-05-10T21:06:27.305+0000] {processor.py:766} INFO - DAG(s) dict_keys(['print_context_dag']) retrieved from /opt/airflow/dags/print_context_dag.py
[2024-05-10T21:06:27.342+0000] {logging_mixin.py:120} INFO - [2024-05-10T21:06:27.342+0000] {dag.py:2585} INFO - Sync 1 DAGs
[2024-05-10T21:06:27.359+0000] {logging_mixin.py:120} INFO - [2024-05-10T21:06:27.359+0000] {dag.py:3340} INFO - Setting next_dagrun for print_context_dag to None, run_after=None
[2024-05-10T21:06:27.368+0000] {processor.py:176} INFO - Processing /opt/airflow/dags/print_context_dag.py took 0.085 seconds
[2024-05-10T21:06:58.184+0000] {processor.py:154} INFO - Started process (PID=5580) to work on /opt/airflow/dags/print_context_dag.py
[2024-05-10T21:06:58.185+0000] {processor.py:756} INFO - Processing file /opt/airflow/dags/print_context_dag.py for tasks to queue
[2024-05-10T21:06:58.185+0000] {logging_mixin.py:120} INFO - [2024-05-10T21:06:58.185+0000] {dagbag.py:537} INFO - Filling up the DagBag from /opt/airflow/dags/print_context_dag.py
[2024-05-10T21:06:58.194+0000] {processor.py:766} INFO - DAG(s) dict_keys(['print_context_dag']) retrieved from /opt/airflow/dags/print_context_dag.py
[2024-05-10T21:06:58.214+0000] {logging_mixin.py:120} INFO - [2024-05-10T21:06:58.213+0000] {dag.py:2585} INFO - Sync 1 DAGs
[2024-05-10T21:06:58.225+0000] {logging_mixin.py:120} INFO - [2024-05-10T21:06:58.225+0000] {dag.py:3340} INFO - Setting next_dagrun for print_context_dag to None, run_after=None
[2024-05-10T21:06:58.234+0000] {processor.py:176} INFO - Processing /opt/airflow/dags/print_context_dag.py took 0.051 seconds
[2024-05-10T21:07:28.941+0000] {processor.py:154} INFO - Started process (PID=5645) to work on /opt/airflow/dags/print_context_dag.py
[2024-05-10T21:07:28.942+0000] {processor.py:756} INFO - Processing file /opt/airflow/dags/print_context_dag.py for tasks to queue
[2024-05-10T21:07:28.943+0000] {logging_mixin.py:120} INFO - [2024-05-10T21:07:28.943+0000] {dagbag.py:537} INFO - Filling up the DagBag from /opt/airflow/dags/print_context_dag.py
[2024-05-10T21:07:28.955+0000] {processor.py:766} INFO - DAG(s) dict_keys(['print_context_dag']) retrieved from /opt/airflow/dags/print_context_dag.py
[2024-05-10T21:07:28.979+0000] {logging_mixin.py:120} INFO - [2024-05-10T21:07:28.979+0000] {dag.py:2585} INFO - Sync 1 DAGs
[2024-05-10T21:07:28.991+0000] {logging_mixin.py:120} INFO - [2024-05-10T21:07:28.991+0000] {dag.py:3340} INFO - Setting next_dagrun for print_context_dag to None, run_after=None
[2024-05-10T21:07:29.000+0000] {processor.py:176} INFO - Processing /opt/airflow/dags/print_context_dag.py took 0.062 seconds
[2024-05-10T21:07:59.623+0000] {processor.py:154} INFO - Started process (PID=5710) to work on /opt/airflow/dags/print_context_dag.py
[2024-05-10T21:07:59.624+0000] {processor.py:756} INFO - Processing file /opt/airflow/dags/print_context_dag.py for tasks to queue
[2024-05-10T21:07:59.625+0000] {logging_mixin.py:120} INFO - [2024-05-10T21:07:59.625+0000] {dagbag.py:537} INFO - Filling up the DagBag from /opt/airflow/dags/print_context_dag.py
[2024-05-10T21:07:59.640+0000] {processor.py:766} INFO - DAG(s) dict_keys(['print_context_dag']) retrieved from /opt/airflow/dags/print_context_dag.py
[2024-05-10T21:07:59.668+0000] {logging_mixin.py:120} INFO - [2024-05-10T21:07:59.668+0000] {dag.py:2585} INFO - Sync 1 DAGs
[2024-05-10T21:07:59.681+0000] {logging_mixin.py:120} INFO - [2024-05-10T21:07:59.680+0000] {dag.py:3340} INFO - Setting next_dagrun for print_context_dag to None, run_after=None
[2024-05-10T21:07:59.688+0000] {processor.py:176} INFO - Processing /opt/airflow/dags/print_context_dag.py took 0.071 seconds
[2024-05-10T21:08:30.472+0000] {processor.py:154} INFO - Started process (PID=5773) to work on /opt/airflow/dags/print_context_dag.py
[2024-05-10T21:08:30.474+0000] {processor.py:756} INFO - Processing file /opt/airflow/dags/print_context_dag.py for tasks to queue
[2024-05-10T21:08:30.475+0000] {logging_mixin.py:120} INFO - [2024-05-10T21:08:30.475+0000] {dagbag.py:537} INFO - Filling up the DagBag from /opt/airflow/dags/print_context_dag.py
[2024-05-10T21:08:30.493+0000] {processor.py:766} INFO - DAG(s) dict_keys(['print_context_dag']) retrieved from /opt/airflow/dags/print_context_dag.py
[2024-05-10T21:08:30.520+0000] {logging_mixin.py:120} INFO - [2024-05-10T21:08:30.520+0000] {dag.py:2585} INFO - Sync 1 DAGs
[2024-05-10T21:08:30.532+0000] {logging_mixin.py:120} INFO - [2024-05-10T21:08:30.532+0000] {dag.py:3340} INFO - Setting next_dagrun for print_context_dag to None, run_after=None
[2024-05-10T21:08:30.540+0000] {processor.py:176} INFO - Processing /opt/airflow/dags/print_context_dag.py took 0.074 seconds
[2024-05-10T21:09:01.304+0000] {processor.py:154} INFO - Started process (PID=5837) to work on /opt/airflow/dags/print_context_dag.py
[2024-05-10T21:09:01.305+0000] {processor.py:756} INFO - Processing file /opt/airflow/dags/print_context_dag.py for tasks to queue
[2024-05-10T21:09:01.306+0000] {logging_mixin.py:120} INFO - [2024-05-10T21:09:01.306+0000] {dagbag.py:537} INFO - Filling up the DagBag from /opt/airflow/dags/print_context_dag.py
[2024-05-10T21:09:01.320+0000] {processor.py:766} INFO - DAG(s) dict_keys(['print_context_dag']) retrieved from /opt/airflow/dags/print_context_dag.py
[2024-05-10T21:09:01.344+0000] {logging_mixin.py:120} INFO - [2024-05-10T21:09:01.344+0000] {dag.py:2585} INFO - Sync 1 DAGs
[2024-05-10T21:09:01.356+0000] {logging_mixin.py:120} INFO - [2024-05-10T21:09:01.356+0000] {dag.py:3340} INFO - Setting next_dagrun for print_context_dag to None, run_after=None
[2024-05-10T21:09:01.365+0000] {processor.py:176} INFO - Processing /opt/airflow/dags/print_context_dag.py took 0.066 seconds
[2024-05-10T21:09:32.250+0000] {processor.py:154} INFO - Started process (PID=5901) to work on /opt/airflow/dags/print_context_dag.py
[2024-05-10T21:09:32.251+0000] {processor.py:756} INFO - Processing file /opt/airflow/dags/print_context_dag.py for tasks to queue
[2024-05-10T21:09:32.252+0000] {logging_mixin.py:120} INFO - [2024-05-10T21:09:32.251+0000] {dagbag.py:537} INFO - Filling up the DagBag from /opt/airflow/dags/print_context_dag.py
[2024-05-10T21:09:32.267+0000] {processor.py:766} INFO - DAG(s) dict_keys(['print_context_dag']) retrieved from /opt/airflow/dags/print_context_dag.py
[2024-05-10T21:09:32.293+0000] {logging_mixin.py:120} INFO - [2024-05-10T21:09:32.293+0000] {dag.py:2585} INFO - Sync 1 DAGs
[2024-05-10T21:09:32.306+0000] {logging_mixin.py:120} INFO - [2024-05-10T21:09:32.306+0000] {dag.py:3340} INFO - Setting next_dagrun for print_context_dag to None, run_after=None
[2024-05-10T21:09:32.314+0000] {processor.py:176} INFO - Processing /opt/airflow/dags/print_context_dag.py took 0.070 seconds
