[2024-06-22T15:20:46.134+0000] {taskinstance.py:1165} INFO - Dependencies all met for <TaskInstance: dynamic_tasks_dag.task_6 scheduled__2024-02-08T00:00:00+00:00 [queued]>
[2024-06-22T15:20:46.162+0000] {taskinstance.py:1165} INFO - Dependencies all met for <TaskInstance: dynamic_tasks_dag.task_6 scheduled__2024-02-08T00:00:00+00:00 [queued]>
[2024-06-22T15:20:46.170+0000] {taskinstance.py:1362} INFO - 
--------------------------------------------------------------------------------
[2024-06-22T15:20:46.171+0000] {taskinstance.py:1363} INFO - Starting attempt 1 of 2
[2024-06-22T15:20:46.172+0000] {taskinstance.py:1364} INFO - 
--------------------------------------------------------------------------------
[2024-06-22T15:20:46.209+0000] {taskinstance.py:1383} INFO - Executing <Task(BashOperator): task_6> on 2024-02-08 00:00:00+00:00
[2024-06-22T15:20:46.229+0000] {standard_task_runner.py:55} INFO - Started process 1638 to run task
[2024-06-22T15:20:46.244+0000] {standard_task_runner.py:82} INFO - Running: ['***', 'tasks', 'run', 'dynamic_tasks_dag', 'task_6', 'scheduled__2024-02-08T00:00:00+00:00', '--job-id', '761', '--raw', '--subdir', 'DAGS_FOLDER/dynamic_tasks.py', '--cfg-path', '/tmp/tmpdubhd74d']
[2024-06-22T15:20:46.252+0000] {standard_task_runner.py:83} INFO - Job 761: Subtask task_6
[2024-06-22T15:20:46.434+0000] {task_command.py:376} INFO - Running <TaskInstance: dynamic_tasks_dag.task_6 scheduled__2024-02-08T00:00:00+00:00 [running]> on host 5f0aa929f7fe
[2024-06-22T15:20:46.597+0000] {taskinstance.py:1592} INFO - Exporting the following env vars:
AIRFLOW_CTX_DAG_OWNER=***
AIRFLOW_CTX_DAG_ID=dynamic_tasks_dag
AIRFLOW_CTX_TASK_ID=task_6
AIRFLOW_CTX_EXECUTION_DATE=2024-02-08T00:00:00+00:00
AIRFLOW_CTX_TRY_NUMBER=1
AIRFLOW_CTX_DAG_RUN_ID=scheduled__2024-02-08T00:00:00+00:00
[2024-06-22T15:20:46.600+0000] {subprocess.py:63} INFO - Tmp dir root location: 
 /tmp
[2024-06-22T15:20:46.601+0000] {subprocess.py:75} INFO - Running command: ['/bin/bash', '-c', "echo 'This is task 6'"]
[2024-06-22T15:20:46.615+0000] {subprocess.py:86} INFO - Output:
[2024-06-22T15:20:46.616+0000] {subprocess.py:93} INFO - This is task 6
[2024-06-22T15:20:46.618+0000] {subprocess.py:97} INFO - Command exited with return code 0
[2024-06-22T15:20:46.648+0000] {taskinstance.py:1406} INFO - Marking task as SUCCESS. dag_id=dynamic_tasks_dag, task_id=task_6, execution_date=20240208T000000, start_date=20240622T152046, end_date=20240622T152046
[2024-06-22T15:20:46.699+0000] {local_task_job.py:164} INFO - Task exited with return code 0
[2024-06-22T15:20:46.730+0000] {local_task_job.py:273} INFO - 0 downstream tasks scheduled from follow-on schedule check
