[2024-06-22T15:19:58.720+0000] {taskinstance.py:1165} INFO - Dependencies all met for <TaskInstance: dynamic_tasks_dag.task_4 scheduled__2024-01-01T00:00:00+00:00 [queued]>
[2024-06-22T15:19:58.750+0000] {taskinstance.py:1165} INFO - Dependencies all met for <TaskInstance: dynamic_tasks_dag.task_4 scheduled__2024-01-01T00:00:00+00:00 [queued]>
[2024-06-22T15:19:58.751+0000] {taskinstance.py:1362} INFO - 
--------------------------------------------------------------------------------
[2024-06-22T15:19:58.756+0000] {taskinstance.py:1363} INFO - Starting attempt 1 of 2
[2024-06-22T15:19:58.757+0000] {taskinstance.py:1364} INFO - 
--------------------------------------------------------------------------------
[2024-06-22T15:19:58.797+0000] {taskinstance.py:1383} INFO - Executing <Task(BashOperator): task_4> on 2024-01-01 00:00:00+00:00
[2024-06-22T15:19:58.824+0000] {standard_task_runner.py:55} INFO - Started process 511 to run task
[2024-06-22T15:19:58.865+0000] {standard_task_runner.py:82} INFO - Running: ['***', 'tasks', 'run', 'dynamic_tasks_dag', 'task_4', 'scheduled__2024-01-01T00:00:00+00:00', '--job-id', '393', '--raw', '--subdir', 'DAGS_FOLDER/dynamic_tasks.py', '--cfg-path', '/tmp/tmper8d3p0y']
[2024-06-22T15:19:58.913+0000] {standard_task_runner.py:83} INFO - Job 393: Subtask task_4
[2024-06-22T15:19:59.110+0000] {task_command.py:376} INFO - Running <TaskInstance: dynamic_tasks_dag.task_4 scheduled__2024-01-01T00:00:00+00:00 [running]> on host 5f0aa929f7fe
[2024-06-22T15:19:59.215+0000] {taskinstance.py:1592} INFO - Exporting the following env vars:
AIRFLOW_CTX_DAG_OWNER=***
AIRFLOW_CTX_DAG_ID=dynamic_tasks_dag
AIRFLOW_CTX_TASK_ID=task_4
AIRFLOW_CTX_EXECUTION_DATE=2024-01-01T00:00:00+00:00
AIRFLOW_CTX_TRY_NUMBER=1
AIRFLOW_CTX_DAG_RUN_ID=scheduled__2024-01-01T00:00:00+00:00
[2024-06-22T15:19:59.216+0000] {subprocess.py:63} INFO - Tmp dir root location: 
 /tmp
[2024-06-22T15:19:59.217+0000] {subprocess.py:75} INFO - Running command: ['/bin/bash', '-c', "echo 'This is task 4'"]
[2024-06-22T15:19:59.270+0000] {subprocess.py:86} INFO - Output:
[2024-06-22T15:19:59.272+0000] {subprocess.py:93} INFO - This is task 4
[2024-06-22T15:19:59.272+0000] {subprocess.py:97} INFO - Command exited with return code 0
[2024-06-22T15:19:59.300+0000] {taskinstance.py:1406} INFO - Marking task as SUCCESS. dag_id=dynamic_tasks_dag, task_id=task_4, execution_date=20240101T000000, start_date=20240622T151958, end_date=20240622T151959
[2024-06-22T15:19:59.357+0000] {local_task_job.py:164} INFO - Task exited with return code 0
[2024-06-22T15:19:59.398+0000] {local_task_job.py:273} INFO - 1 downstream tasks scheduled from follow-on schedule check
