[2024-06-22T15:21:31.559+0000] {taskinstance.py:1165} INFO - Dependencies all met for <TaskInstance: dynamic_tasks_dag.task_9 scheduled__2024-03-12T00:00:00+00:00 [queued]>
[2024-06-22T15:21:31.595+0000] {taskinstance.py:1165} INFO - Dependencies all met for <TaskInstance: dynamic_tasks_dag.task_9 scheduled__2024-03-12T00:00:00+00:00 [queued]>
[2024-06-22T15:21:31.602+0000] {taskinstance.py:1362} INFO - 
--------------------------------------------------------------------------------
[2024-06-22T15:21:31.603+0000] {taskinstance.py:1363} INFO - Starting attempt 1 of 2
[2024-06-22T15:21:31.606+0000] {taskinstance.py:1364} INFO - 
--------------------------------------------------------------------------------
[2024-06-22T15:21:31.639+0000] {taskinstance.py:1383} INFO - Executing <Task(BashOperator): task_9> on 2024-03-12 00:00:00+00:00
[2024-06-22T15:21:31.656+0000] {standard_task_runner.py:55} INFO - Started process 2768 to run task
[2024-06-22T15:21:31.691+0000] {standard_task_runner.py:82} INFO - Running: ['***', 'tasks', 'run', 'dynamic_tasks_dag', 'task_9', 'scheduled__2024-03-12T00:00:00+00:00', '--job-id', '1122', '--raw', '--subdir', 'DAGS_FOLDER/dynamic_tasks.py', '--cfg-path', '/tmp/tmpyb1tdwlx']
[2024-06-22T15:21:31.720+0000] {standard_task_runner.py:83} INFO - Job 1122: Subtask task_9
[2024-06-22T15:21:31.857+0000] {task_command.py:376} INFO - Running <TaskInstance: dynamic_tasks_dag.task_9 scheduled__2024-03-12T00:00:00+00:00 [running]> on host 5f0aa929f7fe
[2024-06-22T15:21:32.043+0000] {taskinstance.py:1592} INFO - Exporting the following env vars:
AIRFLOW_CTX_DAG_OWNER=***
AIRFLOW_CTX_DAG_ID=dynamic_tasks_dag
AIRFLOW_CTX_TASK_ID=task_9
AIRFLOW_CTX_EXECUTION_DATE=2024-03-12T00:00:00+00:00
AIRFLOW_CTX_TRY_NUMBER=1
AIRFLOW_CTX_DAG_RUN_ID=scheduled__2024-03-12T00:00:00+00:00
[2024-06-22T15:21:32.044+0000] {subprocess.py:63} INFO - Tmp dir root location: 
 /tmp
[2024-06-22T15:21:32.044+0000] {subprocess.py:75} INFO - Running command: ['/bin/bash', '-c', "echo 'This is task 9'"]
[2024-06-22T15:21:32.085+0000] {subprocess.py:86} INFO - Output:
[2024-06-22T15:21:32.107+0000] {subprocess.py:93} INFO - This is task 9
[2024-06-22T15:21:32.114+0000] {subprocess.py:97} INFO - Command exited with return code 0
[2024-06-22T15:21:32.150+0000] {taskinstance.py:1406} INFO - Marking task as SUCCESS. dag_id=dynamic_tasks_dag, task_id=task_9, execution_date=20240312T000000, start_date=20240622T152131, end_date=20240622T152132
[2024-06-22T15:21:32.189+0000] {local_task_job.py:164} INFO - Task exited with return code 0
[2024-06-22T15:21:32.216+0000] {local_task_job.py:273} INFO - 1 downstream tasks scheduled from follow-on schedule check
