[2024-06-22T15:20:27.902+0000] {taskinstance.py:1165} INFO - Dependencies all met for <TaskInstance: dynamic_tasks_dag.task_6 scheduled__2024-01-30T00:00:00+00:00 [queued]>
[2024-06-22T15:20:27.922+0000] {taskinstance.py:1165} INFO - Dependencies all met for <TaskInstance: dynamic_tasks_dag.task_6 scheduled__2024-01-30T00:00:00+00:00 [queued]>
[2024-06-22T15:20:27.925+0000] {taskinstance.py:1362} INFO - 
--------------------------------------------------------------------------------
[2024-06-22T15:20:27.926+0000] {taskinstance.py:1363} INFO - Starting attempt 1 of 2
[2024-06-22T15:20:27.927+0000] {taskinstance.py:1364} INFO - 
--------------------------------------------------------------------------------
[2024-06-22T15:20:27.943+0000] {taskinstance.py:1383} INFO - Executing <Task(BashOperator): task_6> on 2024-01-30 00:00:00+00:00
[2024-06-22T15:20:27.946+0000] {standard_task_runner.py:55} INFO - Started process 1248 to run task
[2024-06-22T15:20:27.973+0000] {standard_task_runner.py:82} INFO - Running: ['***', 'tasks', 'run', 'dynamic_tasks_dag', 'task_6', 'scheduled__2024-01-30T00:00:00+00:00', '--job-id', '629', '--raw', '--subdir', 'DAGS_FOLDER/dynamic_tasks.py', '--cfg-path', '/tmp/tmpmugjontu']
[2024-06-22T15:20:27.976+0000] {standard_task_runner.py:83} INFO - Job 629: Subtask task_6
[2024-06-22T15:20:28.065+0000] {task_command.py:376} INFO - Running <TaskInstance: dynamic_tasks_dag.task_6 scheduled__2024-01-30T00:00:00+00:00 [running]> on host 5f0aa929f7fe
[2024-06-22T15:20:28.178+0000] {taskinstance.py:1592} INFO - Exporting the following env vars:
AIRFLOW_CTX_DAG_OWNER=***
AIRFLOW_CTX_DAG_ID=dynamic_tasks_dag
AIRFLOW_CTX_TASK_ID=task_6
AIRFLOW_CTX_EXECUTION_DATE=2024-01-30T00:00:00+00:00
AIRFLOW_CTX_TRY_NUMBER=1
AIRFLOW_CTX_DAG_RUN_ID=scheduled__2024-01-30T00:00:00+00:00
[2024-06-22T15:20:28.179+0000] {subprocess.py:63} INFO - Tmp dir root location: 
 /tmp
[2024-06-22T15:20:28.181+0000] {subprocess.py:75} INFO - Running command: ['/bin/bash', '-c', "echo 'This is task 6'"]
[2024-06-22T15:20:28.203+0000] {subprocess.py:86} INFO - Output:
[2024-06-22T15:20:28.204+0000] {subprocess.py:93} INFO - This is task 6
[2024-06-22T15:20:28.212+0000] {subprocess.py:97} INFO - Command exited with return code 0
[2024-06-22T15:20:28.260+0000] {taskinstance.py:1406} INFO - Marking task as SUCCESS. dag_id=dynamic_tasks_dag, task_id=task_6, execution_date=20240130T000000, start_date=20240622T152027, end_date=20240622T152028
[2024-06-22T15:20:28.333+0000] {local_task_job.py:164} INFO - Task exited with return code 0
[2024-06-22T15:20:28.458+0000] {local_task_job.py:273} INFO - 0 downstream tasks scheduled from follow-on schedule check
