[2024-06-22T15:21:09.588+0000] {taskinstance.py:1165} INFO - Dependencies all met for <TaskInstance: dynamic_tasks_dag.task_9 scheduled__2024-02-19T00:00:00+00:00 [queued]>
[2024-06-22T15:21:09.604+0000] {taskinstance.py:1165} INFO - Dependencies all met for <TaskInstance: dynamic_tasks_dag.task_9 scheduled__2024-02-19T00:00:00+00:00 [queued]>
[2024-06-22T15:21:09.607+0000] {taskinstance.py:1362} INFO - 
--------------------------------------------------------------------------------
[2024-06-22T15:21:09.610+0000] {taskinstance.py:1363} INFO - Starting attempt 1 of 2
[2024-06-22T15:21:09.611+0000] {taskinstance.py:1364} INFO - 
--------------------------------------------------------------------------------
[2024-06-22T15:21:09.643+0000] {taskinstance.py:1383} INFO - Executing <Task(BashOperator): task_9> on 2024-02-19 00:00:00+00:00
[2024-06-22T15:21:09.649+0000] {standard_task_runner.py:55} INFO - Started process 2216 to run task
[2024-06-22T15:21:09.664+0000] {standard_task_runner.py:82} INFO - Running: ['***', 'tasks', 'run', 'dynamic_tasks_dag', 'task_9', 'scheduled__2024-02-19T00:00:00+00:00', '--job-id', '949', '--raw', '--subdir', 'DAGS_FOLDER/dynamic_tasks.py', '--cfg-path', '/tmp/tmpac3g4xi0']
[2024-06-22T15:21:09.669+0000] {standard_task_runner.py:83} INFO - Job 949: Subtask task_9
[2024-06-22T15:21:09.822+0000] {task_command.py:376} INFO - Running <TaskInstance: dynamic_tasks_dag.task_9 scheduled__2024-02-19T00:00:00+00:00 [running]> on host 5f0aa929f7fe
[2024-06-22T15:21:10.004+0000] {taskinstance.py:1592} INFO - Exporting the following env vars:
AIRFLOW_CTX_DAG_OWNER=***
AIRFLOW_CTX_DAG_ID=dynamic_tasks_dag
AIRFLOW_CTX_TASK_ID=task_9
AIRFLOW_CTX_EXECUTION_DATE=2024-02-19T00:00:00+00:00
AIRFLOW_CTX_TRY_NUMBER=1
AIRFLOW_CTX_DAG_RUN_ID=scheduled__2024-02-19T00:00:00+00:00
[2024-06-22T15:21:10.010+0000] {subprocess.py:63} INFO - Tmp dir root location: 
 /tmp
[2024-06-22T15:21:10.013+0000] {subprocess.py:75} INFO - Running command: ['/bin/bash', '-c', "echo 'This is task 9'"]
[2024-06-22T15:21:10.057+0000] {subprocess.py:86} INFO - Output:
[2024-06-22T15:21:10.059+0000] {subprocess.py:93} INFO - This is task 9
[2024-06-22T15:21:10.062+0000] {subprocess.py:97} INFO - Command exited with return code 0
[2024-06-22T15:21:10.115+0000] {taskinstance.py:1406} INFO - Marking task as SUCCESS. dag_id=dynamic_tasks_dag, task_id=task_9, execution_date=20240219T000000, start_date=20240622T152109, end_date=20240622T152110
[2024-06-22T15:21:10.203+0000] {local_task_job.py:164} INFO - Task exited with return code 0
[2024-06-22T15:21:10.237+0000] {local_task_job.py:273} INFO - 1 downstream tasks scheduled from follow-on schedule check
