[2024-06-22T15:20:18.101+0000] {taskinstance.py:1165} INFO - Dependencies all met for <TaskInstance: dynamic_tasks_dag.task_2 scheduled__2024-01-24T00:00:00+00:00 [queued]>
[2024-06-22T15:20:18.166+0000] {taskinstance.py:1165} INFO - Dependencies all met for <TaskInstance: dynamic_tasks_dag.task_2 scheduled__2024-01-24T00:00:00+00:00 [queued]>
[2024-06-22T15:20:18.172+0000] {taskinstance.py:1362} INFO - 
--------------------------------------------------------------------------------
[2024-06-22T15:20:18.175+0000] {taskinstance.py:1363} INFO - Starting attempt 1 of 2
[2024-06-22T15:20:18.180+0000] {taskinstance.py:1364} INFO - 
--------------------------------------------------------------------------------
[2024-06-22T15:20:18.226+0000] {taskinstance.py:1383} INFO - Executing <Task(BashOperator): task_2> on 2024-01-24 00:00:00+00:00
[2024-06-22T15:20:18.262+0000] {standard_task_runner.py:55} INFO - Started process 987 to run task
[2024-06-22T15:20:18.296+0000] {standard_task_runner.py:82} INFO - Running: ['***', 'tasks', 'run', 'dynamic_tasks_dag', 'task_2', 'scheduled__2024-01-24T00:00:00+00:00', '--job-id', '545', '--raw', '--subdir', 'DAGS_FOLDER/dynamic_tasks.py', '--cfg-path', '/tmp/tmptwtp46os']
[2024-06-22T15:20:18.319+0000] {standard_task_runner.py:83} INFO - Job 545: Subtask task_2
[2024-06-22T15:20:18.551+0000] {task_command.py:376} INFO - Running <TaskInstance: dynamic_tasks_dag.task_2 scheduled__2024-01-24T00:00:00+00:00 [running]> on host 5f0aa929f7fe
[2024-06-22T15:20:18.783+0000] {taskinstance.py:1592} INFO - Exporting the following env vars:
AIRFLOW_CTX_DAG_OWNER=***
AIRFLOW_CTX_DAG_ID=dynamic_tasks_dag
AIRFLOW_CTX_TASK_ID=task_2
AIRFLOW_CTX_EXECUTION_DATE=2024-01-24T00:00:00+00:00
AIRFLOW_CTX_TRY_NUMBER=1
AIRFLOW_CTX_DAG_RUN_ID=scheduled__2024-01-24T00:00:00+00:00
[2024-06-22T15:20:18.785+0000] {subprocess.py:63} INFO - Tmp dir root location: 
 /tmp
[2024-06-22T15:20:18.792+0000] {subprocess.py:75} INFO - Running command: ['/bin/bash', '-c', "echo 'This is task 2'"]
[2024-06-22T15:20:18.845+0000] {subprocess.py:86} INFO - Output:
[2024-06-22T15:20:18.847+0000] {subprocess.py:93} INFO - This is task 2
[2024-06-22T15:20:18.855+0000] {subprocess.py:97} INFO - Command exited with return code 0
[2024-06-22T15:20:18.884+0000] {taskinstance.py:1406} INFO - Marking task as SUCCESS. dag_id=dynamic_tasks_dag, task_id=task_2, execution_date=20240124T000000, start_date=20240622T152018, end_date=20240622T152018
[2024-06-22T15:20:18.940+0000] {local_task_job.py:164} INFO - Task exited with return code 0
[2024-06-22T15:20:18.990+0000] {local_task_job.py:273} INFO - 1 downstream tasks scheduled from follow-on schedule check
