[2024-06-22T15:21:04.579+0000] {taskinstance.py:1165} INFO - Dependencies all met for <TaskInstance: dynamic_tasks_dag.task_3 scheduled__2024-03-03T00:00:00+00:00 [queued]>
[2024-06-22T15:21:04.613+0000] {taskinstance.py:1165} INFO - Dependencies all met for <TaskInstance: dynamic_tasks_dag.task_3 scheduled__2024-03-03T00:00:00+00:00 [queued]>
[2024-06-22T15:21:04.618+0000] {taskinstance.py:1362} INFO - 
--------------------------------------------------------------------------------
[2024-06-22T15:21:04.620+0000] {taskinstance.py:1363} INFO - Starting attempt 1 of 2
[2024-06-22T15:21:04.621+0000] {taskinstance.py:1364} INFO - 
--------------------------------------------------------------------------------
[2024-06-22T15:21:04.656+0000] {taskinstance.py:1383} INFO - Executing <Task(BashOperator): task_3> on 2024-03-03 00:00:00+00:00
[2024-06-22T15:21:04.662+0000] {standard_task_runner.py:55} INFO - Started process 2075 to run task
[2024-06-22T15:21:04.689+0000] {standard_task_runner.py:82} INFO - Running: ['***', 'tasks', 'run', 'dynamic_tasks_dag', 'task_3', 'scheduled__2024-03-03T00:00:00+00:00', '--job-id', '899', '--raw', '--subdir', 'DAGS_FOLDER/dynamic_tasks.py', '--cfg-path', '/tmp/tmp0vjp9qmt']
[2024-06-22T15:21:04.696+0000] {standard_task_runner.py:83} INFO - Job 899: Subtask task_3
[2024-06-22T15:21:04.834+0000] {task_command.py:376} INFO - Running <TaskInstance: dynamic_tasks_dag.task_3 scheduled__2024-03-03T00:00:00+00:00 [running]> on host 5f0aa929f7fe
[2024-06-22T15:21:05.000+0000] {taskinstance.py:1592} INFO - Exporting the following env vars:
AIRFLOW_CTX_DAG_OWNER=***
AIRFLOW_CTX_DAG_ID=dynamic_tasks_dag
AIRFLOW_CTX_TASK_ID=task_3
AIRFLOW_CTX_EXECUTION_DATE=2024-03-03T00:00:00+00:00
AIRFLOW_CTX_TRY_NUMBER=1
AIRFLOW_CTX_DAG_RUN_ID=scheduled__2024-03-03T00:00:00+00:00
[2024-06-22T15:21:05.003+0000] {subprocess.py:63} INFO - Tmp dir root location: 
 /tmp
[2024-06-22T15:21:05.006+0000] {subprocess.py:75} INFO - Running command: ['/bin/bash', '-c', "echo 'This is task 3'"]
[2024-06-22T15:21:05.028+0000] {subprocess.py:86} INFO - Output:
[2024-06-22T15:21:05.030+0000] {subprocess.py:93} INFO - This is task 3
[2024-06-22T15:21:05.030+0000] {subprocess.py:97} INFO - Command exited with return code 0
[2024-06-22T15:21:05.058+0000] {taskinstance.py:1406} INFO - Marking task as SUCCESS. dag_id=dynamic_tasks_dag, task_id=task_3, execution_date=20240303T000000, start_date=20240622T152104, end_date=20240622T152105
[2024-06-22T15:21:05.099+0000] {local_task_job.py:164} INFO - Task exited with return code 0
[2024-06-22T15:21:05.138+0000] {local_task_job.py:273} INFO - 1 downstream tasks scheduled from follow-on schedule check
