[2024-06-22T15:21:19.288+0000] {taskinstance.py:1165} INFO - Dependencies all met for <TaskInstance: dynamic_tasks_dag.task_2 scheduled__2024-03-09T00:00:00+00:00 [queued]>
[2024-06-22T15:21:19.330+0000] {taskinstance.py:1165} INFO - Dependencies all met for <TaskInstance: dynamic_tasks_dag.task_2 scheduled__2024-03-09T00:00:00+00:00 [queued]>
[2024-06-22T15:21:19.340+0000] {taskinstance.py:1362} INFO - 
--------------------------------------------------------------------------------
[2024-06-22T15:21:19.342+0000] {taskinstance.py:1363} INFO - Starting attempt 1 of 2
[2024-06-22T15:21:19.345+0000] {taskinstance.py:1364} INFO - 
--------------------------------------------------------------------------------
[2024-06-22T15:21:19.382+0000] {taskinstance.py:1383} INFO - Executing <Task(BashOperator): task_2> on 2024-03-09 00:00:00+00:00
[2024-06-22T15:21:19.393+0000] {standard_task_runner.py:55} INFO - Started process 2426 to run task
[2024-06-22T15:21:19.406+0000] {standard_task_runner.py:82} INFO - Running: ['***', 'tasks', 'run', 'dynamic_tasks_dag', 'task_2', 'scheduled__2024-03-09T00:00:00+00:00', '--job-id', '1010', '--raw', '--subdir', 'DAGS_FOLDER/dynamic_tasks.py', '--cfg-path', '/tmp/tmpdgw909ez']
[2024-06-22T15:21:19.411+0000] {standard_task_runner.py:83} INFO - Job 1010: Subtask task_2
[2024-06-22T15:21:19.522+0000] {task_command.py:376} INFO - Running <TaskInstance: dynamic_tasks_dag.task_2 scheduled__2024-03-09T00:00:00+00:00 [running]> on host 5f0aa929f7fe
[2024-06-22T15:21:19.649+0000] {taskinstance.py:1592} INFO - Exporting the following env vars:
AIRFLOW_CTX_DAG_OWNER=***
AIRFLOW_CTX_DAG_ID=dynamic_tasks_dag
AIRFLOW_CTX_TASK_ID=task_2
AIRFLOW_CTX_EXECUTION_DATE=2024-03-09T00:00:00+00:00
AIRFLOW_CTX_TRY_NUMBER=1
AIRFLOW_CTX_DAG_RUN_ID=scheduled__2024-03-09T00:00:00+00:00
[2024-06-22T15:21:19.651+0000] {subprocess.py:63} INFO - Tmp dir root location: 
 /tmp
[2024-06-22T15:21:19.655+0000] {subprocess.py:75} INFO - Running command: ['/bin/bash', '-c', "echo 'This is task 2'"]
[2024-06-22T15:21:19.707+0000] {subprocess.py:86} INFO - Output:
[2024-06-22T15:21:19.720+0000] {subprocess.py:93} INFO - This is task 2
[2024-06-22T15:21:19.724+0000] {subprocess.py:97} INFO - Command exited with return code 0
[2024-06-22T15:21:19.752+0000] {taskinstance.py:1406} INFO - Marking task as SUCCESS. dag_id=dynamic_tasks_dag, task_id=task_2, execution_date=20240309T000000, start_date=20240622T152119, end_date=20240622T152119
[2024-06-22T15:21:19.812+0000] {local_task_job.py:164} INFO - Task exited with return code 0
[2024-06-22T15:21:19.859+0000] {local_task_job.py:273} INFO - 1 downstream tasks scheduled from follow-on schedule check
