[2024-06-12T03:38:28.437+0000] {taskinstance.py:1165} INFO - Dependencies all met for <TaskInstance: example_dag_with_callback.task1 manual__2024-06-12T03:38:27.439805+00:00 [queued]>
[2024-06-12T03:38:28.441+0000] {taskinstance.py:1165} INFO - Dependencies all met for <TaskInstance: example_dag_with_callback.task1 manual__2024-06-12T03:38:27.439805+00:00 [queued]>
[2024-06-12T03:38:28.442+0000] {taskinstance.py:1362} INFO - 
--------------------------------------------------------------------------------
[2024-06-12T03:38:28.442+0000] {taskinstance.py:1363} INFO - Starting attempt 1 of 1
[2024-06-12T03:38:28.442+0000] {taskinstance.py:1364} INFO - 
--------------------------------------------------------------------------------
[2024-06-12T03:38:28.451+0000] {taskinstance.py:1383} INFO - Executing <Task(PythonOperator): task1> on 2024-06-12 03:38:27.439805+00:00
[2024-06-12T03:38:28.454+0000] {standard_task_runner.py:55} INFO - Started process 715 to run task
[2024-06-12T03:38:28.456+0000] {standard_task_runner.py:82} INFO - Running: ['***', 'tasks', 'run', 'example_dag_with_callback', 'task1', 'manual__2024-06-12T03:38:27.439805+00:00', '--job-id', '295', '--raw', '--subdir', 'DAGS_FOLDER/example_dag_with_callback.py', '--cfg-path', '/tmp/tmp84rbmra2']
[2024-06-12T03:38:28.456+0000] {standard_task_runner.py:83} INFO - Job 295: Subtask task1
[2024-06-12T03:38:28.488+0000] {task_command.py:376} INFO - Running <TaskInstance: example_dag_with_callback.task1 manual__2024-06-12T03:38:27.439805+00:00 [running]> on host 3eba8accb13f
[2024-06-12T03:38:28.522+0000] {taskinstance.py:1592} INFO - Exporting the following env vars:
AIRFLOW_CTX_DAG_OWNER=***
AIRFLOW_CTX_DAG_ID=example_dag_with_callback
AIRFLOW_CTX_TASK_ID=task1
AIRFLOW_CTX_EXECUTION_DATE=2024-06-12T03:38:27.439805+00:00
AIRFLOW_CTX_TRY_NUMBER=1
AIRFLOW_CTX_DAG_RUN_ID=manual__2024-06-12T03:38:27.439805+00:00
[2024-06-12T03:38:28.523+0000] {logging_mixin.py:120} INFO - Task 1 is completed
[2024-06-12T03:38:30.526+0000] {python.py:177} INFO - Done. Returned value was: None
[2024-06-12T03:38:30.532+0000] {taskinstance.py:1406} INFO - Marking task as SUCCESS. dag_id=example_dag_with_callback, task_id=task1, execution_date=20240612T033827, start_date=20240612T033828, end_date=20240612T033830
[2024-06-12T03:38:30.532+0000] {logging_mixin.py:120} INFO - DAG has succeeded, run_id: manual__2024-06-12T03:38:27.439805+00:00
[2024-06-12T03:38:30.568+0000] {local_task_job.py:164} INFO - Task exited with return code 0
[2024-06-12T03:38:30.583+0000] {local_task_job.py:273} INFO - 1 downstream tasks scheduled from follow-on schedule check
