[2024-06-22T15:20:21.426+0000] {taskinstance.py:1165} INFO - Dependencies all met for <TaskInstance: dynamic_tasks_dag.task_3 scheduled__2024-01-28T00:00:00+00:00 [queued]>
[2024-06-22T15:20:21.454+0000] {taskinstance.py:1165} INFO - Dependencies all met for <TaskInstance: dynamic_tasks_dag.task_3 scheduled__2024-01-28T00:00:00+00:00 [queued]>
[2024-06-22T15:20:21.457+0000] {taskinstance.py:1362} INFO - 
--------------------------------------------------------------------------------
[2024-06-22T15:20:21.464+0000] {taskinstance.py:1363} INFO - Starting attempt 1 of 2
[2024-06-22T15:20:21.466+0000] {taskinstance.py:1364} INFO - 
--------------------------------------------------------------------------------
[2024-06-22T15:20:21.485+0000] {taskinstance.py:1383} INFO - Executing <Task(BashOperator): task_3> on 2024-01-28 00:00:00+00:00
[2024-06-22T15:20:21.503+0000] {standard_task_runner.py:55} INFO - Started process 1056 to run task
[2024-06-22T15:20:21.521+0000] {standard_task_runner.py:82} INFO - Running: ['***', 'tasks', 'run', 'dynamic_tasks_dag', 'task_3', 'scheduled__2024-01-28T00:00:00+00:00', '--job-id', '568', '--raw', '--subdir', 'DAGS_FOLDER/dynamic_tasks.py', '--cfg-path', '/tmp/tmpmibt30o7']
[2024-06-22T15:20:21.528+0000] {standard_task_runner.py:83} INFO - Job 568: Subtask task_3
[2024-06-22T15:20:21.659+0000] {task_command.py:376} INFO - Running <TaskInstance: dynamic_tasks_dag.task_3 scheduled__2024-01-28T00:00:00+00:00 [running]> on host 5f0aa929f7fe
[2024-06-22T15:20:21.825+0000] {taskinstance.py:1592} INFO - Exporting the following env vars:
AIRFLOW_CTX_DAG_OWNER=***
AIRFLOW_CTX_DAG_ID=dynamic_tasks_dag
AIRFLOW_CTX_TASK_ID=task_3
AIRFLOW_CTX_EXECUTION_DATE=2024-01-28T00:00:00+00:00
AIRFLOW_CTX_TRY_NUMBER=1
AIRFLOW_CTX_DAG_RUN_ID=scheduled__2024-01-28T00:00:00+00:00
[2024-06-22T15:20:21.829+0000] {subprocess.py:63} INFO - Tmp dir root location: 
 /tmp
[2024-06-22T15:20:21.835+0000] {subprocess.py:75} INFO - Running command: ['/bin/bash', '-c', "echo 'This is task 3'"]
[2024-06-22T15:20:21.892+0000] {subprocess.py:86} INFO - Output:
[2024-06-22T15:20:21.898+0000] {subprocess.py:93} INFO - This is task 3
[2024-06-22T15:20:21.908+0000] {subprocess.py:97} INFO - Command exited with return code 0
[2024-06-22T15:20:21.955+0000] {taskinstance.py:1406} INFO - Marking task as SUCCESS. dag_id=dynamic_tasks_dag, task_id=task_3, execution_date=20240128T000000, start_date=20240622T152021, end_date=20240622T152021
[2024-06-22T15:20:22.057+0000] {local_task_job.py:164} INFO - Task exited with return code 0
[2024-06-22T15:20:22.128+0000] {local_task_job.py:273} INFO - 1 downstream tasks scheduled from follow-on schedule check
