[2024-06-22T15:21:07.901+0000] {taskinstance.py:1165} INFO - Dependencies all met for <TaskInstance: dynamic_tasks_dag.task_7 scheduled__2024-02-20T00:00:00+00:00 [queued]>
[2024-06-22T15:21:07.929+0000] {taskinstance.py:1165} INFO - Dependencies all met for <TaskInstance: dynamic_tasks_dag.task_7 scheduled__2024-02-20T00:00:00+00:00 [queued]>
[2024-06-22T15:21:07.934+0000] {taskinstance.py:1362} INFO - 
--------------------------------------------------------------------------------
[2024-06-22T15:21:07.940+0000] {taskinstance.py:1363} INFO - Starting attempt 1 of 2
[2024-06-22T15:21:07.942+0000] {taskinstance.py:1364} INFO - 
--------------------------------------------------------------------------------
[2024-06-22T15:21:07.966+0000] {taskinstance.py:1383} INFO - Executing <Task(BashOperator): task_7> on 2024-02-20 00:00:00+00:00
[2024-06-22T15:21:07.976+0000] {standard_task_runner.py:55} INFO - Started process 2167 to run task
[2024-06-22T15:21:07.995+0000] {standard_task_runner.py:82} INFO - Running: ['***', 'tasks', 'run', 'dynamic_tasks_dag', 'task_7', 'scheduled__2024-02-20T00:00:00+00:00', '--job-id', '930', '--raw', '--subdir', 'DAGS_FOLDER/dynamic_tasks.py', '--cfg-path', '/tmp/tmp5z5tkm8_']
[2024-06-22T15:21:08.007+0000] {standard_task_runner.py:83} INFO - Job 930: Subtask task_7
[2024-06-22T15:21:08.161+0000] {task_command.py:376} INFO - Running <TaskInstance: dynamic_tasks_dag.task_7 scheduled__2024-02-20T00:00:00+00:00 [running]> on host 5f0aa929f7fe
[2024-06-22T15:21:08.329+0000] {taskinstance.py:1592} INFO - Exporting the following env vars:
AIRFLOW_CTX_DAG_OWNER=***
AIRFLOW_CTX_DAG_ID=dynamic_tasks_dag
AIRFLOW_CTX_TASK_ID=task_7
AIRFLOW_CTX_EXECUTION_DATE=2024-02-20T00:00:00+00:00
AIRFLOW_CTX_TRY_NUMBER=1
AIRFLOW_CTX_DAG_RUN_ID=scheduled__2024-02-20T00:00:00+00:00
[2024-06-22T15:21:08.330+0000] {subprocess.py:63} INFO - Tmp dir root location: 
 /tmp
[2024-06-22T15:21:08.335+0000] {subprocess.py:75} INFO - Running command: ['/bin/bash', '-c', "echo 'This is task 7'"]
[2024-06-22T15:21:08.353+0000] {subprocess.py:86} INFO - Output:
[2024-06-22T15:21:08.365+0000] {subprocess.py:93} INFO - This is task 7
[2024-06-22T15:21:08.371+0000] {subprocess.py:97} INFO - Command exited with return code 0
[2024-06-22T15:21:08.452+0000] {taskinstance.py:1406} INFO - Marking task as SUCCESS. dag_id=dynamic_tasks_dag, task_id=task_7, execution_date=20240220T000000, start_date=20240622T152107, end_date=20240622T152108
[2024-06-22T15:21:08.521+0000] {local_task_job.py:164} INFO - Task exited with return code 0
[2024-06-22T15:21:08.563+0000] {local_task_job.py:273} INFO - 1 downstream tasks scheduled from follow-on schedule check
