[2024-06-22T15:20:04.166+0000] {taskinstance.py:1165} INFO - Dependencies all met for <TaskInstance: dynamic_tasks_dag.task_7 scheduled__2024-01-03T00:00:00+00:00 [queued]>
[2024-06-22T15:20:04.215+0000] {taskinstance.py:1165} INFO - Dependencies all met for <TaskInstance: dynamic_tasks_dag.task_7 scheduled__2024-01-03T00:00:00+00:00 [queued]>
[2024-06-22T15:20:04.217+0000] {taskinstance.py:1362} INFO - 
--------------------------------------------------------------------------------
[2024-06-22T15:20:04.219+0000] {taskinstance.py:1363} INFO - Starting attempt 1 of 2
[2024-06-22T15:20:04.221+0000] {taskinstance.py:1364} INFO - 
--------------------------------------------------------------------------------
[2024-06-22T15:20:04.256+0000] {taskinstance.py:1383} INFO - Executing <Task(BashOperator): task_7> on 2024-01-03 00:00:00+00:00
[2024-06-22T15:20:04.266+0000] {standard_task_runner.py:55} INFO - Started process 668 to run task
[2024-06-22T15:20:04.297+0000] {standard_task_runner.py:82} INFO - Running: ['***', 'tasks', 'run', 'dynamic_tasks_dag', 'task_7', 'scheduled__2024-01-03T00:00:00+00:00', '--job-id', '445', '--raw', '--subdir', 'DAGS_FOLDER/dynamic_tasks.py', '--cfg-path', '/tmp/tmp7dpabkl5']
[2024-06-22T15:20:04.314+0000] {standard_task_runner.py:83} INFO - Job 445: Subtask task_7
[2024-06-22T15:20:04.499+0000] {task_command.py:376} INFO - Running <TaskInstance: dynamic_tasks_dag.task_7 scheduled__2024-01-03T00:00:00+00:00 [running]> on host 5f0aa929f7fe
[2024-06-22T15:20:04.673+0000] {taskinstance.py:1592} INFO - Exporting the following env vars:
AIRFLOW_CTX_DAG_OWNER=***
AIRFLOW_CTX_DAG_ID=dynamic_tasks_dag
AIRFLOW_CTX_TASK_ID=task_7
AIRFLOW_CTX_EXECUTION_DATE=2024-01-03T00:00:00+00:00
AIRFLOW_CTX_TRY_NUMBER=1
AIRFLOW_CTX_DAG_RUN_ID=scheduled__2024-01-03T00:00:00+00:00
[2024-06-22T15:20:04.674+0000] {subprocess.py:63} INFO - Tmp dir root location: 
 /tmp
[2024-06-22T15:20:04.675+0000] {subprocess.py:75} INFO - Running command: ['/bin/bash', '-c', "echo 'This is task 7'"]
[2024-06-22T15:20:04.695+0000] {subprocess.py:86} INFO - Output:
[2024-06-22T15:20:04.701+0000] {subprocess.py:93} INFO - This is task 7
[2024-06-22T15:20:04.705+0000] {subprocess.py:97} INFO - Command exited with return code 0
[2024-06-22T15:20:04.763+0000] {taskinstance.py:1406} INFO - Marking task as SUCCESS. dag_id=dynamic_tasks_dag, task_id=task_7, execution_date=20240103T000000, start_date=20240622T152004, end_date=20240622T152004
[2024-06-22T15:20:04.789+0000] {local_task_job.py:164} INFO - Task exited with return code 0
[2024-06-22T15:20:04.808+0000] {local_task_job.py:273} INFO - 1 downstream tasks scheduled from follow-on schedule check
