[2024-06-12T03:27:12.392+0000] {taskinstance.py:1165} INFO - Dependencies all met for <TaskInstance: example_dag_with_callback.task3 manual__2024-06-12T03:27:08.388170+00:00 [queued]>
[2024-06-12T03:27:12.396+0000] {taskinstance.py:1165} INFO - Dependencies all met for <TaskInstance: example_dag_with_callback.task3 manual__2024-06-12T03:27:08.388170+00:00 [queued]>
[2024-06-12T03:27:12.396+0000] {taskinstance.py:1362} INFO - 
--------------------------------------------------------------------------------
[2024-06-12T03:27:12.396+0000] {taskinstance.py:1363} INFO - Starting attempt 1 of 1
[2024-06-12T03:27:12.396+0000] {taskinstance.py:1364} INFO - 
--------------------------------------------------------------------------------
[2024-06-12T03:27:12.402+0000] {taskinstance.py:1383} INFO - Executing <Task(PythonOperator): task3> on 2024-06-12 03:27:08.388170+00:00
[2024-06-12T03:27:12.406+0000] {standard_task_runner.py:55} INFO - Started process 129 to run task
[2024-06-12T03:27:12.408+0000] {standard_task_runner.py:82} INFO - Running: ['***', 'tasks', 'run', 'example_dag_with_callback', 'task3', 'manual__2024-06-12T03:27:08.388170+00:00', '--job-id', '287', '--raw', '--subdir', 'DAGS_FOLDER/example_dag_with_callback.py', '--cfg-path', '/tmp/tmp2_g__6ry']
[2024-06-12T03:27:12.408+0000] {standard_task_runner.py:83} INFO - Job 287: Subtask task3
[2024-06-12T03:27:12.442+0000] {task_command.py:376} INFO - Running <TaskInstance: example_dag_with_callback.task3 manual__2024-06-12T03:27:08.388170+00:00 [running]> on host 3eba8accb13f
[2024-06-12T03:27:12.475+0000] {taskinstance.py:1592} INFO - Exporting the following env vars:
AIRFLOW_CTX_DAG_OWNER=***
AIRFLOW_CTX_DAG_ID=example_dag_with_callback
AIRFLOW_CTX_TASK_ID=task3
AIRFLOW_CTX_EXECUTION_DATE=2024-06-12T03:27:08.388170+00:00
AIRFLOW_CTX_TRY_NUMBER=1
AIRFLOW_CTX_DAG_RUN_ID=manual__2024-06-12T03:27:08.388170+00:00
[2024-06-12T03:27:12.476+0000] {logging_mixin.py:120} INFO - Task 3 is completed
[2024-06-12T03:27:13.477+0000] {python.py:177} INFO - Done. Returned value was: None
[2024-06-12T03:27:13.484+0000] {taskinstance.py:1406} INFO - Marking task as SUCCESS. dag_id=example_dag_with_callback, task_id=task3, execution_date=20240612T032708, start_date=20240612T032712, end_date=20240612T032713
[2024-06-12T03:27:13.513+0000] {local_task_job.py:164} INFO - Task exited with return code 0
[2024-06-12T03:27:13.529+0000] {local_task_job.py:273} INFO - 2 downstream tasks scheduled from follow-on schedule check
