[2024-05-10T19:11:49.179+0000] {taskinstance.py:1165} INFO - Dependencies all met for <TaskInstance: print_context_dag.print_context manual__2024-05-10T19:11:35+00:00 [queued]>
[2024-05-10T19:11:49.184+0000] {taskinstance.py:1165} INFO - Dependencies all met for <TaskInstance: print_context_dag.print_context manual__2024-05-10T19:11:35+00:00 [queued]>
[2024-05-10T19:11:49.184+0000] {taskinstance.py:1362} INFO - 
--------------------------------------------------------------------------------
[2024-05-10T19:11:49.184+0000] {taskinstance.py:1363} INFO - Starting attempt 1 of 2
[2024-05-10T19:11:49.184+0000] {taskinstance.py:1364} INFO - 
--------------------------------------------------------------------------------
[2024-05-10T19:11:49.190+0000] {taskinstance.py:1383} INFO - Executing <Task(PythonOperator): print_context> on 2024-05-10 19:11:35+00:00
[2024-05-10T19:11:49.193+0000] {standard_task_runner.py:55} INFO - Started process 1599 to run task
[2024-05-10T19:11:49.195+0000] {standard_task_runner.py:82} INFO - Running: ['***', 'tasks', 'run', 'print_context_dag', 'print_context', 'manual__2024-05-10T19:11:35+00:00', '--job-id', '7', '--raw', '--subdir', 'DAGS_FOLDER/print_context_dag.py', '--cfg-path', '/tmp/tmpj1fm8kty']
[2024-05-10T19:11:49.195+0000] {standard_task_runner.py:83} INFO - Job 7: Subtask print_context
[2024-05-10T19:11:49.225+0000] {task_command.py:376} INFO - Running <TaskInstance: print_context_dag.print_context manual__2024-05-10T19:11:35+00:00 [running]> on host 97a94241c32d
[2024-05-10T19:11:49.254+0000] {taskinstance.py:1592} INFO - Exporting the following env vars:
AIRFLOW_CTX_DAG_OWNER=***
AIRFLOW_CTX_DAG_ID=print_context_dag
AIRFLOW_CTX_TASK_ID=print_context
AIRFLOW_CTX_EXECUTION_DATE=2024-05-10T19:11:35+00:00
AIRFLOW_CTX_TRY_NUMBER=1
AIRFLOW_CTX_DAG_RUN_ID=manual__2024-05-10T19:11:35+00:00
[2024-05-10T19:11:49.255+0000] {logging_mixin.py:120} INFO - ds 2024-05-10
[2024-05-10T19:11:49.255+0000] {logging_mixin.py:120} INFO - conf  -->  <***.configuration.AirflowConfigParser object at 0xffff9cc38ed0>
[2024-05-10T19:11:49.255+0000] {logging_mixin.py:120} INFO - dag  -->  <DAG: print_context_dag>
[2024-05-10T19:11:49.255+0000] {logging_mixin.py:120} INFO - dag_run  -->  <DagRun print_context_dag @ 2024-05-10 19:11:35+00:00: manual__2024-05-10T19:11:35+00:00, state:running, queued_at: 2024-05-10 19:11:48.951348+00:00. externally triggered: True>
[2024-05-10T19:11:49.255+0000] {logging_mixin.py:120} INFO - data_interval_end  -->  2024-05-10T19:11:35+00:00
[2024-05-10T19:11:49.255+0000] {logging_mixin.py:120} INFO - data_interval_start  -->  2024-05-10T19:11:35+00:00
[2024-05-10T19:11:49.255+0000] {logging_mixin.py:120} INFO - ds_nodash  -->  20240510
[2024-05-10T19:11:49.256+0000] {warnings.py:110} WARNING - /home/***/.local/lib/python3.7/site-packages/***/utils/context.py:297: AirflowContextDeprecationWarning: Accessing 'execution_date' from the template is deprecated and will be removed in a future version. Please use 'data_interval_start' or 'logical_date' instead.
  warnings.warn(_create_deprecation_warning(k, replacements))

[2024-05-10T19:11:49.256+0000] {logging_mixin.py:120} INFO - execution_date  -->  2024-05-10T19:11:35+00:00
[2024-05-10T19:11:49.256+0000] {logging_mixin.py:120} INFO - inlets  -->  []
[2024-05-10T19:11:49.256+0000] {logging_mixin.py:120} INFO - logical_date  -->  2024-05-10T19:11:35+00:00
[2024-05-10T19:11:49.256+0000] {logging_mixin.py:120} INFO - macros  -->  <module '***.macros' from '/home/***/.local/lib/python3.7/site-packages/***/macros/__init__.py'>
[2024-05-10T19:11:49.256+0000] {warnings.py:110} WARNING - /home/***/.local/lib/python3.7/site-packages/***/utils/context.py:297: AirflowContextDeprecationWarning: Accessing 'next_ds' from the template is deprecated and will be removed in a future version. Please use '{{ data_interval_end | ds }}' instead.
  warnings.warn(_create_deprecation_warning(k, replacements))

[2024-05-10T19:11:49.256+0000] {logging_mixin.py:120} INFO - next_ds  -->  2024-05-10
[2024-05-10T19:11:49.256+0000] {warnings.py:110} WARNING - /home/***/.local/lib/python3.7/site-packages/***/utils/context.py:297: AirflowContextDeprecationWarning: Accessing 'next_ds_nodash' from the template is deprecated and will be removed in a future version. Please use '{{ data_interval_end | ds_nodash }}' instead.
  warnings.warn(_create_deprecation_warning(k, replacements))

[2024-05-10T19:11:49.256+0000] {logging_mixin.py:120} INFO - next_ds_nodash  -->  20240510
[2024-05-10T19:11:49.256+0000] {warnings.py:110} WARNING - /home/***/.local/lib/python3.7/site-packages/***/utils/context.py:297: AirflowContextDeprecationWarning: Accessing 'next_execution_date' from the template is deprecated and will be removed in a future version. Please use 'data_interval_end' instead.
  warnings.warn(_create_deprecation_warning(k, replacements))

[2024-05-10T19:11:49.256+0000] {logging_mixin.py:120} INFO - next_execution_date  -->  2024-05-10T19:11:35+00:00
[2024-05-10T19:11:49.256+0000] {logging_mixin.py:120} INFO - outlets  -->  []
[2024-05-10T19:11:49.257+0000] {logging_mixin.py:120} INFO - params  -->  {'query': 'QQQQQ'}
[2024-05-10T19:11:49.257+0000] {logging_mixin.py:120} INFO - prev_data_interval_start_success  -->  2024-05-10T19:06:21+00:00
[2024-05-10T19:11:49.257+0000] {logging_mixin.py:120} INFO - prev_data_interval_end_success  -->  2024-05-10T19:06:21+00:00
[2024-05-10T19:11:49.257+0000] {warnings.py:110} WARNING - /home/***/.local/lib/python3.7/site-packages/***/utils/context.py:297: AirflowContextDeprecationWarning: Accessing 'prev_ds' from the template is deprecated and will be removed in a future version.
  warnings.warn(_create_deprecation_warning(k, replacements))

[2024-05-10T19:11:49.257+0000] {logging_mixin.py:120} INFO - prev_ds  -->  2024-05-10
[2024-05-10T19:11:49.257+0000] {warnings.py:110} WARNING - /home/***/.local/lib/python3.7/site-packages/***/utils/context.py:297: AirflowContextDeprecationWarning: Accessing 'prev_ds_nodash' from the template is deprecated and will be removed in a future version.
  warnings.warn(_create_deprecation_warning(k, replacements))

[2024-05-10T19:11:49.257+0000] {logging_mixin.py:120} INFO - prev_ds_nodash  -->  20240510
[2024-05-10T19:11:49.257+0000] {warnings.py:110} WARNING - /home/***/.local/lib/python3.7/site-packages/***/utils/context.py:297: AirflowContextDeprecationWarning: Accessing 'prev_execution_date' from the template is deprecated and will be removed in a future version.
  warnings.warn(_create_deprecation_warning(k, replacements))

[2024-05-10T19:11:49.257+0000] {logging_mixin.py:120} INFO - prev_execution_date  -->  2024-05-10T19:11:35+00:00
[2024-05-10T19:11:49.257+0000] {warnings.py:110} WARNING - /home/***/.local/lib/python3.7/site-packages/***/utils/context.py:297: AirflowContextDeprecationWarning: Accessing 'prev_execution_date_success' from the template is deprecated and will be removed in a future version. Please use 'prev_data_interval_start_success' instead.
  warnings.warn(_create_deprecation_warning(k, replacements))

[2024-05-10T19:11:49.257+0000] {logging_mixin.py:120} INFO - prev_execution_date_success  -->  2024-05-10T19:06:21+00:00
[2024-05-10T19:11:49.257+0000] {logging_mixin.py:120} INFO - prev_start_date_success  -->  2024-05-10T19:06:43.195427+00:00
[2024-05-10T19:11:49.257+0000] {logging_mixin.py:120} INFO - run_id  -->  manual__2024-05-10T19:11:35+00:00
[2024-05-10T19:11:49.257+0000] {logging_mixin.py:120} INFO - task  -->  <Task(PythonOperator): print_context>
[2024-05-10T19:11:49.258+0000] {logging_mixin.py:120} INFO - task_instance  -->  <TaskInstance: print_context_dag.print_context manual__2024-05-10T19:11:35+00:00 [running]>
[2024-05-10T19:11:49.258+0000] {logging_mixin.py:120} INFO - task_instance_key_str  -->  print_context_dag__print_context__20240510
[2024-05-10T19:11:49.258+0000] {logging_mixin.py:120} INFO - test_mode  -->  False
[2024-05-10T19:11:49.258+0000] {logging_mixin.py:120} INFO - ti  -->  <TaskInstance: print_context_dag.print_context manual__2024-05-10T19:11:35+00:00 [running]>
[2024-05-10T19:11:49.258+0000] {warnings.py:110} WARNING - /home/***/.local/lib/python3.7/site-packages/***/utils/context.py:297: AirflowContextDeprecationWarning: Accessing 'tomorrow_ds' from the template is deprecated and will be removed in a future version.
  warnings.warn(_create_deprecation_warning(k, replacements))

[2024-05-10T19:11:49.258+0000] {logging_mixin.py:120} INFO - tomorrow_ds  -->  2024-05-11
[2024-05-10T19:11:49.258+0000] {warnings.py:110} WARNING - /home/***/.local/lib/python3.7/site-packages/***/utils/context.py:297: AirflowContextDeprecationWarning: Accessing 'tomorrow_ds_nodash' from the template is deprecated and will be removed in a future version.
  warnings.warn(_create_deprecation_warning(k, replacements))

[2024-05-10T19:11:49.258+0000] {logging_mixin.py:120} INFO - tomorrow_ds_nodash  -->  20240511
[2024-05-10T19:11:49.262+0000] {logging_mixin.py:120} INFO - triggering_dataset_events  -->  defaultdict(<class 'list'>, {})
[2024-05-10T19:11:49.262+0000] {logging_mixin.py:120} INFO - ts  -->  2024-05-10T19:11:35+00:00
[2024-05-10T19:11:49.262+0000] {logging_mixin.py:120} INFO - ts_nodash  -->  20240510T191135
[2024-05-10T19:11:49.262+0000] {logging_mixin.py:120} INFO - ts_nodash_with_tz  -->  20240510T191135+0000
[2024-05-10T19:11:49.262+0000] {logging_mixin.py:120} INFO - var  -->  {'json': None, 'value': None}
[2024-05-10T19:11:49.262+0000] {logging_mixin.py:120} INFO - conn  -->  None
[2024-05-10T19:11:49.262+0000] {warnings.py:110} WARNING - /home/***/.local/lib/python3.7/site-packages/***/utils/context.py:297: AirflowContextDeprecationWarning: Accessing 'yesterday_ds' from the template is deprecated and will be removed in a future version.
  warnings.warn(_create_deprecation_warning(k, replacements))

[2024-05-10T19:11:49.263+0000] {logging_mixin.py:120} INFO - yesterday_ds  -->  2024-05-09
[2024-05-10T19:11:49.263+0000] {warnings.py:110} WARNING - /home/***/.local/lib/python3.7/site-packages/***/utils/context.py:297: AirflowContextDeprecationWarning: Accessing 'yesterday_ds_nodash' from the template is deprecated and will be removed in a future version.
  warnings.warn(_create_deprecation_warning(k, replacements))

[2024-05-10T19:11:49.263+0000] {logging_mixin.py:120} INFO - yesterday_ds_nodash  -->  20240509
[2024-05-10T19:11:49.263+0000] {logging_mixin.py:120} INFO - templates_dict  -->  None
[2024-05-10T19:11:49.263+0000] {logging_mixin.py:120} INFO - Final Query ====== QQQQQ
[2024-05-10T19:11:49.263+0000] {python.py:177} INFO - Done. Returned value was: None
[2024-05-10T19:11:49.268+0000] {taskinstance.py:1406} INFO - Marking task as SUCCESS. dag_id=print_context_dag, task_id=print_context, execution_date=20240510T191135, start_date=20240510T191149, end_date=20240510T191149
[2024-05-10T19:11:49.287+0000] {local_task_job.py:164} INFO - Task exited with return code 0
[2024-05-10T19:11:49.295+0000] {local_task_job.py:273} INFO - 0 downstream tasks scheduled from follow-on schedule check
