[2024-06-11T22:54:58.823+0000] {taskinstance.py:1165} INFO - Dependencies all met for <TaskInstance: example_dag_with_callback.task3 manual__2024-06-11T22:54:54.993559+00:00 [queued]>
[2024-06-11T22:54:58.828+0000] {taskinstance.py:1165} INFO - Dependencies all met for <TaskInstance: example_dag_with_callback.task3 manual__2024-06-11T22:54:54.993559+00:00 [queued]>
[2024-06-11T22:54:58.828+0000] {taskinstance.py:1362} INFO - 
--------------------------------------------------------------------------------
[2024-06-11T22:54:58.828+0000] {taskinstance.py:1363} INFO - Starting attempt 1 of 1
[2024-06-11T22:54:58.828+0000] {taskinstance.py:1364} INFO - 
--------------------------------------------------------------------------------
[2024-06-11T22:54:58.834+0000] {taskinstance.py:1383} INFO - Executing <Task(PythonOperator): task3> on 2024-06-11 22:54:54.993559+00:00
[2024-06-11T22:54:58.838+0000] {standard_task_runner.py:55} INFO - Started process 4535 to run task
[2024-06-11T22:54:58.840+0000] {standard_task_runner.py:82} INFO - Running: ['***', 'tasks', 'run', 'example_dag_with_callback', 'task3', 'manual__2024-06-11T22:54:54.993559+00:00', '--job-id', '245', '--raw', '--subdir', 'DAGS_FOLDER/example_dag_with_callback.py', '--cfg-path', '/tmp/tmpn3mv3zk6']
[2024-06-11T22:54:58.840+0000] {standard_task_runner.py:83} INFO - Job 245: Subtask task3
[2024-06-11T22:54:58.870+0000] {task_command.py:376} INFO - Running <TaskInstance: example_dag_with_callback.task3 manual__2024-06-11T22:54:54.993559+00:00 [running]> on host 91b1d49ba724
[2024-06-11T22:54:58.901+0000] {taskinstance.py:1592} INFO - Exporting the following env vars:
AIRFLOW_CTX_DAG_OWNER=***
AIRFLOW_CTX_DAG_ID=example_dag_with_callback
AIRFLOW_CTX_TASK_ID=task3
AIRFLOW_CTX_EXECUTION_DATE=2024-06-11T22:54:54.993559+00:00
AIRFLOW_CTX_TRY_NUMBER=1
AIRFLOW_CTX_DAG_RUN_ID=manual__2024-06-11T22:54:54.993559+00:00
[2024-06-11T22:54:58.902+0000] {logging_mixin.py:120} INFO - Task 3 is completed
[2024-06-11T22:54:59.904+0000] {python.py:177} INFO - Done. Returned value was: None
[2024-06-11T22:54:59.926+0000] {taskinstance.py:1406} INFO - Marking task as SUCCESS. dag_id=example_dag_with_callback, task_id=task3, execution_date=20240611T225454, start_date=20240611T225458, end_date=20240611T225459
[2024-06-11T22:54:59.939+0000] {local_task_job.py:164} INFO - Task exited with return code 0
[2024-06-11T22:54:59.952+0000] {local_task_job.py:273} INFO - 2 downstream tasks scheduled from follow-on schedule check
