[2024-06-22T15:21:13.327+0000] {taskinstance.py:1165} INFO - Dependencies all met for <TaskInstance: dynamic_tasks_dag.task_8 scheduled__2024-03-01T00:00:00+00:00 [queued]>
[2024-06-22T15:21:13.349+0000] {taskinstance.py:1165} INFO - Dependencies all met for <TaskInstance: dynamic_tasks_dag.task_8 scheduled__2024-03-01T00:00:00+00:00 [queued]>
[2024-06-22T15:21:13.353+0000] {taskinstance.py:1362} INFO - 
--------------------------------------------------------------------------------
[2024-06-22T15:21:13.356+0000] {taskinstance.py:1363} INFO - Starting attempt 1 of 2
[2024-06-22T15:21:13.358+0000] {taskinstance.py:1364} INFO - 
--------------------------------------------------------------------------------
[2024-06-22T15:21:13.399+0000] {taskinstance.py:1383} INFO - Executing <Task(BashOperator): task_8> on 2024-03-01 00:00:00+00:00
[2024-06-22T15:21:13.420+0000] {standard_task_runner.py:55} INFO - Started process 2318 to run task
[2024-06-22T15:21:13.437+0000] {standard_task_runner.py:82} INFO - Running: ['***', 'tasks', 'run', 'dynamic_tasks_dag', 'task_8', 'scheduled__2024-03-01T00:00:00+00:00', '--job-id', '977', '--raw', '--subdir', 'DAGS_FOLDER/dynamic_tasks.py', '--cfg-path', '/tmp/tmpnpjngi8h']
[2024-06-22T15:21:13.442+0000] {standard_task_runner.py:83} INFO - Job 977: Subtask task_8
[2024-06-22T15:21:13.606+0000] {task_command.py:376} INFO - Running <TaskInstance: dynamic_tasks_dag.task_8 scheduled__2024-03-01T00:00:00+00:00 [running]> on host 5f0aa929f7fe
[2024-06-22T15:21:13.843+0000] {taskinstance.py:1592} INFO - Exporting the following env vars:
AIRFLOW_CTX_DAG_OWNER=***
AIRFLOW_CTX_DAG_ID=dynamic_tasks_dag
AIRFLOW_CTX_TASK_ID=task_8
AIRFLOW_CTX_EXECUTION_DATE=2024-03-01T00:00:00+00:00
AIRFLOW_CTX_TRY_NUMBER=1
AIRFLOW_CTX_DAG_RUN_ID=scheduled__2024-03-01T00:00:00+00:00
[2024-06-22T15:21:13.844+0000] {subprocess.py:63} INFO - Tmp dir root location: 
 /tmp
[2024-06-22T15:21:13.847+0000] {subprocess.py:75} INFO - Running command: ['/bin/bash', '-c', "echo 'This is task 8'"]
[2024-06-22T15:21:13.911+0000] {subprocess.py:86} INFO - Output:
[2024-06-22T15:21:13.913+0000] {subprocess.py:93} INFO - This is task 8
[2024-06-22T15:21:13.913+0000] {subprocess.py:97} INFO - Command exited with return code 0
[2024-06-22T15:21:13.962+0000] {taskinstance.py:1406} INFO - Marking task as SUCCESS. dag_id=dynamic_tasks_dag, task_id=task_8, execution_date=20240301T000000, start_date=20240622T152113, end_date=20240622T152113
[2024-06-22T15:21:14.054+0000] {local_task_job.py:164} INFO - Task exited with return code 0
[2024-06-22T15:21:14.133+0000] {local_task_job.py:273} INFO - 0 downstream tasks scheduled from follow-on schedule check
