[2024-06-11T05:21:41.603+0000] {taskinstance.py:1165} INFO - Dependencies all met for <TaskInstance: example_dag_with_callback.task3 scheduled__2024-06-10T05:21:18.030418+00:00 [queued]>
[2024-06-11T05:21:41.608+0000] {taskinstance.py:1165} INFO - Dependencies all met for <TaskInstance: example_dag_with_callback.task3 scheduled__2024-06-10T05:21:18.030418+00:00 [queued]>
[2024-06-11T05:21:41.608+0000] {taskinstance.py:1362} INFO - 
--------------------------------------------------------------------------------
[2024-06-11T05:21:41.608+0000] {taskinstance.py:1363} INFO - Starting attempt 1 of 2
[2024-06-11T05:21:41.608+0000] {taskinstance.py:1364} INFO - 
--------------------------------------------------------------------------------
[2024-06-11T05:21:41.614+0000] {taskinstance.py:1383} INFO - Executing <Task(PythonOperator): task3> on 2024-06-10 05:21:18.030418+00:00
[2024-06-11T05:21:41.617+0000] {standard_task_runner.py:55} INFO - Started process 80 to run task
[2024-06-11T05:21:41.620+0000] {standard_task_runner.py:82} INFO - Running: ['***', 'tasks', 'run', 'example_dag_with_callback', 'task3', 'scheduled__2024-06-10T05:21:18.030418+00:00', '--job-id', '129', '--raw', '--subdir', 'DAGS_FOLDER/example_dag_with_callback.py', '--cfg-path', '/tmp/tmp8fu_yw5i']
[2024-06-11T05:21:41.621+0000] {standard_task_runner.py:83} INFO - Job 129: Subtask task3
[2024-06-11T05:21:41.650+0000] {task_command.py:376} INFO - Running <TaskInstance: example_dag_with_callback.task3 scheduled__2024-06-10T05:21:18.030418+00:00 [running]> on host 90158f1b5502
[2024-06-11T05:21:41.681+0000] {taskinstance.py:1592} INFO - Exporting the following env vars:
AIRFLOW_CTX_DAG_OWNER=***
AIRFLOW_CTX_DAG_ID=example_dag_with_callback
AIRFLOW_CTX_TASK_ID=task3
AIRFLOW_CTX_EXECUTION_DATE=2024-06-10T05:21:18.030418+00:00
AIRFLOW_CTX_TRY_NUMBER=1
AIRFLOW_CTX_DAG_RUN_ID=scheduled__2024-06-10T05:21:18.030418+00:00
[2024-06-11T05:21:41.681+0000] {logging_mixin.py:120} INFO - Task 3 is completed
[2024-06-11T05:21:41.681+0000] {python.py:177} INFO - Done. Returned value was: None
[2024-06-11T05:21:41.686+0000] {taskinstance.py:1406} INFO - Marking task as SUCCESS. dag_id=example_dag_with_callback, task_id=task3, execution_date=20240610T052118, start_date=20240611T052141, end_date=20240611T052141
[2024-06-11T05:21:41.712+0000] {local_task_job.py:164} INFO - Task exited with return code 0
[2024-06-11T05:21:41.725+0000] {local_task_job.py:273} INFO - 2 downstream tasks scheduled from follow-on schedule check
