[2024-06-22T15:21:51.923+0000] {taskinstance.py:1165} INFO - Dependencies all met for <TaskInstance: dynamic_tasks_dag.task_10 scheduled__2024-03-22T00:00:00+00:00 [queued]>
[2024-06-22T15:21:51.928+0000] {taskinstance.py:1165} INFO - Dependencies all met for <TaskInstance: dynamic_tasks_dag.task_10 scheduled__2024-03-22T00:00:00+00:00 [queued]>
[2024-06-22T15:21:51.928+0000] {taskinstance.py:1362} INFO - 
--------------------------------------------------------------------------------
[2024-06-22T15:21:51.929+0000] {taskinstance.py:1363} INFO - Starting attempt 1 of 2
[2024-06-22T15:21:51.929+0000] {taskinstance.py:1364} INFO - 
--------------------------------------------------------------------------------
[2024-06-22T15:21:51.935+0000] {taskinstance.py:1383} INFO - Executing <Task(BashOperator): task_10> on 2024-03-22 00:00:00+00:00
[2024-06-22T15:21:51.940+0000] {standard_task_runner.py:55} INFO - Started process 3203 to run task
[2024-06-22T15:21:51.945+0000] {standard_task_runner.py:82} INFO - Running: ['***', 'tasks', 'run', 'dynamic_tasks_dag', 'task_10', 'scheduled__2024-03-22T00:00:00+00:00', '--job-id', '1261', '--raw', '--subdir', 'DAGS_FOLDER/dynamic_tasks.py', '--cfg-path', '/tmp/tmpsmtwhoxh']
[2024-06-22T15:21:51.945+0000] {standard_task_runner.py:83} INFO - Job 1261: Subtask task_10
[2024-06-22T15:21:51.998+0000] {task_command.py:376} INFO - Running <TaskInstance: dynamic_tasks_dag.task_10 scheduled__2024-03-22T00:00:00+00:00 [running]> on host 5f0aa929f7fe
[2024-06-22T15:21:52.062+0000] {taskinstance.py:1592} INFO - Exporting the following env vars:
AIRFLOW_CTX_DAG_OWNER=***
AIRFLOW_CTX_DAG_ID=dynamic_tasks_dag
AIRFLOW_CTX_TASK_ID=task_10
AIRFLOW_CTX_EXECUTION_DATE=2024-03-22T00:00:00+00:00
AIRFLOW_CTX_TRY_NUMBER=1
AIRFLOW_CTX_DAG_RUN_ID=scheduled__2024-03-22T00:00:00+00:00
[2024-06-22T15:21:52.065+0000] {subprocess.py:63} INFO - Tmp dir root location: 
 /tmp
[2024-06-22T15:21:52.066+0000] {subprocess.py:75} INFO - Running command: ['/bin/bash', '-c', "echo 'This is task 10'"]
[2024-06-22T15:21:52.074+0000] {subprocess.py:86} INFO - Output:
[2024-06-22T15:21:52.076+0000] {subprocess.py:93} INFO - This is task 10
[2024-06-22T15:21:52.076+0000] {subprocess.py:97} INFO - Command exited with return code 0
[2024-06-22T15:21:52.094+0000] {taskinstance.py:1406} INFO - Marking task as SUCCESS. dag_id=dynamic_tasks_dag, task_id=task_10, execution_date=20240322T000000, start_date=20240622T152151, end_date=20240622T152152
[2024-06-22T15:21:52.114+0000] {local_task_job.py:164} INFO - Task exited with return code 0
[2024-06-22T15:21:52.124+0000] {local_task_job.py:273} INFO - 0 downstream tasks scheduled from follow-on schedule check
