[2024-05-11T02:01:23.308+0000] {taskinstance.py:1165} INFO - Dependencies all met for <TaskInstance: print_context_dag.print_context manual__2024-05-11T02:01:08+00:00 [queued]>
[2024-05-11T02:01:23.313+0000] {taskinstance.py:1165} INFO - Dependencies all met for <TaskInstance: print_context_dag.print_context manual__2024-05-11T02:01:08+00:00 [queued]>
[2024-05-11T02:01:23.313+0000] {taskinstance.py:1362} INFO - 
--------------------------------------------------------------------------------
[2024-05-11T02:01:23.313+0000] {taskinstance.py:1363} INFO - Starting attempt 1 of 1
[2024-05-11T02:01:23.313+0000] {taskinstance.py:1364} INFO - 
--------------------------------------------------------------------------------
[2024-05-11T02:01:23.319+0000] {taskinstance.py:1383} INFO - Executing <Task(PythonOperator): print_context> on 2024-05-11 02:01:08+00:00
[2024-05-11T02:01:23.322+0000] {standard_task_runner.py:55} INFO - Started process 172 to run task
[2024-05-11T02:01:23.324+0000] {standard_task_runner.py:82} INFO - Running: ['***', 'tasks', 'run', 'print_context_dag', 'print_context', 'manual__2024-05-11T02:01:08+00:00', '--job-id', '12', '--raw', '--subdir', 'DAGS_FOLDER/print_context_dag.py', '--cfg-path', '/tmp/tmplo39hjx5']
[2024-05-11T02:01:23.324+0000] {standard_task_runner.py:83} INFO - Job 12: Subtask print_context
[2024-05-11T02:01:23.353+0000] {task_command.py:376} INFO - Running <TaskInstance: print_context_dag.print_context manual__2024-05-11T02:01:08+00:00 [running]> on host 086bd2810b7c
[2024-05-11T02:01:23.382+0000] {taskinstance.py:1592} INFO - Exporting the following env vars:
AIRFLOW_CTX_DAG_OWNER=***
AIRFLOW_CTX_DAG_ID=print_context_dag
AIRFLOW_CTX_TASK_ID=print_context
AIRFLOW_CTX_EXECUTION_DATE=2024-05-11T02:01:08+00:00
AIRFLOW_CTX_TRY_NUMBER=1
AIRFLOW_CTX_DAG_RUN_ID=manual__2024-05-11T02:01:08+00:00
[2024-05-11T02:01:23.382+0000] {logging_mixin.py:120} INFO - Final Query ====== pip list
[2024-05-11T02:01:24.431+0000] {python.py:177} INFO - Done. Returned value was: None
[2024-05-11T02:01:24.438+0000] {taskinstance.py:1406} INFO - Marking task as SUCCESS. dag_id=print_context_dag, task_id=print_context, execution_date=20240511T020108, start_date=20240511T020123, end_date=20240511T020124
[2024-05-11T02:01:24.472+0000] {local_task_job.py:164} INFO - Task exited with return code 0
[2024-05-11T02:01:24.481+0000] {local_task_job.py:273} INFO - 0 downstream tasks scheduled from follow-on schedule check
