[2024-06-22T15:20:09.796+0000] {taskinstance.py:1165} INFO - Dependencies all met for <TaskInstance: dynamic_tasks_dag.task_9 scheduled__2024-01-07T00:00:00+00:00 [queued]>
[2024-06-22T15:20:09.820+0000] {taskinstance.py:1165} INFO - Dependencies all met for <TaskInstance: dynamic_tasks_dag.task_9 scheduled__2024-01-07T00:00:00+00:00 [queued]>
[2024-06-22T15:20:09.822+0000] {taskinstance.py:1362} INFO - 
--------------------------------------------------------------------------------
[2024-06-22T15:20:09.823+0000] {taskinstance.py:1363} INFO - Starting attempt 1 of 2
[2024-06-22T15:20:09.823+0000] {taskinstance.py:1364} INFO - 
--------------------------------------------------------------------------------
[2024-06-22T15:20:09.844+0000] {taskinstance.py:1383} INFO - Executing <Task(BashOperator): task_9> on 2024-01-07 00:00:00+00:00
[2024-06-22T15:20:09.856+0000] {standard_task_runner.py:55} INFO - Started process 808 to run task
[2024-06-22T15:20:09.889+0000] {standard_task_runner.py:82} INFO - Running: ['***', 'tasks', 'run', 'dynamic_tasks_dag', 'task_9', 'scheduled__2024-01-07T00:00:00+00:00', '--job-id', '492', '--raw', '--subdir', 'DAGS_FOLDER/dynamic_tasks.py', '--cfg-path', '/tmp/tmpsbad2qfy']
[2024-06-22T15:20:09.893+0000] {standard_task_runner.py:83} INFO - Job 492: Subtask task_9
[2024-06-22T15:20:10.032+0000] {task_command.py:376} INFO - Running <TaskInstance: dynamic_tasks_dag.task_9 scheduled__2024-01-07T00:00:00+00:00 [running]> on host 5f0aa929f7fe
[2024-06-22T15:20:10.211+0000] {taskinstance.py:1592} INFO - Exporting the following env vars:
AIRFLOW_CTX_DAG_OWNER=***
AIRFLOW_CTX_DAG_ID=dynamic_tasks_dag
AIRFLOW_CTX_TASK_ID=task_9
AIRFLOW_CTX_EXECUTION_DATE=2024-01-07T00:00:00+00:00
AIRFLOW_CTX_TRY_NUMBER=1
AIRFLOW_CTX_DAG_RUN_ID=scheduled__2024-01-07T00:00:00+00:00
[2024-06-22T15:20:10.216+0000] {subprocess.py:63} INFO - Tmp dir root location: 
 /tmp
[2024-06-22T15:20:10.217+0000] {subprocess.py:75} INFO - Running command: ['/bin/bash', '-c', "echo 'This is task 9'"]
[2024-06-22T15:20:10.279+0000] {subprocess.py:86} INFO - Output:
[2024-06-22T15:20:10.291+0000] {subprocess.py:93} INFO - This is task 9
[2024-06-22T15:20:10.294+0000] {subprocess.py:97} INFO - Command exited with return code 0
[2024-06-22T15:20:10.320+0000] {taskinstance.py:1406} INFO - Marking task as SUCCESS. dag_id=dynamic_tasks_dag, task_id=task_9, execution_date=20240107T000000, start_date=20240622T152009, end_date=20240622T152010
[2024-06-22T15:20:10.365+0000] {local_task_job.py:164} INFO - Task exited with return code 0
[2024-06-22T15:20:10.383+0000] {local_task_job.py:273} INFO - 1 downstream tasks scheduled from follow-on schedule check
