[2024-06-12T03:38:33.648+0000] {taskinstance.py:1165} INFO - Dependencies all met for <TaskInstance: example_dag_with_callback.task4 manual__2024-06-12T03:38:27.439805+00:00 [queued]>
[2024-06-12T03:38:33.652+0000] {taskinstance.py:1165} INFO - Dependencies all met for <TaskInstance: example_dag_with_callback.task4 manual__2024-06-12T03:38:27.439805+00:00 [queued]>
[2024-06-12T03:38:33.653+0000] {taskinstance.py:1362} INFO - 
--------------------------------------------------------------------------------
[2024-06-12T03:38:33.653+0000] {taskinstance.py:1363} INFO - Starting attempt 1 of 1
[2024-06-12T03:38:33.653+0000] {taskinstance.py:1364} INFO - 
--------------------------------------------------------------------------------
[2024-06-12T03:38:33.663+0000] {taskinstance.py:1383} INFO - Executing <Task(PythonOperator): task4> on 2024-06-12 03:38:27.439805+00:00
[2024-06-12T03:38:33.666+0000] {standard_task_runner.py:55} INFO - Started process 730 to run task
[2024-06-12T03:38:33.668+0000] {standard_task_runner.py:82} INFO - Running: ['***', 'tasks', 'run', 'example_dag_with_callback', 'task4', 'manual__2024-06-12T03:38:27.439805+00:00', '--job-id', '298', '--raw', '--subdir', 'DAGS_FOLDER/example_dag_with_callback.py', '--cfg-path', '/tmp/tmpy53yfiu7']
[2024-06-12T03:38:33.668+0000] {standard_task_runner.py:83} INFO - Job 298: Subtask task4
[2024-06-12T03:38:33.701+0000] {task_command.py:376} INFO - Running <TaskInstance: example_dag_with_callback.task4 manual__2024-06-12T03:38:27.439805+00:00 [running]> on host 3eba8accb13f
[2024-06-12T03:38:33.742+0000] {taskinstance.py:1592} INFO - Exporting the following env vars:
AIRFLOW_CTX_DAG_OWNER=***
AIRFLOW_CTX_DAG_ID=example_dag_with_callback
AIRFLOW_CTX_TASK_ID=task4
AIRFLOW_CTX_EXECUTION_DATE=2024-06-12T03:38:27.439805+00:00
AIRFLOW_CTX_TRY_NUMBER=1
AIRFLOW_CTX_DAG_RUN_ID=manual__2024-06-12T03:38:27.439805+00:00
[2024-06-12T03:38:33.742+0000] {logging_mixin.py:120} INFO - Task 4 is completed
[2024-06-12T03:38:34.743+0000] {python.py:177} INFO - Done. Returned value was: None
[2024-06-12T03:38:34.750+0000] {taskinstance.py:1406} INFO - Marking task as SUCCESS. dag_id=example_dag_with_callback, task_id=task4, execution_date=20240612T033827, start_date=20240612T033833, end_date=20240612T033834
[2024-06-12T03:38:34.799+0000] {local_task_job.py:164} INFO - Task exited with return code 0
[2024-06-12T03:38:34.809+0000] {local_task_job.py:273} INFO - 0 downstream tasks scheduled from follow-on schedule check
