[2024-06-22T15:20:29.186+0000] {taskinstance.py:1165} INFO - Dependencies all met for <TaskInstance: dynamic_tasks_dag.task_7 scheduled__2024-01-29T00:00:00+00:00 [queued]>
[2024-06-22T15:20:29.198+0000] {taskinstance.py:1165} INFO - Dependencies all met for <TaskInstance: dynamic_tasks_dag.task_7 scheduled__2024-01-29T00:00:00+00:00 [queued]>
[2024-06-22T15:20:29.198+0000] {taskinstance.py:1362} INFO - 
--------------------------------------------------------------------------------
[2024-06-22T15:20:29.198+0000] {taskinstance.py:1363} INFO - Starting attempt 1 of 2
[2024-06-22T15:20:29.198+0000] {taskinstance.py:1364} INFO - 
--------------------------------------------------------------------------------
[2024-06-22T15:20:29.218+0000] {taskinstance.py:1383} INFO - Executing <Task(BashOperator): task_7> on 2024-01-29 00:00:00+00:00
[2024-06-22T15:20:29.222+0000] {standard_task_runner.py:55} INFO - Started process 1285 to run task
[2024-06-22T15:20:29.243+0000] {standard_task_runner.py:82} INFO - Running: ['***', 'tasks', 'run', 'dynamic_tasks_dag', 'task_7', 'scheduled__2024-01-29T00:00:00+00:00', '--job-id', '645', '--raw', '--subdir', 'DAGS_FOLDER/dynamic_tasks.py', '--cfg-path', '/tmp/tmpfiqbvla_']
[2024-06-22T15:20:29.250+0000] {standard_task_runner.py:83} INFO - Job 645: Subtask task_7
[2024-06-22T15:20:29.354+0000] {task_command.py:376} INFO - Running <TaskInstance: dynamic_tasks_dag.task_7 scheduled__2024-01-29T00:00:00+00:00 [running]> on host 5f0aa929f7fe
[2024-06-22T15:20:29.508+0000] {taskinstance.py:1592} INFO - Exporting the following env vars:
AIRFLOW_CTX_DAG_OWNER=***
AIRFLOW_CTX_DAG_ID=dynamic_tasks_dag
AIRFLOW_CTX_TASK_ID=task_7
AIRFLOW_CTX_EXECUTION_DATE=2024-01-29T00:00:00+00:00
AIRFLOW_CTX_TRY_NUMBER=1
AIRFLOW_CTX_DAG_RUN_ID=scheduled__2024-01-29T00:00:00+00:00
[2024-06-22T15:20:29.510+0000] {subprocess.py:63} INFO - Tmp dir root location: 
 /tmp
[2024-06-22T15:20:29.510+0000] {subprocess.py:75} INFO - Running command: ['/bin/bash', '-c', "echo 'This is task 7'"]
[2024-06-22T15:20:29.558+0000] {subprocess.py:86} INFO - Output:
[2024-06-22T15:20:29.570+0000] {subprocess.py:93} INFO - This is task 7
[2024-06-22T15:20:29.576+0000] {subprocess.py:97} INFO - Command exited with return code 0
[2024-06-22T15:20:29.624+0000] {taskinstance.py:1406} INFO - Marking task as SUCCESS. dag_id=dynamic_tasks_dag, task_id=task_7, execution_date=20240129T000000, start_date=20240622T152029, end_date=20240622T152029
[2024-06-22T15:20:29.692+0000] {local_task_job.py:164} INFO - Task exited with return code 0
[2024-06-22T15:20:29.740+0000] {local_task_job.py:273} INFO - 1 downstream tasks scheduled from follow-on schedule check
