[2024-06-22T15:20:04.101+0000] {taskinstance.py:1165} INFO - Dependencies all met for <TaskInstance: dynamic_tasks_dag.task_5 scheduled__2024-01-13T00:00:00+00:00 [queued]>
[2024-06-22T15:20:04.135+0000] {taskinstance.py:1165} INFO - Dependencies all met for <TaskInstance: dynamic_tasks_dag.task_5 scheduled__2024-01-13T00:00:00+00:00 [queued]>
[2024-06-22T15:20:04.139+0000] {taskinstance.py:1362} INFO - 
--------------------------------------------------------------------------------
[2024-06-22T15:20:04.144+0000] {taskinstance.py:1363} INFO - Starting attempt 1 of 2
[2024-06-22T15:20:04.146+0000] {taskinstance.py:1364} INFO - 
--------------------------------------------------------------------------------
[2024-06-22T15:20:04.179+0000] {taskinstance.py:1383} INFO - Executing <Task(BashOperator): task_5> on 2024-01-13 00:00:00+00:00
[2024-06-22T15:20:04.191+0000] {standard_task_runner.py:55} INFO - Started process 663 to run task
[2024-06-22T15:20:04.195+0000] {standard_task_runner.py:82} INFO - Running: ['***', 'tasks', 'run', 'dynamic_tasks_dag', 'task_5', 'scheduled__2024-01-13T00:00:00+00:00', '--job-id', '442', '--raw', '--subdir', 'DAGS_FOLDER/dynamic_tasks.py', '--cfg-path', '/tmp/tmpc9t64atv']
[2024-06-22T15:20:04.204+0000] {standard_task_runner.py:83} INFO - Job 442: Subtask task_5
[2024-06-22T15:20:04.347+0000] {task_command.py:376} INFO - Running <TaskInstance: dynamic_tasks_dag.task_5 scheduled__2024-01-13T00:00:00+00:00 [running]> on host 5f0aa929f7fe
[2024-06-22T15:20:04.523+0000] {taskinstance.py:1592} INFO - Exporting the following env vars:
AIRFLOW_CTX_DAG_OWNER=***
AIRFLOW_CTX_DAG_ID=dynamic_tasks_dag
AIRFLOW_CTX_TASK_ID=task_5
AIRFLOW_CTX_EXECUTION_DATE=2024-01-13T00:00:00+00:00
AIRFLOW_CTX_TRY_NUMBER=1
AIRFLOW_CTX_DAG_RUN_ID=scheduled__2024-01-13T00:00:00+00:00
[2024-06-22T15:20:04.526+0000] {subprocess.py:63} INFO - Tmp dir root location: 
 /tmp
[2024-06-22T15:20:04.528+0000] {subprocess.py:75} INFO - Running command: ['/bin/bash', '-c', "echo 'This is task 5'"]
[2024-06-22T15:20:04.562+0000] {subprocess.py:86} INFO - Output:
[2024-06-22T15:20:04.571+0000] {subprocess.py:93} INFO - This is task 5
[2024-06-22T15:20:04.572+0000] {subprocess.py:97} INFO - Command exited with return code 0
[2024-06-22T15:20:04.613+0000] {taskinstance.py:1406} INFO - Marking task as SUCCESS. dag_id=dynamic_tasks_dag, task_id=task_5, execution_date=20240113T000000, start_date=20240622T152004, end_date=20240622T152004
[2024-06-22T15:20:04.700+0000] {local_task_job.py:164} INFO - Task exited with return code 0
[2024-06-22T15:20:04.746+0000] {local_task_job.py:273} INFO - 1 downstream tasks scheduled from follow-on schedule check
