[2024-06-11T05:22:44.789+0000] {taskinstance.py:1165} INFO - Dependencies all met for <TaskInstance: example_dag_with_callback.task2 manual__2024-06-11T05:22:43.799630+00:00 [queued]>
[2024-06-11T05:22:44.794+0000] {taskinstance.py:1165} INFO - Dependencies all met for <TaskInstance: example_dag_with_callback.task2 manual__2024-06-11T05:22:43.799630+00:00 [queued]>
[2024-06-11T05:22:44.794+0000] {taskinstance.py:1362} INFO - 
--------------------------------------------------------------------------------
[2024-06-11T05:22:44.794+0000] {taskinstance.py:1363} INFO - Starting attempt 1 of 2
[2024-06-11T05:22:44.794+0000] {taskinstance.py:1364} INFO - 
--------------------------------------------------------------------------------
[2024-06-11T05:22:44.802+0000] {taskinstance.py:1383} INFO - Executing <Task(PythonOperator): task2> on 2024-06-11 05:22:43.799630+00:00
[2024-06-11T05:22:44.806+0000] {standard_task_runner.py:55} INFO - Started process 149 to run task
[2024-06-11T05:22:44.808+0000] {standard_task_runner.py:82} INFO - Running: ['***', 'tasks', 'run', 'example_dag_with_callback', 'task2', 'manual__2024-06-11T05:22:43.799630+00:00', '--job-id', '136', '--raw', '--subdir', 'DAGS_FOLDER/example_dag_with_callback.py', '--cfg-path', '/tmp/tmp8r5ipfyr']
[2024-06-11T05:22:44.808+0000] {standard_task_runner.py:83} INFO - Job 136: Subtask task2
[2024-06-11T05:22:44.841+0000] {task_command.py:376} INFO - Running <TaskInstance: example_dag_with_callback.task2 manual__2024-06-11T05:22:43.799630+00:00 [running]> on host 90158f1b5502
[2024-06-11T05:22:44.881+0000] {taskinstance.py:1592} INFO - Exporting the following env vars:
AIRFLOW_CTX_DAG_OWNER=***
AIRFLOW_CTX_DAG_ID=example_dag_with_callback
AIRFLOW_CTX_TASK_ID=task2
AIRFLOW_CTX_EXECUTION_DATE=2024-06-11T05:22:43.799630+00:00
AIRFLOW_CTX_TRY_NUMBER=1
AIRFLOW_CTX_DAG_RUN_ID=manual__2024-06-11T05:22:43.799630+00:00
[2024-06-11T05:22:44.882+0000] {logging_mixin.py:120} INFO - Task 2 is completed
[2024-06-11T05:22:59.896+0000] {python.py:177} INFO - Done. Returned value was: None
[2024-06-11T05:22:59.903+0000] {taskinstance.py:1406} INFO - Marking task as SUCCESS. dag_id=example_dag_with_callback, task_id=task2, execution_date=20240611T052243, start_date=20240611T052244, end_date=20240611T052259
[2024-06-11T05:22:59.916+0000] {local_task_job.py:164} INFO - Task exited with return code 0
[2024-06-11T05:22:59.933+0000] {local_task_job.py:273} INFO - 1 downstream tasks scheduled from follow-on schedule check
