[2024-06-22T15:27:45.091+0000] {taskinstance.py:1165} INFO - Dependencies all met for <TaskInstance: dynamic_tasks_dag.task_3 manual__2024-06-22T15:27:42.500911+00:00 [queued]>
[2024-06-22T15:27:45.095+0000] {taskinstance.py:1165} INFO - Dependencies all met for <TaskInstance: dynamic_tasks_dag.task_3 manual__2024-06-22T15:27:42.500911+00:00 [queued]>
[2024-06-22T15:27:45.095+0000] {taskinstance.py:1362} INFO - 
--------------------------------------------------------------------------------
[2024-06-22T15:27:45.095+0000] {taskinstance.py:1363} INFO - Starting attempt 1 of 2
[2024-06-22T15:27:45.096+0000] {taskinstance.py:1364} INFO - 
--------------------------------------------------------------------------------
[2024-06-22T15:27:45.103+0000] {taskinstance.py:1383} INFO - Executing <Task(BashOperator): task_3> on 2024-06-22 15:27:42.500911+00:00
[2024-06-22T15:27:45.106+0000] {standard_task_runner.py:55} INFO - Started process 3608 to run task
[2024-06-22T15:27:45.108+0000] {standard_task_runner.py:82} INFO - Running: ['***', 'tasks', 'run', 'dynamic_tasks_dag', 'task_3', 'manual__2024-06-22T15:27:42.500911+00:00', '--job-id', '1297', '--raw', '--subdir', 'DAGS_FOLDER/dynamic_tasks.py', '--cfg-path', '/tmp/tmpu6394sjz']
[2024-06-22T15:27:45.108+0000] {standard_task_runner.py:83} INFO - Job 1297: Subtask task_3
[2024-06-22T15:27:45.140+0000] {task_command.py:376} INFO - Running <TaskInstance: dynamic_tasks_dag.task_3 manual__2024-06-22T15:27:42.500911+00:00 [running]> on host 5f0aa929f7fe
[2024-06-22T15:27:45.173+0000] {taskinstance.py:1592} INFO - Exporting the following env vars:
AIRFLOW_CTX_DAG_OWNER=***
AIRFLOW_CTX_DAG_ID=dynamic_tasks_dag
AIRFLOW_CTX_TASK_ID=task_3
AIRFLOW_CTX_EXECUTION_DATE=2024-06-22T15:27:42.500911+00:00
AIRFLOW_CTX_TRY_NUMBER=1
AIRFLOW_CTX_DAG_RUN_ID=manual__2024-06-22T15:27:42.500911+00:00
[2024-06-22T15:27:45.173+0000] {subprocess.py:63} INFO - Tmp dir root location: 
 /tmp
[2024-06-22T15:27:45.174+0000] {subprocess.py:75} INFO - Running command: ['/bin/bash', '-c', "echo 'This is task 3'"]
[2024-06-22T15:27:45.179+0000] {subprocess.py:86} INFO - Output:
[2024-06-22T15:27:45.180+0000] {subprocess.py:93} INFO - This is task 3
[2024-06-22T15:27:45.180+0000] {subprocess.py:97} INFO - Command exited with return code 0
[2024-06-22T15:27:45.193+0000] {taskinstance.py:1406} INFO - Marking task as SUCCESS. dag_id=dynamic_tasks_dag, task_id=task_3, execution_date=20240622T152742, start_date=20240622T152745, end_date=20240622T152745
[2024-06-22T15:27:45.240+0000] {local_task_job.py:164} INFO - Task exited with return code 0
[2024-06-22T15:27:45.256+0000] {local_task_job.py:273} INFO - 1 downstream tasks scheduled from follow-on schedule check
