[2024-06-22T15:21:29.885+0000] {taskinstance.py:1165} INFO - Dependencies all met for <TaskInstance: dynamic_tasks_dag.task_6 scheduled__2024-03-18T00:00:00+00:00 [queued]>
[2024-06-22T15:21:29.912+0000] {taskinstance.py:1165} INFO - Dependencies all met for <TaskInstance: dynamic_tasks_dag.task_6 scheduled__2024-03-18T00:00:00+00:00 [queued]>
[2024-06-22T15:21:29.913+0000] {taskinstance.py:1362} INFO - 
--------------------------------------------------------------------------------
[2024-06-22T15:21:29.915+0000] {taskinstance.py:1363} INFO - Starting attempt 1 of 2
[2024-06-22T15:21:29.917+0000] {taskinstance.py:1364} INFO - 
--------------------------------------------------------------------------------
[2024-06-22T15:21:29.958+0000] {taskinstance.py:1383} INFO - Executing <Task(BashOperator): task_6> on 2024-03-18 00:00:00+00:00
[2024-06-22T15:21:29.965+0000] {standard_task_runner.py:55} INFO - Started process 2718 to run task
[2024-06-22T15:21:29.998+0000] {standard_task_runner.py:82} INFO - Running: ['***', 'tasks', 'run', 'dynamic_tasks_dag', 'task_6', 'scheduled__2024-03-18T00:00:00+00:00', '--job-id', '1102', '--raw', '--subdir', 'DAGS_FOLDER/dynamic_tasks.py', '--cfg-path', '/tmp/tmpr9vld5fq']
[2024-06-22T15:21:30.008+0000] {standard_task_runner.py:83} INFO - Job 1102: Subtask task_6
[2024-06-22T15:21:30.155+0000] {task_command.py:376} INFO - Running <TaskInstance: dynamic_tasks_dag.task_6 scheduled__2024-03-18T00:00:00+00:00 [running]> on host 5f0aa929f7fe
[2024-06-22T15:21:30.375+0000] {taskinstance.py:1592} INFO - Exporting the following env vars:
AIRFLOW_CTX_DAG_OWNER=***
AIRFLOW_CTX_DAG_ID=dynamic_tasks_dag
AIRFLOW_CTX_TASK_ID=task_6
AIRFLOW_CTX_EXECUTION_DATE=2024-03-18T00:00:00+00:00
AIRFLOW_CTX_TRY_NUMBER=1
AIRFLOW_CTX_DAG_RUN_ID=scheduled__2024-03-18T00:00:00+00:00
[2024-06-22T15:21:30.380+0000] {subprocess.py:63} INFO - Tmp dir root location: 
 /tmp
[2024-06-22T15:21:30.383+0000] {subprocess.py:75} INFO - Running command: ['/bin/bash', '-c', "echo 'This is task 6'"]
[2024-06-22T15:21:30.426+0000] {subprocess.py:86} INFO - Output:
[2024-06-22T15:21:30.432+0000] {subprocess.py:93} INFO - This is task 6
[2024-06-22T15:21:30.432+0000] {subprocess.py:97} INFO - Command exited with return code 0
[2024-06-22T15:21:30.465+0000] {taskinstance.py:1406} INFO - Marking task as SUCCESS. dag_id=dynamic_tasks_dag, task_id=task_6, execution_date=20240318T000000, start_date=20240622T152129, end_date=20240622T152130
[2024-06-22T15:21:30.550+0000] {local_task_job.py:164} INFO - Task exited with return code 0
[2024-06-22T15:21:30.603+0000] {local_task_job.py:273} INFO - 1 downstream tasks scheduled from follow-on schedule check
