[2024-06-22T15:20:45.894+0000] {taskinstance.py:1165} INFO - Dependencies all met for <TaskInstance: dynamic_tasks_dag.task_6 scheduled__2024-02-09T00:00:00+00:00 [queued]>
[2024-06-22T15:20:45.956+0000] {taskinstance.py:1165} INFO - Dependencies all met for <TaskInstance: dynamic_tasks_dag.task_6 scheduled__2024-02-09T00:00:00+00:00 [queued]>
[2024-06-22T15:20:45.958+0000] {taskinstance.py:1362} INFO - 
--------------------------------------------------------------------------------
[2024-06-22T15:20:45.962+0000] {taskinstance.py:1363} INFO - Starting attempt 1 of 2
[2024-06-22T15:20:45.966+0000] {taskinstance.py:1364} INFO - 
--------------------------------------------------------------------------------
[2024-06-22T15:20:46.003+0000] {taskinstance.py:1383} INFO - Executing <Task(BashOperator): task_6> on 2024-02-09 00:00:00+00:00
[2024-06-22T15:20:46.019+0000] {standard_task_runner.py:55} INFO - Started process 1629 to run task
[2024-06-22T15:20:46.058+0000] {standard_task_runner.py:82} INFO - Running: ['***', 'tasks', 'run', 'dynamic_tasks_dag', 'task_6', 'scheduled__2024-02-09T00:00:00+00:00', '--job-id', '750', '--raw', '--subdir', 'DAGS_FOLDER/dynamic_tasks.py', '--cfg-path', '/tmp/tmpmt4y_y2b']
[2024-06-22T15:20:46.060+0000] {standard_task_runner.py:83} INFO - Job 750: Subtask task_6
[2024-06-22T15:20:46.195+0000] {task_command.py:376} INFO - Running <TaskInstance: dynamic_tasks_dag.task_6 scheduled__2024-02-09T00:00:00+00:00 [running]> on host 5f0aa929f7fe
[2024-06-22T15:20:46.390+0000] {taskinstance.py:1592} INFO - Exporting the following env vars:
AIRFLOW_CTX_DAG_OWNER=***
AIRFLOW_CTX_DAG_ID=dynamic_tasks_dag
AIRFLOW_CTX_TASK_ID=task_6
AIRFLOW_CTX_EXECUTION_DATE=2024-02-09T00:00:00+00:00
AIRFLOW_CTX_TRY_NUMBER=1
AIRFLOW_CTX_DAG_RUN_ID=scheduled__2024-02-09T00:00:00+00:00
[2024-06-22T15:20:46.395+0000] {subprocess.py:63} INFO - Tmp dir root location: 
 /tmp
[2024-06-22T15:20:46.396+0000] {subprocess.py:75} INFO - Running command: ['/bin/bash', '-c', "echo 'This is task 6'"]
[2024-06-22T15:20:46.426+0000] {subprocess.py:86} INFO - Output:
[2024-06-22T15:20:46.429+0000] {subprocess.py:93} INFO - This is task 6
[2024-06-22T15:20:46.432+0000] {subprocess.py:97} INFO - Command exited with return code 0
[2024-06-22T15:20:46.471+0000] {taskinstance.py:1406} INFO - Marking task as SUCCESS. dag_id=dynamic_tasks_dag, task_id=task_6, execution_date=20240209T000000, start_date=20240622T152045, end_date=20240622T152046
[2024-06-22T15:20:46.566+0000] {local_task_job.py:164} INFO - Task exited with return code 0
[2024-06-22T15:20:46.595+0000] {local_task_job.py:273} INFO - 1 downstream tasks scheduled from follow-on schedule check
