[2024-06-11T21:51:49.628+0000] {taskinstance.py:1165} INFO - Dependencies all met for <TaskInstance: context_demo.print_context manual__2024-06-11T21:51:49.247548+00:00 [queued]>
[2024-06-11T21:51:49.633+0000] {taskinstance.py:1165} INFO - Dependencies all met for <TaskInstance: context_demo.print_context manual__2024-06-11T21:51:49.247548+00:00 [queued]>
[2024-06-11T21:51:49.633+0000] {taskinstance.py:1362} INFO - 
--------------------------------------------------------------------------------
[2024-06-11T21:51:49.633+0000] {taskinstance.py:1363} INFO - Starting attempt 1 of 1
[2024-06-11T21:51:49.633+0000] {taskinstance.py:1364} INFO - 
--------------------------------------------------------------------------------
[2024-06-11T21:51:49.639+0000] {taskinstance.py:1383} INFO - Executing <Task(PythonOperator): print_context> on 2024-06-11 21:51:49.247548+00:00
[2024-06-11T21:51:49.642+0000] {standard_task_runner.py:55} INFO - Started process 1342 to run task
[2024-06-11T21:51:49.644+0000] {standard_task_runner.py:82} INFO - Running: ['***', 'tasks', 'run', 'context_demo', 'print_context', 'manual__2024-06-11T21:51:49.247548+00:00', '--job-id', '177', '--raw', '--subdir', 'DAGS_FOLDER/context_demo.py', '--cfg-path', '/tmp/tmpj0fn3dop']
[2024-06-11T21:51:49.645+0000] {standard_task_runner.py:83} INFO - Job 177: Subtask print_context
[2024-06-11T21:51:49.674+0000] {task_command.py:376} INFO - Running <TaskInstance: context_demo.print_context manual__2024-06-11T21:51:49.247548+00:00 [running]> on host 91b1d49ba724
[2024-06-11T21:51:49.705+0000] {taskinstance.py:1592} INFO - Exporting the following env vars:
AIRFLOW_CTX_DAG_OWNER=***
AIRFLOW_CTX_DAG_ID=context_demo
AIRFLOW_CTX_TASK_ID=print_context
AIRFLOW_CTX_EXECUTION_DATE=2024-06-11T21:51:49.247548+00:00
AIRFLOW_CTX_TRY_NUMBER=1
AIRFLOW_CTX_DAG_RUN_ID=manual__2024-06-11T21:51:49.247548+00:00
[2024-06-11T21:51:49.706+0000] {logging_mixin.py:120} INFO - {'conf': <***.configuration.AirflowConfigParser object at 0xffff7da14ed0>, 'dag': <DAG: context_demo>, 'dag_run': <DagRun context_demo @ 2024-06-11 21:51:49.247548+00:00: manual__2024-06-11T21:51:49.247548+00:00, state:running, queued_at: 2024-06-11 21:51:49.257674+00:00. externally triggered: True>, 'data_interval_end': DateTime(2024, 6, 11, 21, 51, 49, 247548, tzinfo=Timezone('UTC')), 'data_interval_start': DateTime(2024, 6, 11, 21, 51, 49, 247548, tzinfo=Timezone('UTC')), 'ds': '2024-06-11', 'ds_nodash': '20240611', 'execution_date': <Proxy at 0xffff691df0f0 with factory functools.partial(<function lazy_mapping_from_context.<locals>._deprecated_proxy_factory at 0xffff69286ef0>, 'execution_date', DateTime(2024, 6, 11, 21, 51, 49, 247548, tzinfo=Timezone('UTC')))>, 'inlets': [], 'logical_date': DateTime(2024, 6, 11, 21, 51, 49, 247548, tzinfo=Timezone('UTC')), 'macros': <module '***.macros' from '/home/***/.local/lib/python3.7/site-packages/***/macros/__init__.py'>, 'next_ds': <Proxy at 0xffff691df0a0 with factory functools.partial(<function lazy_mapping_from_context.<locals>._deprecated_proxy_factory at 0xffff69286ef0>, 'next_ds', '2024-06-11')>, 'next_ds_nodash': <Proxy at 0xffff691df050 with factory functools.partial(<function lazy_mapping_from_context.<locals>._deprecated_proxy_factory at 0xffff69286ef0>, 'next_ds_nodash', '20240611')>, 'next_execution_date': <Proxy at 0xffff691df2d0 with factory functools.partial(<function lazy_mapping_from_context.<locals>._deprecated_proxy_factory at 0xffff69286ef0>, 'next_execution_date', DateTime(2024, 6, 11, 21, 51, 49, 247548, tzinfo=Timezone('UTC')))>, 'outlets': [], 'params': {}, 'prev_data_interval_start_success': None, 'prev_data_interval_end_success': None, 'prev_ds': <Proxy at 0xffff691df280 with factory functools.partial(<function lazy_mapping_from_context.<locals>._deprecated_proxy_factory at 0xffff69286ef0>, 'prev_ds', '2024-06-11')>, 'prev_ds_nodash': <Proxy at 0xffff691df370 with factory functools.partial(<function lazy_mapping_from_context.<locals>._deprecated_proxy_factory at 0xffff69286ef0>, 'prev_ds_nodash', '20240611')>, 'prev_execution_date': <Proxy at 0xffff691df320 with factory functools.partial(<function lazy_mapping_from_context.<locals>._deprecated_proxy_factory at 0xffff69286ef0>, 'prev_execution_date', DateTime(2024, 6, 11, 21, 51, 49, 247548, tzinfo=Timezone('UTC')))>, 'prev_execution_date_success': <Proxy at 0xffff691df3c0 with factory functools.partial(<function lazy_mapping_from_context.<locals>._deprecated_proxy_factory at 0xffff69286ef0>, 'prev_execution_date_success', None)>, 'prev_start_date_success': None, 'run_id': 'manual__2024-06-11T21:51:49.247548+00:00', 'task': <Task(PythonOperator): print_context>, 'task_instance': <TaskInstance: context_demo.print_context manual__2024-06-11T21:51:49.247548+00:00 [running]>, 'task_instance_key_str': 'context_demo__print_context__20240611', 'test_mode': False, 'ti': <TaskInstance: context_demo.print_context manual__2024-06-11T21:51:49.247548+00:00 [running]>, 'tomorrow_ds': <Proxy at 0xffff691df550 with factory functools.partial(<function lazy_mapping_from_context.<locals>._deprecated_proxy_factory at 0xffff69286ef0>, 'tomorrow_ds', '2024-06-12')>, 'tomorrow_ds_nodash': <Proxy at 0xffff691df4b0 with factory functools.partial(<function lazy_mapping_from_context.<locals>._deprecated_proxy_factory at 0xffff69286ef0>, 'tomorrow_ds_nodash', '20240612')>, 'triggering_dataset_events': <Proxy at 0xffff69253a50 with factory <function TaskInstance.get_template_context.<locals>.get_triggering_events at 0xffff69260440>>, 'ts': '2024-06-11T21:51:49.247548+00:00', 'ts_nodash': '20240611T215149', 'ts_nodash_with_tz': '20240611T215149.247548+0000', 'var': {'json': None, 'value': None}, 'conn': None, 'yesterday_ds': <Proxy at 0xffff691dfe60 with factory functools.partial(<function lazy_mapping_from_context.<locals>._deprecated_proxy_factory at 0xffff69286ef0>, 'yesterday_ds', '2024-06-10')>, 'yesterday_ds_nodash': <Proxy at 0xffff691d3280 with factory functools.partial(<function lazy_mapping_from_context.<locals>._deprecated_proxy_factory at 0xffff69286ef0>, 'yesterday_ds_nodash', '20240610')>, 'templates_dict': None}
[2024-06-11T21:51:49.706+0000] {python.py:177} INFO - Done. Returned value was: None
[2024-06-11T21:51:49.711+0000] {taskinstance.py:1406} INFO - Marking task as SUCCESS. dag_id=context_demo, task_id=print_context, execution_date=20240611T215149, start_date=20240611T215149, end_date=20240611T215149
[2024-06-11T21:51:49.736+0000] {local_task_job.py:164} INFO - Task exited with return code 0
[2024-06-11T21:51:49.747+0000] {local_task_job.py:273} INFO - 0 downstream tasks scheduled from follow-on schedule check
