[2024-06-22T15:20:26.397+0000] {taskinstance.py:1165} INFO - Dependencies all met for <TaskInstance: dynamic_tasks_dag.task_6 scheduled__2024-01-27T00:00:00+00:00 [queued]>
[2024-06-22T15:20:26.427+0000] {taskinstance.py:1165} INFO - Dependencies all met for <TaskInstance: dynamic_tasks_dag.task_6 scheduled__2024-01-27T00:00:00+00:00 [queued]>
[2024-06-22T15:20:26.427+0000] {taskinstance.py:1362} INFO - 
--------------------------------------------------------------------------------
[2024-06-22T15:20:26.427+0000] {taskinstance.py:1363} INFO - Starting attempt 1 of 2
[2024-06-22T15:20:26.432+0000] {taskinstance.py:1364} INFO - 
--------------------------------------------------------------------------------
[2024-06-22T15:20:26.468+0000] {taskinstance.py:1383} INFO - Executing <Task(BashOperator): task_6> on 2024-01-27 00:00:00+00:00
[2024-06-22T15:20:26.481+0000] {standard_task_runner.py:55} INFO - Started process 1206 to run task
[2024-06-22T15:20:26.499+0000] {standard_task_runner.py:82} INFO - Running: ['***', 'tasks', 'run', 'dynamic_tasks_dag', 'task_6', 'scheduled__2024-01-27T00:00:00+00:00', '--job-id', '613', '--raw', '--subdir', 'DAGS_FOLDER/dynamic_tasks.py', '--cfg-path', '/tmp/tmpzgb67pv5']
[2024-06-22T15:20:26.503+0000] {standard_task_runner.py:83} INFO - Job 613: Subtask task_6
[2024-06-22T15:20:26.652+0000] {task_command.py:376} INFO - Running <TaskInstance: dynamic_tasks_dag.task_6 scheduled__2024-01-27T00:00:00+00:00 [running]> on host 5f0aa929f7fe
[2024-06-22T15:20:26.777+0000] {taskinstance.py:1592} INFO - Exporting the following env vars:
AIRFLOW_CTX_DAG_OWNER=***
AIRFLOW_CTX_DAG_ID=dynamic_tasks_dag
AIRFLOW_CTX_TASK_ID=task_6
AIRFLOW_CTX_EXECUTION_DATE=2024-01-27T00:00:00+00:00
AIRFLOW_CTX_TRY_NUMBER=1
AIRFLOW_CTX_DAG_RUN_ID=scheduled__2024-01-27T00:00:00+00:00
[2024-06-22T15:20:26.789+0000] {subprocess.py:63} INFO - Tmp dir root location: 
 /tmp
[2024-06-22T15:20:26.790+0000] {subprocess.py:75} INFO - Running command: ['/bin/bash', '-c', "echo 'This is task 6'"]
[2024-06-22T15:20:26.812+0000] {subprocess.py:86} INFO - Output:
[2024-06-22T15:20:26.814+0000] {subprocess.py:93} INFO - This is task 6
[2024-06-22T15:20:26.816+0000] {subprocess.py:97} INFO - Command exited with return code 0
[2024-06-22T15:20:26.873+0000] {taskinstance.py:1406} INFO - Marking task as SUCCESS. dag_id=dynamic_tasks_dag, task_id=task_6, execution_date=20240127T000000, start_date=20240622T152026, end_date=20240622T152026
[2024-06-22T15:20:26.954+0000] {local_task_job.py:164} INFO - Task exited with return code 0
[2024-06-22T15:20:27.015+0000] {local_task_job.py:273} INFO - 1 downstream tasks scheduled from follow-on schedule check
