[2024-06-22T15:20:09.577+0000] {taskinstance.py:1165} INFO - Dependencies all met for <TaskInstance: dynamic_tasks_dag.task_10 scheduled__2024-01-03T00:00:00+00:00 [queued]>
[2024-06-22T15:20:09.590+0000] {taskinstance.py:1165} INFO - Dependencies all met for <TaskInstance: dynamic_tasks_dag.task_10 scheduled__2024-01-03T00:00:00+00:00 [queued]>
[2024-06-22T15:20:09.591+0000] {taskinstance.py:1362} INFO - 
--------------------------------------------------------------------------------
[2024-06-22T15:20:09.591+0000] {taskinstance.py:1363} INFO - Starting attempt 1 of 2
[2024-06-22T15:20:09.592+0000] {taskinstance.py:1364} INFO - 
--------------------------------------------------------------------------------
[2024-06-22T15:20:09.617+0000] {taskinstance.py:1383} INFO - Executing <Task(BashOperator): task_10> on 2024-01-03 00:00:00+00:00
[2024-06-22T15:20:09.623+0000] {standard_task_runner.py:82} INFO - Running: ['***', 'tasks', 'run', 'dynamic_tasks_dag', 'task_10', 'scheduled__2024-01-03T00:00:00+00:00', '--job-id', '483', '--raw', '--subdir', 'DAGS_FOLDER/dynamic_tasks.py', '--cfg-path', '/tmp/tmp_xpbk6kg']
[2024-06-22T15:20:09.633+0000] {standard_task_runner.py:83} INFO - Job 483: Subtask task_10
[2024-06-22T15:20:09.620+0000] {standard_task_runner.py:55} INFO - Started process 800 to run task
[2024-06-22T15:20:09.735+0000] {task_command.py:376} INFO - Running <TaskInstance: dynamic_tasks_dag.task_10 scheduled__2024-01-03T00:00:00+00:00 [running]> on host 5f0aa929f7fe
[2024-06-22T15:20:09.852+0000] {taskinstance.py:1592} INFO - Exporting the following env vars:
AIRFLOW_CTX_DAG_OWNER=***
AIRFLOW_CTX_DAG_ID=dynamic_tasks_dag
AIRFLOW_CTX_TASK_ID=task_10
AIRFLOW_CTX_EXECUTION_DATE=2024-01-03T00:00:00+00:00
AIRFLOW_CTX_TRY_NUMBER=1
AIRFLOW_CTX_DAG_RUN_ID=scheduled__2024-01-03T00:00:00+00:00
[2024-06-22T15:20:09.858+0000] {subprocess.py:63} INFO - Tmp dir root location: 
 /tmp
[2024-06-22T15:20:09.859+0000] {subprocess.py:75} INFO - Running command: ['/bin/bash', '-c', "echo 'This is task 10'"]
[2024-06-22T15:20:09.893+0000] {subprocess.py:86} INFO - Output:
[2024-06-22T15:20:09.899+0000] {subprocess.py:93} INFO - This is task 10
[2024-06-22T15:20:09.901+0000] {subprocess.py:97} INFO - Command exited with return code 0
[2024-06-22T15:20:09.937+0000] {taskinstance.py:1406} INFO - Marking task as SUCCESS. dag_id=dynamic_tasks_dag, task_id=task_10, execution_date=20240103T000000, start_date=20240622T152009, end_date=20240622T152009
[2024-06-22T15:20:09.984+0000] {local_task_job.py:164} INFO - Task exited with return code 0
[2024-06-22T15:20:10.003+0000] {local_task_job.py:273} INFO - 0 downstream tasks scheduled from follow-on schedule check
