[2024-06-22T15:20:29.217+0000] {taskinstance.py:1165} INFO - Dependencies all met for <TaskInstance: dynamic_tasks_dag.task_8 scheduled__2024-01-25T00:00:00+00:00 [queued]>
[2024-06-22T15:20:29.243+0000] {taskinstance.py:1165} INFO - Dependencies all met for <TaskInstance: dynamic_tasks_dag.task_8 scheduled__2024-01-25T00:00:00+00:00 [queued]>
[2024-06-22T15:20:29.243+0000] {taskinstance.py:1362} INFO - 
--------------------------------------------------------------------------------
[2024-06-22T15:20:29.253+0000] {taskinstance.py:1363} INFO - Starting attempt 1 of 2
[2024-06-22T15:20:29.257+0000] {taskinstance.py:1364} INFO - 
--------------------------------------------------------------------------------
[2024-06-22T15:20:29.294+0000] {taskinstance.py:1383} INFO - Executing <Task(BashOperator): task_8> on 2024-01-25 00:00:00+00:00
[2024-06-22T15:20:29.309+0000] {standard_task_runner.py:55} INFO - Started process 1288 to run task
[2024-06-22T15:20:29.351+0000] {standard_task_runner.py:82} INFO - Running: ['***', 'tasks', 'run', 'dynamic_tasks_dag', 'task_8', 'scheduled__2024-01-25T00:00:00+00:00', '--job-id', '644', '--raw', '--subdir', 'DAGS_FOLDER/dynamic_tasks.py', '--cfg-path', '/tmp/tmpl75pr82x']
[2024-06-22T15:20:29.358+0000] {standard_task_runner.py:83} INFO - Job 644: Subtask task_8
[2024-06-22T15:20:29.476+0000] {task_command.py:376} INFO - Running <TaskInstance: dynamic_tasks_dag.task_8 scheduled__2024-01-25T00:00:00+00:00 [running]> on host 5f0aa929f7fe
[2024-06-22T15:20:29.625+0000] {taskinstance.py:1592} INFO - Exporting the following env vars:
AIRFLOW_CTX_DAG_OWNER=***
AIRFLOW_CTX_DAG_ID=dynamic_tasks_dag
AIRFLOW_CTX_TASK_ID=task_8
AIRFLOW_CTX_EXECUTION_DATE=2024-01-25T00:00:00+00:00
AIRFLOW_CTX_TRY_NUMBER=1
AIRFLOW_CTX_DAG_RUN_ID=scheduled__2024-01-25T00:00:00+00:00
[2024-06-22T15:20:29.627+0000] {subprocess.py:63} INFO - Tmp dir root location: 
 /tmp
[2024-06-22T15:20:29.629+0000] {subprocess.py:75} INFO - Running command: ['/bin/bash', '-c', "echo 'This is task 8'"]
[2024-06-22T15:20:29.670+0000] {subprocess.py:86} INFO - Output:
[2024-06-22T15:20:29.675+0000] {subprocess.py:93} INFO - This is task 8
[2024-06-22T15:20:29.684+0000] {subprocess.py:97} INFO - Command exited with return code 0
[2024-06-22T15:20:29.732+0000] {taskinstance.py:1406} INFO - Marking task as SUCCESS. dag_id=dynamic_tasks_dag, task_id=task_8, execution_date=20240125T000000, start_date=20240622T152029, end_date=20240622T152029
[2024-06-22T15:20:29.768+0000] {local_task_job.py:164} INFO - Task exited with return code 0
[2024-06-22T15:20:29.805+0000] {local_task_job.py:273} INFO - 1 downstream tasks scheduled from follow-on schedule check
