[2024-06-12T03:43:46.320+0000] {taskinstance.py:1165} INFO - Dependencies all met for <TaskInstance: example_dag_with_callback.task5 manual__2024-06-12T03:43:41.648434+00:00 [queued]>
[2024-06-12T03:43:46.324+0000] {taskinstance.py:1165} INFO - Dependencies all met for <TaskInstance: example_dag_with_callback.task5 manual__2024-06-12T03:43:41.648434+00:00 [queued]>
[2024-06-12T03:43:46.325+0000] {taskinstance.py:1362} INFO - 
--------------------------------------------------------------------------------
[2024-06-12T03:43:46.325+0000] {taskinstance.py:1363} INFO - Starting attempt 1 of 1
[2024-06-12T03:43:46.325+0000] {taskinstance.py:1364} INFO - 
--------------------------------------------------------------------------------
[2024-06-12T03:43:46.331+0000] {taskinstance.py:1383} INFO - Executing <Task(PythonOperator): task5> on 2024-06-12 03:43:41.648434+00:00
[2024-06-12T03:43:46.335+0000] {standard_task_runner.py:55} INFO - Started process 1010 to run task
[2024-06-12T03:43:46.337+0000] {standard_task_runner.py:82} INFO - Running: ['***', 'tasks', 'run', 'example_dag_with_callback', 'task5', 'manual__2024-06-12T03:43:41.648434+00:00', '--job-id', '308', '--raw', '--subdir', 'DAGS_FOLDER/example_dag_with_callback.py', '--cfg-path', '/tmp/tmpq36cto8i']
[2024-06-12T03:43:46.337+0000] {standard_task_runner.py:83} INFO - Job 308: Subtask task5
[2024-06-12T03:43:46.373+0000] {task_command.py:376} INFO - Running <TaskInstance: example_dag_with_callback.task5 manual__2024-06-12T03:43:41.648434+00:00 [running]> on host 3eba8accb13f
[2024-06-12T03:43:46.406+0000] {taskinstance.py:1592} INFO - Exporting the following env vars:
AIRFLOW_CTX_DAG_OWNER=***
AIRFLOW_CTX_DAG_ID=example_dag_with_callback
AIRFLOW_CTX_TASK_ID=task5
AIRFLOW_CTX_EXECUTION_DATE=2024-06-12T03:43:41.648434+00:00
AIRFLOW_CTX_TRY_NUMBER=1
AIRFLOW_CTX_DAG_RUN_ID=manual__2024-06-12T03:43:41.648434+00:00
[2024-06-12T03:43:46.406+0000] {logging_mixin.py:120} INFO - Task 5 is completed
[2024-06-12T03:43:46.428+0000] {local_task_job.py:164} INFO - Task exited with return code 1
[2024-06-12T03:43:46.438+0000] {local_task_job.py:273} INFO - 0 downstream tasks scheduled from follow-on schedule check
