[2024-06-22T15:21:19.066+0000] {taskinstance.py:1165} INFO - Dependencies all met for <TaskInstance: dynamic_tasks_dag.task_2 scheduled__2024-03-07T00:00:00+00:00 [queued]>
[2024-06-22T15:21:19.080+0000] {taskinstance.py:1165} INFO - Dependencies all met for <TaskInstance: dynamic_tasks_dag.task_2 scheduled__2024-03-07T00:00:00+00:00 [queued]>
[2024-06-22T15:21:19.082+0000] {taskinstance.py:1362} INFO - 
--------------------------------------------------------------------------------
[2024-06-22T15:21:19.083+0000] {taskinstance.py:1363} INFO - Starting attempt 1 of 2
[2024-06-22T15:21:19.086+0000] {taskinstance.py:1364} INFO - 
--------------------------------------------------------------------------------
[2024-06-22T15:21:19.114+0000] {taskinstance.py:1383} INFO - Executing <Task(BashOperator): task_2> on 2024-03-07 00:00:00+00:00
[2024-06-22T15:21:19.120+0000] {standard_task_runner.py:55} INFO - Started process 2419 to run task
[2024-06-22T15:21:19.132+0000] {standard_task_runner.py:82} INFO - Running: ['***', 'tasks', 'run', 'dynamic_tasks_dag', 'task_2', 'scheduled__2024-03-07T00:00:00+00:00', '--job-id', '1009', '--raw', '--subdir', 'DAGS_FOLDER/dynamic_tasks.py', '--cfg-path', '/tmp/tmpchb6wk9j']
[2024-06-22T15:21:19.133+0000] {standard_task_runner.py:83} INFO - Job 1009: Subtask task_2
[2024-06-22T15:21:19.306+0000] {task_command.py:376} INFO - Running <TaskInstance: dynamic_tasks_dag.task_2 scheduled__2024-03-07T00:00:00+00:00 [running]> on host 5f0aa929f7fe
[2024-06-22T15:21:19.412+0000] {taskinstance.py:1592} INFO - Exporting the following env vars:
AIRFLOW_CTX_DAG_OWNER=***
AIRFLOW_CTX_DAG_ID=dynamic_tasks_dag
AIRFLOW_CTX_TASK_ID=task_2
AIRFLOW_CTX_EXECUTION_DATE=2024-03-07T00:00:00+00:00
AIRFLOW_CTX_TRY_NUMBER=1
AIRFLOW_CTX_DAG_RUN_ID=scheduled__2024-03-07T00:00:00+00:00
[2024-06-22T15:21:19.416+0000] {subprocess.py:63} INFO - Tmp dir root location: 
 /tmp
[2024-06-22T15:21:19.418+0000] {subprocess.py:75} INFO - Running command: ['/bin/bash', '-c', "echo 'This is task 2'"]
[2024-06-22T15:21:19.445+0000] {subprocess.py:86} INFO - Output:
[2024-06-22T15:21:19.451+0000] {subprocess.py:93} INFO - This is task 2
[2024-06-22T15:21:19.452+0000] {subprocess.py:97} INFO - Command exited with return code 0
[2024-06-22T15:21:19.485+0000] {taskinstance.py:1406} INFO - Marking task as SUCCESS. dag_id=dynamic_tasks_dag, task_id=task_2, execution_date=20240307T000000, start_date=20240622T152119, end_date=20240622T152119
[2024-06-22T15:21:19.584+0000] {local_task_job.py:164} INFO - Task exited with return code 0
[2024-06-22T15:21:19.652+0000] {local_task_job.py:273} INFO - 1 downstream tasks scheduled from follow-on schedule check
