[2024-06-22T15:31:25.326+0000] {taskinstance.py:1165} INFO - Dependencies all met for <TaskInstance: dynamic_tasks_dag.task_4 manual__2024-06-22T15:31:21.865190+00:00 [queued]>
[2024-06-22T15:31:25.331+0000] {taskinstance.py:1165} INFO - Dependencies all met for <TaskInstance: dynamic_tasks_dag.task_4 manual__2024-06-22T15:31:21.865190+00:00 [queued]>
[2024-06-22T15:31:25.331+0000] {taskinstance.py:1362} INFO - 
--------------------------------------------------------------------------------
[2024-06-22T15:31:25.331+0000] {taskinstance.py:1363} INFO - Starting attempt 1 of 2
[2024-06-22T15:31:25.331+0000] {taskinstance.py:1364} INFO - 
--------------------------------------------------------------------------------
[2024-06-22T15:31:25.338+0000] {taskinstance.py:1383} INFO - Executing <Task(BashOperator): task_4> on 2024-06-22 15:31:21.865190+00:00
[2024-06-22T15:31:25.341+0000] {standard_task_runner.py:55} INFO - Started process 3851 to run task
[2024-06-22T15:31:25.343+0000] {standard_task_runner.py:82} INFO - Running: ['***', 'tasks', 'run', 'dynamic_tasks_dag', 'task_4', 'manual__2024-06-22T15:31:21.865190+00:00', '--job-id', '1315', '--raw', '--subdir', 'DAGS_FOLDER/dynamic_tasks.py', '--cfg-path', '/tmp/tmpwcw_rk2l']
[2024-06-22T15:31:25.343+0000] {standard_task_runner.py:83} INFO - Job 1315: Subtask task_4
[2024-06-22T15:31:25.373+0000] {task_command.py:376} INFO - Running <TaskInstance: dynamic_tasks_dag.task_4 manual__2024-06-22T15:31:21.865190+00:00 [running]> on host 5f0aa929f7fe
[2024-06-22T15:31:25.409+0000] {taskinstance.py:1592} INFO - Exporting the following env vars:
AIRFLOW_CTX_DAG_OWNER=***
AIRFLOW_CTX_DAG_ID=dynamic_tasks_dag
AIRFLOW_CTX_TASK_ID=task_4
AIRFLOW_CTX_EXECUTION_DATE=2024-06-22T15:31:21.865190+00:00
AIRFLOW_CTX_TRY_NUMBER=1
AIRFLOW_CTX_DAG_RUN_ID=manual__2024-06-22T15:31:21.865190+00:00
[2024-06-22T15:31:25.410+0000] {subprocess.py:63} INFO - Tmp dir root location: 
 /tmp
[2024-06-22T15:31:25.410+0000] {subprocess.py:75} INFO - Running command: ['/bin/bash', '-c', "echo 'This is task 4'"]
[2024-06-22T15:31:25.416+0000] {subprocess.py:86} INFO - Output:
[2024-06-22T15:31:25.417+0000] {subprocess.py:93} INFO - This is task 4
[2024-06-22T15:31:25.417+0000] {subprocess.py:97} INFO - Command exited with return code 0
[2024-06-22T15:31:25.431+0000] {taskinstance.py:1406} INFO - Marking task as SUCCESS. dag_id=dynamic_tasks_dag, task_id=task_4, execution_date=20240622T153121, start_date=20240622T153125, end_date=20240622T153125
[2024-06-22T15:31:25.476+0000] {local_task_job.py:164} INFO - Task exited with return code 0
[2024-06-22T15:31:25.494+0000] {local_task_job.py:273} INFO - 1 downstream tasks scheduled from follow-on schedule check
